2026-04-15 18:12:44 | INFO | 1 | MacroEnergy | run_tools.jl:123 | Running case at C:\Users\apascale\OneDrive - Princeton University\Documents\GitHub\NZx_caseDev_MacroEP\electricity_fiveZ_8736_1p_nziShadow_stable
2026-04-15 18:12:44 | INFO | 1 | MacroEnergy | user_additions.jl:78 |  ++ Loading user additions from ..\NZx_caseDev_MacroEP\electricity_fiveZ_8736_1p_nziShadow_stable\user_additions
2026-04-15 18:12:44 | DEBUG | 1 | MacroEnergy | user_additions.jl:116 | No user additions files found in ..\NZx_caseDev_MacroEP\electricity_fiveZ_8736_1p_nziShadow_stable\user_additions
2026-04-15 18:12:44 | INFO | 1 | MacroEnergy | user_additions.jl:122 |  ++ Added user assets: 0
2026-04-15 18:12:44 | INFO | 1 | MacroEnergy | load_stages_data.jl:36 | Loading case from C:\Users\apascale\OneDrive - Princeton University\Documents\GitHub\NZx_caseDev_MacroEP\electricity_fiveZ_8736_1p_nziShadow_stable\system_data.json
2026-04-15 18:12:44 | INFO | 1 | MacroEnergy | load_system_data.jl:17 | Loading system data
2026-04-15 18:12:44 | DEBUG | 1 | MacroEnergy | load_system_data.jl:19 | Loading system data from C:\Users\apascale\OneDrive - Princeton University\Documents\GitHub\NZx_caseDev_MacroEP\electricity_fiveZ_8736_1p_nziShadow_stable\system_data.json
2026-04-15 18:12:44 | DEBUG | 1 | MacroEnergy | default_system_data.jl:42 | Loading system data from C:\Users\apascale\OneDrive - Princeton University\Documents\GitHub\NZx_caseDev_MacroEP\electricity_fiveZ_8736_1p_nziShadow_stable\system_data.json
2026-04-15 18:12:44 | DEBUG | 1 | MacroEnergy | default_system_data.jl:51 | Writing updated system data to C:\Users\apascale\OneDrive - Princeton University\Documents\GitHub\NZx_caseDev_MacroEP\electricity_fiveZ_8736_1p_nziShadow_stable\system_data.json
2026-04-15 18:12:45 | DEBUG | 1 | MacroEnergy | load_inputs.jl:2 | Loading JSON data from C:\Users\apascale\OneDrive - Princeton University\Documents\GitHub\NZx_caseDev_MacroEP\electricity_fiveZ_8736_1p_nziShadow_stable\system_data.json
2026-04-15 18:12:45 | DEBUG | 1 | MacroEnergy | load_json_inputs.jl:19 | Loading JSON data from C:\Users\apascale\OneDrive - Princeton University\Documents\GitHub\NZx_caseDev_MacroEP\electricity_fiveZ_8736_1p_nziShadow_stable\system_data.json
2026-04-15 18:12:45 | DEBUG | 1 | MacroEnergy | load_json_inputs.jl:103 | FETCHING DATA FROM: system/commodities.json
2026-04-15 18:12:45 | DEBUG | 1 | MacroEnergy | load_inputs.jl:2 | Loading JSON data from C:\Users\apascale\OneDrive - Princeton University\Documents\GitHub\NZx_caseDev_MacroEP\electricity_fiveZ_8736_1p_nziShadow_stable\system/commodities.json
2026-04-15 18:12:45 | DEBUG | 1 | MacroEnergy | load_json_inputs.jl:19 | Loading JSON data from C:\Users\apascale\OneDrive - Princeton University\Documents\GitHub\NZx_caseDev_MacroEP\electricity_fiveZ_8736_1p_nziShadow_stable\system/commodities.json
2026-04-15 18:12:45 | DEBUG | 1 | MacroEnergy | load_json_inputs.jl:103 | FETCHING DATA FROM: system/locations.json
2026-04-15 18:12:45 | DEBUG | 1 | MacroEnergy | load_inputs.jl:2 | Loading JSON data from C:\Users\apascale\OneDrive - Princeton University\Documents\GitHub\NZx_caseDev_MacroEP\electricity_fiveZ_8736_1p_nziShadow_stable\system/locations.json
2026-04-15 18:12:45 | DEBUG | 1 | MacroEnergy | load_json_inputs.jl:19 | Loading JSON data from C:\Users\apascale\OneDrive - Princeton University\Documents\GitHub\NZx_caseDev_MacroEP\electricity_fiveZ_8736_1p_nziShadow_stable\system/locations.json
2026-04-15 18:12:45 | DEBUG | 1 | MacroEnergy | load_json_inputs.jl:103 | FETCHING DATA FROM: settings/macro_settings.json
2026-04-15 18:12:45 | DEBUG | 1 | MacroEnergy | load_inputs.jl:2 | Loading JSON data from C:\Users\apascale\OneDrive - Princeton University\Documents\GitHub\NZx_caseDev_MacroEP\electricity_fiveZ_8736_1p_nziShadow_stable\settings/macro_settings.json
2026-04-15 18:12:45 | DEBUG | 1 | MacroEnergy | load_json_inputs.jl:19 | Loading JSON data from C:\Users\apascale\OneDrive - Princeton University\Documents\GitHub\NZx_caseDev_MacroEP\electricity_fiveZ_8736_1p_nziShadow_stable\settings/macro_settings.json
2026-04-15 18:12:45 | DEBUG | 1 | MacroEnergy | load_json_inputs.jl:103 | FETCHING DATA FROM: system/nodes.json
2026-04-15 18:12:45 | DEBUG | 1 | MacroEnergy | load_inputs.jl:2 | Loading JSON data from C:\Users\apascale\OneDrive - Princeton University\Documents\GitHub\NZx_caseDev_MacroEP\electricity_fiveZ_8736_1p_nziShadow_stable\system/nodes.json
2026-04-15 18:12:45 | DEBUG | 1 | MacroEnergy | load_json_inputs.jl:19 | Loading JSON data from C:\Users\apascale\OneDrive - Princeton University\Documents\GitHub\NZx_caseDev_MacroEP\electricity_fiveZ_8736_1p_nziShadow_stable\system/nodes.json
2026-04-15 18:12:45 | DEBUG | 1 | MacroEnergy | csv.jl:6 | Loading CSV data from C:\Users\apascale\OneDrive - Princeton University\Documents\GitHub\NZx_caseDev_MacroEP\electricity_fiveZ_8736_1p_nziShadow_stable\system/demand.csv
2026-04-15 18:12:46 | DEBUG | 1 | MacroEnergy | csv.jl:9 | Loading columns [:elec_demand_NR_p20_2024] from CSV data from C:\Users\apascale\OneDrive - Princeton University\Documents\GitHub\NZx_caseDev_MacroEP\electricity_fiveZ_8736_1p_nziShadow_stable\system/demand.csv
2026-04-15 18:12:46 | DEBUG | 1 | MacroEnergy | csv.jl:6 | Loading CSV data from C:\Users\apascale\OneDrive - Princeton University\Documents\GitHub\NZx_caseDev_MacroEP\electricity_fiveZ_8736_1p_nziShadow_stable\system/demand.csv
2026-04-15 18:12:46 | DEBUG | 1 | MacroEnergy | csv.jl:9 | Loading columns [:elec_demand_NER_p20_2024] from CSV data from C:\Users\apascale\OneDrive - Princeton University\Documents\GitHub\NZx_caseDev_MacroEP\electricity_fiveZ_8736_1p_nziShadow_stable\system/demand.csv
2026-04-15 18:12:46 | DEBUG | 1 | MacroEnergy | csv.jl:6 | Loading CSV data from C:\Users\apascale\OneDrive - Princeton University\Documents\GitHub\NZx_caseDev_MacroEP\electricity_fiveZ_8736_1p_nziShadow_stable\system/demand.csv
2026-04-15 18:12:46 | DEBUG | 1 | MacroEnergy | csv.jl:9 | Loading columns [:elec_demand_ER_p20_2024] from CSV data from C:\Users\apascale\OneDrive - Princeton University\Documents\GitHub\NZx_caseDev_MacroEP\electricity_fiveZ_8736_1p_nziShadow_stable\system/demand.csv
2026-04-15 18:12:46 | DEBUG | 1 | MacroEnergy | csv.jl:6 | Loading CSV data from C:\Users\apascale\OneDrive - Princeton University\Documents\GitHub\NZx_caseDev_MacroEP\electricity_fiveZ_8736_1p_nziShadow_stable\system/demand.csv
2026-04-15 18:12:47 | DEBUG | 1 | MacroEnergy | csv.jl:9 | Loading columns [:elec_demand_WR_p20_2024] from CSV data from C:\Users\apascale\OneDrive - Princeton University\Documents\GitHub\NZx_caseDev_MacroEP\electricity_fiveZ_8736_1p_nziShadow_stable\system/demand.csv
2026-04-15 18:12:47 | DEBUG | 1 | MacroEnergy | csv.jl:6 | Loading CSV data from C:\Users\apascale\OneDrive - Princeton University\Documents\GitHub\NZx_caseDev_MacroEP\electricity_fiveZ_8736_1p_nziShadow_stable\system/demand.csv
2026-04-15 18:12:47 | DEBUG | 1 | MacroEnergy | csv.jl:9 | Loading columns [:elec_demand_SR_p20_2024] from CSV data from C:\Users\apascale\OneDrive - Princeton University\Documents\GitHub\NZx_caseDev_MacroEP\electricity_fiveZ_8736_1p_nziShadow_stable\system/demand.csv
2026-04-15 18:12:47 | DEBUG | 1 | MacroEnergy | load_json_inputs.jl:103 | FETCHING DATA FROM: assets
2026-04-15 18:12:47 | DEBUG | 1 | MacroEnergy | load_json_inputs.jl:128 | Loading data from Biomass_5r_2024base.json
2026-04-15 18:12:47 | DEBUG | 1 | MacroEnergy | load_inputs.jl:2 | Loading JSON data from C:\Users\apascale\OneDrive - Princeton University\Documents\GitHub\NZx_caseDev_MacroEP\electricity_fiveZ_8736_1p_nziShadow_stable\assets\Biomass_5r_2024base.json
2026-04-15 18:12:47 | DEBUG | 1 | MacroEnergy | load_json_inputs.jl:19 | Loading JSON data from C:\Users\apascale\OneDrive - Princeton University\Documents\GitHub\NZx_caseDev_MacroEP\electricity_fiveZ_8736_1p_nziShadow_stable\assets\Biomass_5r_2024base.json
2026-04-15 18:12:47 | DEBUG | 1 | MacroEnergy | csv.jl:6 | Loading CSV data from C:\Users\apascale\OneDrive - Princeton University\Documents\GitHub\NZx_caseDev_MacroEP\electricity_fiveZ_8736_1p_nziShadow_stable\system/availability_PIER8760_5period.csv
2026-04-15 18:12:48 | DEBUG | 1 | MacroEnergy | csv.jl:9 | Loading columns [:EG_BIOMASS_ALL_ALL] from CSV data from C:\Users\apascale\OneDrive - Princeton University\Documents\GitHub\NZx_caseDev_MacroEP\electricity_fiveZ_8736_1p_nziShadow_stable\system/availability_PIER8760_5period.csv
2026-04-15 18:12:48 | DEBUG | 1 | MacroEnergy | load_json_inputs.jl:128 | Loading data from Coal_5r_2024base.json
2026-04-15 18:12:48 | DEBUG | 1 | MacroEnergy | load_inputs.jl:2 | Loading JSON data from C:\Users\apascale\OneDrive - Princeton University\Documents\GitHub\NZx_caseDev_MacroEP\electricity_fiveZ_8736_1p_nziShadow_stable\assets\Coal_5r_2024base.json
2026-04-15 18:12:48 | DEBUG | 1 | MacroEnergy | load_json_inputs.jl:19 | Loading JSON data from C:\Users\apascale\OneDrive - Princeton University\Documents\GitHub\NZx_caseDev_MacroEP\electricity_fiveZ_8736_1p_nziShadow_stable\assets\Coal_5r_2024base.json
2026-04-15 18:12:48 | DEBUG | 1 | MacroEnergy | csv.jl:6 | Loading CSV data from C:\Users\apascale\OneDrive - Princeton University\Documents\GitHub\NZx_caseDev_MacroEP\electricity_fiveZ_8736_1p_nziShadow_stable\system/availability_PIER8760_5period.csv
2026-04-15 18:12:48 | DEBUG | 1 | MacroEnergy | csv.jl:9 | Loading columns [:EG_COAL_ALL_ALL] from CSV data from C:\Users\apascale\OneDrive - Princeton University\Documents\GitHub\NZx_caseDev_MacroEP\electricity_fiveZ_8736_1p_nziShadow_stable\system/availability_PIER8760_5period.csv
2026-04-15 18:12:48 | DEBUG | 1 | MacroEnergy | load_json_inputs.jl:128 | Loading data from Largehydro_5r_2024base.json
2026-04-15 18:12:48 | DEBUG | 1 | MacroEnergy | load_inputs.jl:2 | Loading JSON data from C:\Users\apascale\OneDrive - Princeton University\Documents\GitHub\NZx_caseDev_MacroEP\electricity_fiveZ_8736_1p_nziShadow_stable\assets\Largehydro_5r_2024base.json
2026-04-15 18:12:48 | DEBUG | 1 | MacroEnergy | load_json_inputs.jl:19 | Loading JSON data from C:\Users\apascale\OneDrive - Princeton University\Documents\GitHub\NZx_caseDev_MacroEP\electricity_fiveZ_8736_1p_nziShadow_stable\assets\Largehydro_5r_2024base.json
2026-04-15 18:12:48 | DEBUG | 1 | MacroEnergy | csv.jl:6 | Loading CSV data from C:\Users\apascale\OneDrive - Princeton University\Documents\GitHub\NZx_caseDev_MacroEP\electricity_fiveZ_8736_1p_nziShadow_stable\system/availability_PIER8760_5period.csv
2026-04-15 18:12:49 | DEBUG | 1 | MacroEnergy | csv.jl:9 | Loading columns [:EG_LH_ALL_ALL] from CSV data from C:\Users\apascale\OneDrive - Princeton University\Documents\GitHub\NZx_caseDev_MacroEP\electricity_fiveZ_8736_1p_nziShadow_stable\system/availability_PIER8760_5period.csv
2026-04-15 18:12:49 | DEBUG | 1 | MacroEnergy | load_json_inputs.jl:128 | Loading data from NaturalGas_CCGT_5r_2024base.json
2026-04-15 18:12:49 | DEBUG | 1 | MacroEnergy | load_inputs.jl:2 | Loading JSON data from C:\Users\apascale\OneDrive - Princeton University\Documents\GitHub\NZx_caseDev_MacroEP\electricity_fiveZ_8736_1p_nziShadow_stable\assets\NaturalGas_CCGT_5r_2024base.json
2026-04-15 18:12:49 | DEBUG | 1 | MacroEnergy | load_json_inputs.jl:19 | Loading JSON data from C:\Users\apascale\OneDrive - Princeton University\Documents\GitHub\NZx_caseDev_MacroEP\electricity_fiveZ_8736_1p_nziShadow_stable\assets\NaturalGas_CCGT_5r_2024base.json
2026-04-15 18:12:49 | DEBUG | 1 | MacroEnergy | csv.jl:6 | Loading CSV data from C:\Users\apascale\OneDrive - Princeton University\Documents\GitHub\NZx_caseDev_MacroEP\electricity_fiveZ_8736_1p_nziShadow_stable\system/availability_PIER8760_5period.csv
2026-04-15 18:12:49 | DEBUG | 1 | MacroEnergy | csv.jl:9 | Loading columns [:EG_CCGT_ALL_ALL] from CSV data from C:\Users\apascale\OneDrive - Princeton University\Documents\GitHub\NZx_caseDev_MacroEP\electricity_fiveZ_8736_1p_nziShadow_stable\system/availability_PIER8760_5period.csv
2026-04-15 18:12:49 | DEBUG | 1 | MacroEnergy | load_json_inputs.jl:128 | Loading data from NaturalGas_OCGT_5r_2024base.json
2026-04-15 18:12:49 | DEBUG | 1 | MacroEnergy | load_inputs.jl:2 | Loading JSON data from C:\Users\apascale\OneDrive - Princeton University\Documents\GitHub\NZx_caseDev_MacroEP\electricity_fiveZ_8736_1p_nziShadow_stable\assets\NaturalGas_OCGT_5r_2024base.json
2026-04-15 18:12:49 | DEBUG | 1 | MacroEnergy | load_json_inputs.jl:19 | Loading JSON data from C:\Users\apascale\OneDrive - Princeton University\Documents\GitHub\NZx_caseDev_MacroEP\electricity_fiveZ_8736_1p_nziShadow_stable\assets\NaturalGas_OCGT_5r_2024base.json
2026-04-15 18:12:49 | DEBUG | 1 | MacroEnergy | csv.jl:6 | Loading CSV data from C:\Users\apascale\OneDrive - Princeton University\Documents\GitHub\NZx_caseDev_MacroEP\electricity_fiveZ_8736_1p_nziShadow_stable\system/availability_PIER8760_5period.csv
2026-04-15 18:12:50 | DEBUG | 1 | MacroEnergy | csv.jl:9 | Loading columns [:EG_OCGT_ALL_ALL] from CSV data from C:\Users\apascale\OneDrive - Princeton University\Documents\GitHub\NZx_caseDev_MacroEP\electricity_fiveZ_8736_1p_nziShadow_stable\system/availability_PIER8760_5period.csv
2026-04-15 18:12:50 | DEBUG | 1 | MacroEnergy | load_json_inputs.jl:128 | Loading data from Nuclear_PHWR_5r_2024base_36upDown.json
2026-04-15 18:12:50 | DEBUG | 1 | MacroEnergy | load_inputs.jl:2 | Loading JSON data from C:\Users\apascale\OneDrive - Princeton University\Documents\GitHub\NZx_caseDev_MacroEP\electricity_fiveZ_8736_1p_nziShadow_stable\assets\Nuclear_PHWR_5r_2024base_36upDown.json
2026-04-15 18:12:50 | DEBUG | 1 | MacroEnergy | load_json_inputs.jl:19 | Loading JSON data from C:\Users\apascale\OneDrive - Princeton University\Documents\GitHub\NZx_caseDev_MacroEP\electricity_fiveZ_8736_1p_nziShadow_stable\assets\Nuclear_PHWR_5r_2024base_36upDown.json
2026-04-15 18:12:50 | DEBUG | 1 | MacroEnergy | csv.jl:6 | Loading CSV data from C:\Users\apascale\OneDrive - Princeton University\Documents\GitHub\NZx_caseDev_MacroEP\electricity_fiveZ_8736_1p_nziShadow_stable\system/availability_PIER8760_5period.csv
2026-04-15 18:12:51 | DEBUG | 1 | MacroEnergy | csv.jl:9 | Loading columns [:EG_PHWR_ALL_ALL] from CSV data from C:\Users\apascale\OneDrive - Princeton University\Documents\GitHub\NZx_caseDev_MacroEP\electricity_fiveZ_8736_1p_nziShadow_stable\system/availability_PIER8760_5period.csv
2026-04-15 18:12:51 | DEBUG | 1 | MacroEnergy | load_json_inputs.jl:128 | Loading data from Nuclear_SMR_5r_2024base_36hrupDown.json
2026-04-15 18:12:51 | DEBUG | 1 | MacroEnergy | load_inputs.jl:2 | Loading JSON data from C:\Users\apascale\OneDrive - Princeton University\Documents\GitHub\NZx_caseDev_MacroEP\electricity_fiveZ_8736_1p_nziShadow_stable\assets\Nuclear_SMR_5r_2024base_36hrupDown.json
2026-04-15 18:12:51 | DEBUG | 1 | MacroEnergy | load_json_inputs.jl:19 | Loading JSON data from C:\Users\apascale\OneDrive - Princeton University\Documents\GitHub\NZx_caseDev_MacroEP\electricity_fiveZ_8736_1p_nziShadow_stable\assets\Nuclear_SMR_5r_2024base_36hrupDown.json
2026-04-15 18:12:51 | DEBUG | 1 | MacroEnergy | csv.jl:6 | Loading CSV data from C:\Users\apascale\OneDrive - Princeton University\Documents\GitHub\NZx_caseDev_MacroEP\electricity_fiveZ_8736_1p_nziShadow_stable\system/availability_PIER8760_5period.csv
2026-04-15 18:12:51 | DEBUG | 1 | MacroEnergy | csv.jl:9 | Loading columns [:EG_SMR_ALL_ALL] from CSV data from C:\Users\apascale\OneDrive - Princeton University\Documents\GitHub\NZx_caseDev_MacroEP\electricity_fiveZ_8736_1p_nziShadow_stable\system/availability_PIER8760_5period.csv
2026-04-15 18:12:51 | DEBUG | 1 | MacroEnergy | load_json_inputs.jl:128 | Loading data from Smallhydro_5r_2024.json
2026-04-15 18:12:51 | DEBUG | 1 | MacroEnergy | load_inputs.jl:2 | Loading JSON data from C:\Users\apascale\OneDrive - Princeton University\Documents\GitHub\NZx_caseDev_MacroEP\electricity_fiveZ_8736_1p_nziShadow_stable\assets\Smallhydro_5r_2024.json
2026-04-15 18:12:51 | DEBUG | 1 | MacroEnergy | load_json_inputs.jl:19 | Loading JSON data from C:\Users\apascale\OneDrive - Princeton University\Documents\GitHub\NZx_caseDev_MacroEP\electricity_fiveZ_8736_1p_nziShadow_stable\assets\Smallhydro_5r_2024.json
2026-04-15 18:12:51 | DEBUG | 1 | MacroEnergy | csv.jl:6 | Loading CSV data from C:\Users\apascale\OneDrive - Princeton University\Documents\GitHub\NZx_caseDev_MacroEP\electricity_fiveZ_8736_1p_nziShadow_stable\system/availability_PIER8760_5period.csv
2026-04-15 18:12:52 | DEBUG | 1 | MacroEnergy | csv.jl:9 | Loading columns [:EG_SH_ALL_ALL] from CSV data from C:\Users\apascale\OneDrive - Princeton University\Documents\GitHub\NZx_caseDev_MacroEP\electricity_fiveZ_8736_1p_nziShadow_stable\system/availability_PIER8760_5period.csv
2026-04-15 18:12:52 | DEBUG | 1 | MacroEnergy | load_json_inputs.jl:128 | Loading data from electricityStorage_batteryPumpedHydro_5r_unlimCapped.json
2026-04-15 18:12:52 | DEBUG | 1 | MacroEnergy | load_inputs.jl:2 | Loading JSON data from C:\Users\apascale\OneDrive - Princeton University\Documents\GitHub\NZx_caseDev_MacroEP\electricity_fiveZ_8736_1p_nziShadow_stable\assets\electricityStorage_batteryPumpedHydro_5r_unlimCapped.json
2026-04-15 18:12:52 | DEBUG | 1 | MacroEnergy | load_json_inputs.jl:19 | Loading JSON data from C:\Users\apascale\OneDrive - Princeton University\Documents\GitHub\NZx_caseDev_MacroEP\electricity_fiveZ_8736_1p_nziShadow_stable\assets\electricityStorage_batteryPumpedHydro_5r_unlimCapped.json
2026-04-15 18:12:52 | DEBUG | 1 | MacroEnergy | load_json_inputs.jl:128 | Loading data from transmission.json
2026-04-15 18:12:52 | DEBUG | 1 | MacroEnergy | load_inputs.jl:2 | Loading JSON data from C:\Users\apascale\OneDrive - Princeton University\Documents\GitHub\NZx_caseDev_MacroEP\electricity_fiveZ_8736_1p_nziShadow_stable\assets\transmission.json
2026-04-15 18:12:52 | DEBUG | 1 | MacroEnergy | load_json_inputs.jl:19 | Loading JSON data from C:\Users\apascale\OneDrive - Princeton University\Documents\GitHub\NZx_caseDev_MacroEP\electricity_fiveZ_8736_1p_nziShadow_stable\assets\transmission.json
2026-04-15 18:12:52 | DEBUG | 1 | MacroEnergy | load_json_inputs.jl:128 | Loading data from vre_solar_Groundmounted_5r_2024base.json
2026-04-15 18:12:52 | DEBUG | 1 | MacroEnergy | load_inputs.jl:2 | Loading JSON data from C:\Users\apascale\OneDrive - Princeton University\Documents\GitHub\NZx_caseDev_MacroEP\electricity_fiveZ_8736_1p_nziShadow_stable\assets\vre_solar_Groundmounted_5r_2024base.json
2026-04-15 18:12:52 | DEBUG | 1 | MacroEnergy | load_json_inputs.jl:19 | Loading JSON data from C:\Users\apascale\OneDrive - Princeton University\Documents\GitHub\NZx_caseDev_MacroEP\electricity_fiveZ_8736_1p_nziShadow_stable\assets\vre_solar_Groundmounted_5r_2024base.json
2026-04-15 18:12:52 | DEBUG | 1 | MacroEnergy | csv.jl:6 | Loading CSV data from C:\Users\apascale\OneDrive - Princeton University\Documents\GitHub\NZx_caseDev_MacroEP\electricity_fiveZ_8736_1p_nziShadow_stable\system/availability_PIER8760_5period.csv
2026-04-15 18:12:53 | DEBUG | 1 | MacroEnergy | csv.jl:9 | Loading columns [:EG_SOLARGM_2024_NR] from CSV data from C:\Users\apascale\OneDrive - Princeton University\Documents\GitHub\NZx_caseDev_MacroEP\electricity_fiveZ_8736_1p_nziShadow_stable\system/availability_PIER8760_5period.csv
2026-04-15 18:12:53 | DEBUG | 1 | MacroEnergy | csv.jl:6 | Loading CSV data from C:\Users\apascale\OneDrive - Princeton University\Documents\GitHub\NZx_caseDev_MacroEP\electricity_fiveZ_8736_1p_nziShadow_stable\system/availability_PIER8760_5period.csv
2026-04-15 18:12:53 | DEBUG | 1 | MacroEnergy | csv.jl:9 | Loading columns [:EG_SOLARGM_2024_NER] from CSV data from C:\Users\apascale\OneDrive - Princeton University\Documents\GitHub\NZx_caseDev_MacroEP\electricity_fiveZ_8736_1p_nziShadow_stable\system/availability_PIER8760_5period.csv
2026-04-15 18:12:53 | DEBUG | 1 | MacroEnergy | csv.jl:6 | Loading CSV data from C:\Users\apascale\OneDrive - Princeton University\Documents\GitHub\NZx_caseDev_MacroEP\electricity_fiveZ_8736_1p_nziShadow_stable\system/availability_PIER8760_5period.csv
2026-04-15 18:12:54 | DEBUG | 1 | MacroEnergy | csv.jl:9 | Loading columns [:EG_SOLARGM_2024_ER] from CSV data from C:\Users\apascale\OneDrive - Princeton University\Documents\GitHub\NZx_caseDev_MacroEP\electricity_fiveZ_8736_1p_nziShadow_stable\system/availability_PIER8760_5period.csv
2026-04-15 18:12:54 | DEBUG | 1 | MacroEnergy | csv.jl:6 | Loading CSV data from C:\Users\apascale\OneDrive - Princeton University\Documents\GitHub\NZx_caseDev_MacroEP\electricity_fiveZ_8736_1p_nziShadow_stable\system/availability_PIER8760_5period.csv
2026-04-15 18:12:55 | DEBUG | 1 | MacroEnergy | csv.jl:9 | Loading columns [:EG_SOLARGM_2024_WR] from CSV data from C:\Users\apascale\OneDrive - Princeton University\Documents\GitHub\NZx_caseDev_MacroEP\electricity_fiveZ_8736_1p_nziShadow_stable\system/availability_PIER8760_5period.csv
2026-04-15 18:12:55 | DEBUG | 1 | MacroEnergy | csv.jl:6 | Loading CSV data from C:\Users\apascale\OneDrive - Princeton University\Documents\GitHub\NZx_caseDev_MacroEP\electricity_fiveZ_8736_1p_nziShadow_stable\system/availability_PIER8760_5period.csv
2026-04-15 18:12:55 | DEBUG | 1 | MacroEnergy | csv.jl:9 | Loading columns [:EG_SOLARGM_2024_SR] from CSV data from C:\Users\apascale\OneDrive - Princeton University\Documents\GitHub\NZx_caseDev_MacroEP\electricity_fiveZ_8736_1p_nziShadow_stable\system/availability_PIER8760_5period.csv
2026-04-15 18:12:55 | DEBUG | 1 | MacroEnergy | load_json_inputs.jl:128 | Loading data from vre_solar_Rooftop_5r_2024base.json
2026-04-15 18:12:55 | DEBUG | 1 | MacroEnergy | load_inputs.jl:2 | Loading JSON data from C:\Users\apascale\OneDrive - Princeton University\Documents\GitHub\NZx_caseDev_MacroEP\electricity_fiveZ_8736_1p_nziShadow_stable\assets\vre_solar_Rooftop_5r_2024base.json
2026-04-15 18:12:55 | DEBUG | 1 | MacroEnergy | load_json_inputs.jl:19 | Loading JSON data from C:\Users\apascale\OneDrive - Princeton University\Documents\GitHub\NZx_caseDev_MacroEP\electricity_fiveZ_8736_1p_nziShadow_stable\assets\vre_solar_Rooftop_5r_2024base.json
2026-04-15 18:12:55 | DEBUG | 1 | MacroEnergy | csv.jl:6 | Loading CSV data from C:\Users\apascale\OneDrive - Princeton University\Documents\GitHub\NZx_caseDev_MacroEP\electricity_fiveZ_8736_1p_nziShadow_stable\system/availability_PIER8760_5period.csv
2026-04-15 18:12:56 | DEBUG | 1 | MacroEnergy | csv.jl:9 | Loading columns [:EG_SOLARRF_2024_NR] from CSV data from C:\Users\apascale\OneDrive - Princeton University\Documents\GitHub\NZx_caseDev_MacroEP\electricity_fiveZ_8736_1p_nziShadow_stable\system/availability_PIER8760_5period.csv
2026-04-15 18:12:56 | DEBUG | 1 | MacroEnergy | csv.jl:6 | Loading CSV data from C:\Users\apascale\OneDrive - Princeton University\Documents\GitHub\NZx_caseDev_MacroEP\electricity_fiveZ_8736_1p_nziShadow_stable\system/availability_PIER8760_5period.csv
2026-04-15 18:12:56 | DEBUG | 1 | MacroEnergy | csv.jl:9 | Loading columns [:EG_SOLARRF_2024_NER] from CSV data from C:\Users\apascale\OneDrive - Princeton University\Documents\GitHub\NZx_caseDev_MacroEP\electricity_fiveZ_8736_1p_nziShadow_stable\system/availability_PIER8760_5period.csv
2026-04-15 18:12:56 | DEBUG | 1 | MacroEnergy | csv.jl:6 | Loading CSV data from C:\Users\apascale\OneDrive - Princeton University\Documents\GitHub\NZx_caseDev_MacroEP\electricity_fiveZ_8736_1p_nziShadow_stable\system/availability_PIER8760_5period.csv
2026-04-15 18:12:57 | DEBUG | 1 | MacroEnergy | csv.jl:9 | Loading columns [:EG_SOLARRF_2024_ER] from CSV data from C:\Users\apascale\OneDrive - Princeton University\Documents\GitHub\NZx_caseDev_MacroEP\electricity_fiveZ_8736_1p_nziShadow_stable\system/availability_PIER8760_5period.csv
2026-04-15 18:12:57 | DEBUG | 1 | MacroEnergy | csv.jl:6 | Loading CSV data from C:\Users\apascale\OneDrive - Princeton University\Documents\GitHub\NZx_caseDev_MacroEP\electricity_fiveZ_8736_1p_nziShadow_stable\system/availability_PIER8760_5period.csv
2026-04-15 18:12:58 | DEBUG | 1 | MacroEnergy | csv.jl:9 | Loading columns [:EG_SOLARRF_2024_WR] from CSV data from C:\Users\apascale\OneDrive - Princeton University\Documents\GitHub\NZx_caseDev_MacroEP\electricity_fiveZ_8736_1p_nziShadow_stable\system/availability_PIER8760_5period.csv
2026-04-15 18:12:58 | DEBUG | 1 | MacroEnergy | csv.jl:6 | Loading CSV data from C:\Users\apascale\OneDrive - Princeton University\Documents\GitHub\NZx_caseDev_MacroEP\electricity_fiveZ_8736_1p_nziShadow_stable\system/availability_PIER8760_5period.csv
2026-04-15 18:12:58 | DEBUG | 1 | MacroEnergy | csv.jl:9 | Loading columns [:EG_SOLARRF_2024_SR] from CSV data from C:\Users\apascale\OneDrive - Princeton University\Documents\GitHub\NZx_caseDev_MacroEP\electricity_fiveZ_8736_1p_nziShadow_stable\system/availability_PIER8760_5period.csv
2026-04-15 18:12:58 | DEBUG | 1 | MacroEnergy | load_json_inputs.jl:128 | Loading data from vre_wind_OFFShore_5r_2024base.json
2026-04-15 18:12:58 | DEBUG | 1 | MacroEnergy | load_inputs.jl:2 | Loading JSON data from C:\Users\apascale\OneDrive - Princeton University\Documents\GitHub\NZx_caseDev_MacroEP\electricity_fiveZ_8736_1p_nziShadow_stable\assets\vre_wind_OFFShore_5r_2024base.json
2026-04-15 18:12:58 | DEBUG | 1 | MacroEnergy | load_json_inputs.jl:19 | Loading JSON data from C:\Users\apascale\OneDrive - Princeton University\Documents\GitHub\NZx_caseDev_MacroEP\electricity_fiveZ_8736_1p_nziShadow_stable\assets\vre_wind_OFFShore_5r_2024base.json
2026-04-15 18:12:58 | DEBUG | 1 | MacroEnergy | csv.jl:6 | Loading CSV data from C:\Users\apascale\OneDrive - Princeton University\Documents\GitHub\NZx_caseDev_MacroEP\electricity_fiveZ_8736_1p_nziShadow_stable\system/availability_PIER8760_5period.csv
2026-04-15 18:12:59 | DEBUG | 1 | MacroEnergy | csv.jl:9 | Loading columns [:EG_WINDOFF_ALL_ER] from CSV data from C:\Users\apascale\OneDrive - Princeton University\Documents\GitHub\NZx_caseDev_MacroEP\electricity_fiveZ_8736_1p_nziShadow_stable\system/availability_PIER8760_5period.csv
2026-04-15 18:12:59 | DEBUG | 1 | MacroEnergy | csv.jl:6 | Loading CSV data from C:\Users\apascale\OneDrive - Princeton University\Documents\GitHub\NZx_caseDev_MacroEP\electricity_fiveZ_8736_1p_nziShadow_stable\system/availability_PIER8760_5period.csv
2026-04-15 18:13:00 | DEBUG | 1 | MacroEnergy | csv.jl:9 | Loading columns [:EG_WINDOFF_ALL_WR] from CSV data from C:\Users\apascale\OneDrive - Princeton University\Documents\GitHub\NZx_caseDev_MacroEP\electricity_fiveZ_8736_1p_nziShadow_stable\system/availability_PIER8760_5period.csv
2026-04-15 18:13:00 | DEBUG | 1 | MacroEnergy | csv.jl:6 | Loading CSV data from C:\Users\apascale\OneDrive - Princeton University\Documents\GitHub\NZx_caseDev_MacroEP\electricity_fiveZ_8736_1p_nziShadow_stable\system/availability_PIER8760_5period.csv
2026-04-15 18:13:00 | DEBUG | 1 | MacroEnergy | csv.jl:9 | Loading columns [:EG_WINDOFF_ALL_SR] from CSV data from C:\Users\apascale\OneDrive - Princeton University\Documents\GitHub\NZx_caseDev_MacroEP\electricity_fiveZ_8736_1p_nziShadow_stable\system/availability_PIER8760_5period.csv
2026-04-15 18:13:00 | DEBUG | 1 | MacroEnergy | load_json_inputs.jl:128 | Loading data from vre_wind_ONShore_5r_2024base.json
2026-04-15 18:13:00 | DEBUG | 1 | MacroEnergy | load_inputs.jl:2 | Loading JSON data from C:\Users\apascale\OneDrive - Princeton University\Documents\GitHub\NZx_caseDev_MacroEP\electricity_fiveZ_8736_1p_nziShadow_stable\assets\vre_wind_ONShore_5r_2024base.json
2026-04-15 18:13:00 | DEBUG | 1 | MacroEnergy | load_json_inputs.jl:19 | Loading JSON data from C:\Users\apascale\OneDrive - Princeton University\Documents\GitHub\NZx_caseDev_MacroEP\electricity_fiveZ_8736_1p_nziShadow_stable\assets\vre_wind_ONShore_5r_2024base.json
2026-04-15 18:13:00 | DEBUG | 1 | MacroEnergy | csv.jl:6 | Loading CSV data from C:\Users\apascale\OneDrive - Princeton University\Documents\GitHub\NZx_caseDev_MacroEP\electricity_fiveZ_8736_1p_nziShadow_stable\system/availability_PIER8760_5period.csv
2026-04-15 18:13:01 | DEBUG | 1 | MacroEnergy | csv.jl:9 | Loading columns [:EG_WINDON_2024_NR] from CSV data from C:\Users\apascale\OneDrive - Princeton University\Documents\GitHub\NZx_caseDev_MacroEP\electricity_fiveZ_8736_1p_nziShadow_stable\system/availability_PIER8760_5period.csv
2026-04-15 18:13:01 | DEBUG | 1 | MacroEnergy | csv.jl:6 | Loading CSV data from C:\Users\apascale\OneDrive - Princeton University\Documents\GitHub\NZx_caseDev_MacroEP\electricity_fiveZ_8736_1p_nziShadow_stable\system/availability_PIER8760_5period.csv
2026-04-15 18:13:01 | DEBUG | 1 | MacroEnergy | csv.jl:9 | Loading columns [:EG_WINDON_2024_NER] from CSV data from C:\Users\apascale\OneDrive - Princeton University\Documents\GitHub\NZx_caseDev_MacroEP\electricity_fiveZ_8736_1p_nziShadow_stable\system/availability_PIER8760_5period.csv
2026-04-15 18:13:01 | DEBUG | 1 | MacroEnergy | csv.jl:6 | Loading CSV data from C:\Users\apascale\OneDrive - Princeton University\Documents\GitHub\NZx_caseDev_MacroEP\electricity_fiveZ_8736_1p_nziShadow_stable\system/availability_PIER8760_5period.csv
2026-04-15 18:13:02 | DEBUG | 1 | MacroEnergy | csv.jl:9 | Loading columns [:EG_WINDON_2024_ER] from CSV data from C:\Users\apascale\OneDrive - Princeton University\Documents\GitHub\NZx_caseDev_MacroEP\electricity_fiveZ_8736_1p_nziShadow_stable\system/availability_PIER8760_5period.csv
2026-04-15 18:13:02 | DEBUG | 1 | MacroEnergy | csv.jl:6 | Loading CSV data from C:\Users\apascale\OneDrive - Princeton University\Documents\GitHub\NZx_caseDev_MacroEP\electricity_fiveZ_8736_1p_nziShadow_stable\system/availability_PIER8760_5period.csv
2026-04-15 18:13:03 | DEBUG | 1 | MacroEnergy | csv.jl:9 | Loading columns [:EG_WINDON_2024_WR] from CSV data from C:\Users\apascale\OneDrive - Princeton University\Documents\GitHub\NZx_caseDev_MacroEP\electricity_fiveZ_8736_1p_nziShadow_stable\system/availability_PIER8760_5period.csv
2026-04-15 18:13:03 | DEBUG | 1 | MacroEnergy | csv.jl:6 | Loading CSV data from C:\Users\apascale\OneDrive - Princeton University\Documents\GitHub\NZx_caseDev_MacroEP\electricity_fiveZ_8736_1p_nziShadow_stable\system/availability_PIER8760_5period.csv
2026-04-15 18:13:03 | DEBUG | 1 | MacroEnergy | csv.jl:9 | Loading columns [:EG_WINDON_2024_SR] from CSV data from C:\Users\apascale\OneDrive - Princeton University\Documents\GitHub\NZx_caseDev_MacroEP\electricity_fiveZ_8736_1p_nziShadow_stable\system/availability_PIER8760_5period.csv
2026-04-15 18:13:03 | DEBUG | 1 | MacroEnergy | load_json_inputs.jl:103 | FETCHING DATA FROM: system/time_data.json
2026-04-15 18:13:03 | DEBUG | 1 | MacroEnergy | load_inputs.jl:2 | Loading JSON data from C:\Users\apascale\OneDrive - Princeton University\Documents\GitHub\NZx_caseDev_MacroEP\electricity_fiveZ_8736_1p_nziShadow_stable\system/time_data.json
2026-04-15 18:13:03 | DEBUG | 1 | MacroEnergy | load_json_inputs.jl:19 | Loading JSON data from C:\Users\apascale\OneDrive - Princeton University\Documents\GitHub\NZx_caseDev_MacroEP\electricity_fiveZ_8736_1p_nziShadow_stable\system/time_data.json
2026-04-15 18:13:03 | DEBUG | 1 | MacroEnergy | load_json_inputs.jl:103 | FETCHING DATA FROM: settings/case_settings.json
2026-04-15 18:13:03 | DEBUG | 1 | MacroEnergy | load_inputs.jl:2 | Loading JSON data from C:\Users\apascale\OneDrive - Princeton University\Documents\GitHub\NZx_caseDev_MacroEP\electricity_fiveZ_8736_1p_nziShadow_stable\settings/case_settings.json
2026-04-15 18:13:03 | DEBUG | 1 | MacroEnergy | load_json_inputs.jl:19 | Loading JSON data from C:\Users\apascale\OneDrive - Princeton University\Documents\GitHub\NZx_caseDev_MacroEP\electricity_fiveZ_8736_1p_nziShadow_stable\settings/case_settings.json
2026-04-15 18:13:03 | INFO | 1 | MacroEnergy | load_system_data.jl:25 | Done loading system data. It took 19.31 seconds
2026-04-15 18:13:03 | INFO | 1 | MacroEnergy | load_stages_data.jl:19 | Done loading case data. It took 19.31 seconds
2026-04-15 18:13:03 | INFO | 1 | MacroEnergy | case.jl:15 | *** Generating case ***
2026-04-15 18:13:04 | INFO | 1 | MacroEnergy | case_settings.jl:128 | Configuring case
2026-04-15 18:13:04 | INFO | 1 | MacroEnergy | case_settings.jl:152 |  -- Setting solution algorithm
2026-04-15 18:13:04 | INFO | 1 | MacroEnergy | case_settings.jl:163 |  -- Solution algorithm set to MacroEnergy.Myopic()
2026-04-15 18:13:04 | WARN | 1 | MacroEnergy | case_settings.jl:182 | No myopic settings specified, using default settings
2026-04-15 18:13:04 | INFO | 1 | MacroEnergy | case_settings.jl:183 | Configuring myopic
2026-04-15 18:13:04 | INFO | 1 | MacroEnergy | case.jl:30 | Generating systems
2026-04-15 18:13:04 | DEBUG | 1 | MacroEnergy | system.jl:100 | Creating empty system, with data relative path set to C:\Users\apascale\OneDrive - Princeton University\Documents\GitHub\NZx_caseDev_MacroEP\electricity_fiveZ_8736_1p_nziShadow_stable
2026-04-15 18:13:04 | INFO | 1 | MacroEnergy | generate_system.jl:18 | Generating system
2026-04-15 18:13:05 | INFO | 1 | MacroEnergy | load_commodities.jl:299 |  ++ Added user commodities: 0 top-level, 0 subcommodities
2026-04-15 18:13:05 | DEBUG | 1 | MacroEnergy | load_commodities.jl:302 |  -- Done adding subcommodities
2026-04-15 18:13:06 | WARN | 1 | MacroEnergy | load_time_data.jl:198 | Using default weights = 1 as no period map provided and each period maps to itself
2026-04-15 18:13:06 | WARN | 1 | MacroEnergy | load_time_data.jl:198 | Using default weights = 1 as no period map provided and each period maps to itself
2026-04-15 18:13:06 | WARN | 1 | MacroEnergy | load_time_data.jl:198 | Using default weights = 1 as no period map provided and each period maps to itself
2026-04-15 18:13:06 | WARN | 1 | MacroEnergy | load_time_data.jl:198 | Using default weights = 1 as no period map provided and each period maps to itself
2026-04-15 18:13:06 | WARN | 1 | MacroEnergy | load_time_data.jl:198 | Using default weights = 1 as no period map provided and each period maps to itself
2026-04-15 18:13:06 | WARN | 1 | MacroEnergy | load_time_data.jl:198 | Using default weights = 1 as no period map provided and each period maps to itself
2026-04-15 18:13:06 | WARN | 1 | MacroEnergy | load_time_data.jl:198 | Using default weights = 1 as no period map provided and each period maps to itself
2026-04-15 18:13:08 | DEBUG | 1 | MacroEnergy | node.jl:276 | Adding node elec_NR to location NR
2026-04-15 18:13:08 | DEBUG | 1 | MacroEnergy | node.jl:276 | Adding node elec_NER to location NER
2026-04-15 18:13:08 | DEBUG | 1 | MacroEnergy | node.jl:276 | Adding node elec_ER to location ER
2026-04-15 18:13:08 | DEBUG | 1 | MacroEnergy | node.jl:276 | Adding node elec_WR to location WR
2026-04-15 18:13:08 | DEBUG | 1 | MacroEnergy | node.jl:276 | Adding node elec_SR to location SR
2026-04-15 18:13:11 | DEBUG | 1 | MacroEnergy | system.jl:194 | Finding node NR of commodity Electricity
2026-04-15 18:13:11 | DEBUG | 1 | MacroEnergy | system.jl:182 | Finding node NR of commodity Electricity
2026-04-15 18:13:11 | DEBUG | 1 | MacroEnergy | system.jl:227 | Found Electricity node called NR
2026-04-15 18:13:11 | DEBUG | 1 | MacroEnergy | system.jl:194 | Finding node biomass_source of commodity Biomass
2026-04-15 18:13:11 | DEBUG | 1 | MacroEnergy | system.jl:182 | Finding node biomass_source of commodity Biomass
2026-04-15 18:13:12 | DEBUG | 1 | MacroEnergy | system.jl:194 | Finding node co2_sink of commodity CO2
2026-04-15 18:13:12 | DEBUG | 1 | MacroEnergy | system.jl:182 | Finding node co2_sink of commodity CO2
2026-04-15 18:13:12 | DEBUG | 1 | MacroEnergy | system.jl:194 | Finding node NER of commodity Electricity
2026-04-15 18:13:12 | DEBUG | 1 | MacroEnergy | system.jl:182 | Finding node NER of commodity Electricity
2026-04-15 18:13:12 | DEBUG | 1 | MacroEnergy | system.jl:227 | Found Electricity node called NER
2026-04-15 18:13:12 | DEBUG | 1 | MacroEnergy | system.jl:194 | Finding node biomass_source of commodity Biomass
2026-04-15 18:13:12 | DEBUG | 1 | MacroEnergy | system.jl:182 | Finding node biomass_source of commodity Biomass
2026-04-15 18:13:12 | DEBUG | 1 | MacroEnergy | system.jl:194 | Finding node co2_sink of commodity CO2
2026-04-15 18:13:12 | DEBUG | 1 | MacroEnergy | system.jl:182 | Finding node co2_sink of commodity CO2
2026-04-15 18:13:12 | DEBUG | 1 | MacroEnergy | system.jl:194 | Finding node ER of commodity Electricity
2026-04-15 18:13:12 | DEBUG | 1 | MacroEnergy | system.jl:182 | Finding node ER of commodity Electricity
2026-04-15 18:13:12 | DEBUG | 1 | MacroEnergy | system.jl:227 | Found Electricity node called ER
2026-04-15 18:13:12 | DEBUG | 1 | MacroEnergy | system.jl:194 | Finding node biomass_source of commodity Biomass
2026-04-15 18:13:12 | DEBUG | 1 | MacroEnergy | system.jl:182 | Finding node biomass_source of commodity Biomass
2026-04-15 18:13:12 | DEBUG | 1 | MacroEnergy | system.jl:194 | Finding node co2_sink of commodity CO2
2026-04-15 18:13:12 | DEBUG | 1 | MacroEnergy | system.jl:182 | Finding node co2_sink of commodity CO2
2026-04-15 18:13:12 | DEBUG | 1 | MacroEnergy | system.jl:194 | Finding node WR of commodity Electricity
2026-04-15 18:13:12 | DEBUG | 1 | MacroEnergy | system.jl:182 | Finding node WR of commodity Electricity
2026-04-15 18:13:12 | DEBUG | 1 | MacroEnergy | system.jl:227 | Found Electricity node called WR
2026-04-15 18:13:12 | DEBUG | 1 | MacroEnergy | system.jl:194 | Finding node biomass_source of commodity Biomass
2026-04-15 18:13:12 | DEBUG | 1 | MacroEnergy | system.jl:182 | Finding node biomass_source of commodity Biomass
2026-04-15 18:13:12 | DEBUG | 1 | MacroEnergy | system.jl:194 | Finding node co2_sink of commodity CO2
2026-04-15 18:13:12 | DEBUG | 1 | MacroEnergy | system.jl:182 | Finding node co2_sink of commodity CO2
2026-04-15 18:13:12 | DEBUG | 1 | MacroEnergy | system.jl:194 | Finding node SR of commodity Electricity
2026-04-15 18:13:12 | DEBUG | 1 | MacroEnergy | system.jl:182 | Finding node SR of commodity Electricity
2026-04-15 18:13:12 | DEBUG | 1 | MacroEnergy | system.jl:227 | Found Electricity node called SR
2026-04-15 18:13:12 | DEBUG | 1 | MacroEnergy | system.jl:194 | Finding node biomass_source of commodity Biomass
2026-04-15 18:13:12 | DEBUG | 1 | MacroEnergy | system.jl:182 | Finding node biomass_source of commodity Biomass
2026-04-15 18:13:12 | DEBUG | 1 | MacroEnergy | system.jl:194 | Finding node co2_sink of commodity CO2
2026-04-15 18:13:12 | DEBUG | 1 | MacroEnergy | system.jl:182 | Finding node co2_sink of commodity CO2
2026-04-15 18:13:12 | DEBUG | 1 | MacroEnergy | system.jl:194 | Finding node NR of commodity Electricity
2026-04-15 18:13:12 | DEBUG | 1 | MacroEnergy | system.jl:182 | Finding node NR of commodity Electricity
2026-04-15 18:13:12 | DEBUG | 1 | MacroEnergy | system.jl:227 | Found Electricity node called NR
2026-04-15 18:13:12 | DEBUG | 1 | MacroEnergy | system.jl:194 | Finding node coal_source of commodity Coal
2026-04-15 18:13:12 | DEBUG | 1 | MacroEnergy | system.jl:182 | Finding node coal_source of commodity Coal
2026-04-15 18:13:12 | DEBUG | 1 | MacroEnergy | system.jl:194 | Finding node co2_sink of commodity CO2
2026-04-15 18:13:12 | DEBUG | 1 | MacroEnergy | system.jl:182 | Finding node co2_sink of commodity CO2
2026-04-15 18:13:12 | DEBUG | 1 | MacroEnergy | system.jl:194 | Finding node NER of commodity Electricity
2026-04-15 18:13:12 | DEBUG | 1 | MacroEnergy | system.jl:182 | Finding node NER of commodity Electricity
2026-04-15 18:13:12 | DEBUG | 1 | MacroEnergy | system.jl:227 | Found Electricity node called NER
2026-04-15 18:13:12 | DEBUG | 1 | MacroEnergy | system.jl:194 | Finding node coal_source of commodity Coal
2026-04-15 18:13:12 | DEBUG | 1 | MacroEnergy | system.jl:182 | Finding node coal_source of commodity Coal
2026-04-15 18:13:12 | DEBUG | 1 | MacroEnergy | system.jl:194 | Finding node co2_sink of commodity CO2
2026-04-15 18:13:12 | DEBUG | 1 | MacroEnergy | system.jl:182 | Finding node co2_sink of commodity CO2
2026-04-15 18:13:12 | DEBUG | 1 | MacroEnergy | system.jl:194 | Finding node ER of commodity Electricity
2026-04-15 18:13:12 | DEBUG | 1 | MacroEnergy | system.jl:182 | Finding node ER of commodity Electricity
2026-04-15 18:13:12 | DEBUG | 1 | MacroEnergy | system.jl:227 | Found Electricity node called ER
2026-04-15 18:13:12 | DEBUG | 1 | MacroEnergy | system.jl:194 | Finding node coal_source of commodity Coal
2026-04-15 18:13:12 | DEBUG | 1 | MacroEnergy | system.jl:182 | Finding node coal_source of commodity Coal
2026-04-15 18:13:12 | DEBUG | 1 | MacroEnergy | system.jl:194 | Finding node co2_sink of commodity CO2
2026-04-15 18:13:12 | DEBUG | 1 | MacroEnergy | system.jl:182 | Finding node co2_sink of commodity CO2
2026-04-15 18:13:12 | DEBUG | 1 | MacroEnergy | system.jl:194 | Finding node WR of commodity Electricity
2026-04-15 18:13:12 | DEBUG | 1 | MacroEnergy | system.jl:182 | Finding node WR of commodity Electricity
2026-04-15 18:13:12 | DEBUG | 1 | MacroEnergy | system.jl:227 | Found Electricity node called WR
2026-04-15 18:13:12 | DEBUG | 1 | MacroEnergy | system.jl:194 | Finding node coal_source of commodity Coal
2026-04-15 18:13:12 | DEBUG | 1 | MacroEnergy | system.jl:182 | Finding node coal_source of commodity Coal
2026-04-15 18:13:12 | DEBUG | 1 | MacroEnergy | system.jl:194 | Finding node co2_sink of commodity CO2
2026-04-15 18:13:12 | DEBUG | 1 | MacroEnergy | system.jl:182 | Finding node co2_sink of commodity CO2
2026-04-15 18:13:12 | DEBUG | 1 | MacroEnergy | system.jl:194 | Finding node SR of commodity Electricity
2026-04-15 18:13:12 | DEBUG | 1 | MacroEnergy | system.jl:182 | Finding node SR of commodity Electricity
2026-04-15 18:13:12 | DEBUG | 1 | MacroEnergy | system.jl:227 | Found Electricity node called SR
2026-04-15 18:13:12 | DEBUG | 1 | MacroEnergy | system.jl:194 | Finding node coal_source of commodity Coal
2026-04-15 18:13:12 | DEBUG | 1 | MacroEnergy | system.jl:182 | Finding node coal_source of commodity Coal
2026-04-15 18:13:12 | DEBUG | 1 | MacroEnergy | system.jl:194 | Finding node co2_sink of commodity CO2
2026-04-15 18:13:12 | DEBUG | 1 | MacroEnergy | system.jl:182 | Finding node co2_sink of commodity CO2
2026-04-15 18:13:13 | DEBUG | 1 | MacroEnergy | system.jl:194 | Finding node NR of commodity Electricity
2026-04-15 18:13:13 | DEBUG | 1 | MacroEnergy | system.jl:182 | Finding node NR of commodity Electricity
2026-04-15 18:13:13 | DEBUG | 1 | MacroEnergy | system.jl:227 | Found Electricity node called NR
2026-04-15 18:13:13 | DEBUG | 1 | MacroEnergy | system.jl:194 | Finding node hydro_source of commodity Electricity
2026-04-15 18:13:13 | DEBUG | 1 | MacroEnergy | system.jl:182 | Finding node hydro_source of commodity Electricity
2026-04-15 18:13:13 | DEBUG | 1 | MacroEnergy | system.jl:194 | Finding node hydro_source of commodity Electricity
2026-04-15 18:13:13 | DEBUG | 1 | MacroEnergy | system.jl:182 | Finding node hydro_source of commodity Electricity
2026-04-15 18:13:13 | DEBUG | 1 | MacroEnergy | system.jl:194 | Finding node NER of commodity Electricity
2026-04-15 18:13:13 | DEBUG | 1 | MacroEnergy | system.jl:182 | Finding node NER of commodity Electricity
2026-04-15 18:13:13 | DEBUG | 1 | MacroEnergy | system.jl:227 | Found Electricity node called NER
2026-04-15 18:13:13 | DEBUG | 1 | MacroEnergy | system.jl:194 | Finding node hydro_source of commodity Electricity
2026-04-15 18:13:13 | DEBUG | 1 | MacroEnergy | system.jl:182 | Finding node hydro_source of commodity Electricity
2026-04-15 18:13:13 | DEBUG | 1 | MacroEnergy | system.jl:194 | Finding node hydro_source of commodity Electricity
2026-04-15 18:13:13 | DEBUG | 1 | MacroEnergy | system.jl:182 | Finding node hydro_source of commodity Electricity
2026-04-15 18:13:13 | DEBUG | 1 | MacroEnergy | system.jl:194 | Finding node ER of commodity Electricity
2026-04-15 18:13:13 | DEBUG | 1 | MacroEnergy | system.jl:182 | Finding node ER of commodity Electricity
2026-04-15 18:13:13 | DEBUG | 1 | MacroEnergy | system.jl:227 | Found Electricity node called ER
2026-04-15 18:13:13 | DEBUG | 1 | MacroEnergy | system.jl:194 | Finding node hydro_source of commodity Electricity
2026-04-15 18:13:13 | DEBUG | 1 | MacroEnergy | system.jl:182 | Finding node hydro_source of commodity Electricity
2026-04-15 18:13:13 | DEBUG | 1 | MacroEnergy | system.jl:194 | Finding node hydro_source of commodity Electricity
2026-04-15 18:13:13 | DEBUG | 1 | MacroEnergy | system.jl:182 | Finding node hydro_source of commodity Electricity
2026-04-15 18:13:13 | DEBUG | 1 | MacroEnergy | system.jl:194 | Finding node WR of commodity Electricity
2026-04-15 18:13:13 | DEBUG | 1 | MacroEnergy | system.jl:182 | Finding node WR of commodity Electricity
2026-04-15 18:13:13 | DEBUG | 1 | MacroEnergy | system.jl:227 | Found Electricity node called WR
2026-04-15 18:13:13 | DEBUG | 1 | MacroEnergy | system.jl:194 | Finding node hydro_source of commodity Electricity
2026-04-15 18:13:13 | DEBUG | 1 | MacroEnergy | system.jl:182 | Finding node hydro_source of commodity Electricity
2026-04-15 18:13:13 | DEBUG | 1 | MacroEnergy | system.jl:194 | Finding node hydro_source of commodity Electricity
2026-04-15 18:13:13 | DEBUG | 1 | MacroEnergy | system.jl:182 | Finding node hydro_source of commodity Electricity
2026-04-15 18:13:13 | DEBUG | 1 | MacroEnergy | system.jl:194 | Finding node SR of commodity Electricity
2026-04-15 18:13:13 | DEBUG | 1 | MacroEnergy | system.jl:182 | Finding node SR of commodity Electricity
2026-04-15 18:13:13 | DEBUG | 1 | MacroEnergy | system.jl:227 | Found Electricity node called SR
2026-04-15 18:13:13 | DEBUG | 1 | MacroEnergy | system.jl:194 | Finding node hydro_source of commodity Electricity
2026-04-15 18:13:13 | DEBUG | 1 | MacroEnergy | system.jl:182 | Finding node hydro_source of commodity Electricity
2026-04-15 18:13:13 | DEBUG | 1 | MacroEnergy | system.jl:194 | Finding node hydro_source of commodity Electricity
2026-04-15 18:13:13 | DEBUG | 1 | MacroEnergy | system.jl:182 | Finding node hydro_source of commodity Electricity
2026-04-15 18:13:13 | DEBUG | 1 | MacroEnergy | system.jl:194 | Finding node NR of commodity Electricity
2026-04-15 18:13:13 | DEBUG | 1 | MacroEnergy | system.jl:182 | Finding node NR of commodity Electricity
2026-04-15 18:13:13 | DEBUG | 1 | MacroEnergy | system.jl:227 | Found Electricity node called NR
2026-04-15 18:13:13 | DEBUG | 1 | MacroEnergy | system.jl:194 | Finding node naturalgas_source of commodity NaturalGas
2026-04-15 18:13:13 | DEBUG | 1 | MacroEnergy | system.jl:182 | Finding node naturalgas_source of commodity NaturalGas
2026-04-15 18:13:13 | DEBUG | 1 | MacroEnergy | system.jl:194 | Finding node co2_sink of commodity CO2
2026-04-15 18:13:13 | DEBUG | 1 | MacroEnergy | system.jl:182 | Finding node co2_sink of commodity CO2
2026-04-15 18:13:13 | DEBUG | 1 | MacroEnergy | system.jl:194 | Finding node NER of commodity Electricity
2026-04-15 18:13:13 | DEBUG | 1 | MacroEnergy | system.jl:182 | Finding node NER of commodity Electricity
2026-04-15 18:13:13 | DEBUG | 1 | MacroEnergy | system.jl:227 | Found Electricity node called NER
2026-04-15 18:13:13 | DEBUG | 1 | MacroEnergy | system.jl:194 | Finding node naturalgas_source of commodity NaturalGas
2026-04-15 18:13:13 | DEBUG | 1 | MacroEnergy | system.jl:182 | Finding node naturalgas_source of commodity NaturalGas
2026-04-15 18:13:13 | DEBUG | 1 | MacroEnergy | system.jl:194 | Finding node co2_sink of commodity CO2
2026-04-15 18:13:13 | DEBUG | 1 | MacroEnergy | system.jl:182 | Finding node co2_sink of commodity CO2
2026-04-15 18:13:13 | DEBUG | 1 | MacroEnergy | system.jl:194 | Finding node ER of commodity Electricity
2026-04-15 18:13:13 | DEBUG | 1 | MacroEnergy | system.jl:182 | Finding node ER of commodity Electricity
2026-04-15 18:13:13 | DEBUG | 1 | MacroEnergy | system.jl:227 | Found Electricity node called ER
2026-04-15 18:13:13 | DEBUG | 1 | MacroEnergy | system.jl:194 | Finding node naturalgas_source of commodity NaturalGas
2026-04-15 18:13:13 | DEBUG | 1 | MacroEnergy | system.jl:182 | Finding node naturalgas_source of commodity NaturalGas
2026-04-15 18:13:13 | DEBUG | 1 | MacroEnergy | system.jl:194 | Finding node co2_sink of commodity CO2
2026-04-15 18:13:13 | DEBUG | 1 | MacroEnergy | system.jl:182 | Finding node co2_sink of commodity CO2
2026-04-15 18:13:13 | DEBUG | 1 | MacroEnergy | system.jl:194 | Finding node WR of commodity Electricity
2026-04-15 18:13:13 | DEBUG | 1 | MacroEnergy | system.jl:182 | Finding node WR of commodity Electricity
2026-04-15 18:13:13 | DEBUG | 1 | MacroEnergy | system.jl:227 | Found Electricity node called WR
2026-04-15 18:13:13 | DEBUG | 1 | MacroEnergy | system.jl:194 | Finding node naturalgas_source of commodity NaturalGas
2026-04-15 18:13:13 | DEBUG | 1 | MacroEnergy | system.jl:182 | Finding node naturalgas_source of commodity NaturalGas
2026-04-15 18:13:13 | DEBUG | 1 | MacroEnergy | system.jl:194 | Finding node co2_sink of commodity CO2
2026-04-15 18:13:13 | DEBUG | 1 | MacroEnergy | system.jl:182 | Finding node co2_sink of commodity CO2
2026-04-15 18:13:13 | DEBUG | 1 | MacroEnergy | system.jl:194 | Finding node SR of commodity Electricity
2026-04-15 18:13:13 | DEBUG | 1 | MacroEnergy | system.jl:182 | Finding node SR of commodity Electricity
2026-04-15 18:13:13 | DEBUG | 1 | MacroEnergy | system.jl:227 | Found Electricity node called SR
2026-04-15 18:13:13 | DEBUG | 1 | MacroEnergy | system.jl:194 | Finding node naturalgas_source of commodity NaturalGas
2026-04-15 18:13:13 | DEBUG | 1 | MacroEnergy | system.jl:182 | Finding node naturalgas_source of commodity NaturalGas
2026-04-15 18:13:13 | DEBUG | 1 | MacroEnergy | system.jl:194 | Finding node co2_sink of commodity CO2
2026-04-15 18:13:13 | DEBUG | 1 | MacroEnergy | system.jl:182 | Finding node co2_sink of commodity CO2
2026-04-15 18:13:13 | DEBUG | 1 | MacroEnergy | system.jl:194 | Finding node NR of commodity Electricity
2026-04-15 18:13:13 | DEBUG | 1 | MacroEnergy | system.jl:182 | Finding node NR of commodity Electricity
2026-04-15 18:13:13 | DEBUG | 1 | MacroEnergy | system.jl:227 | Found Electricity node called NR
2026-04-15 18:13:13 | DEBUG | 1 | MacroEnergy | system.jl:194 | Finding node naturalgas_source of commodity NaturalGas
2026-04-15 18:13:13 | DEBUG | 1 | MacroEnergy | system.jl:182 | Finding node naturalgas_source of commodity NaturalGas
2026-04-15 18:13:13 | DEBUG | 1 | MacroEnergy | system.jl:194 | Finding node co2_sink of commodity CO2
2026-04-15 18:13:13 | DEBUG | 1 | MacroEnergy | system.jl:182 | Finding node co2_sink of commodity CO2
2026-04-15 18:13:13 | DEBUG | 1 | MacroEnergy | system.jl:194 | Finding node NER of commodity Electricity
2026-04-15 18:13:13 | DEBUG | 1 | MacroEnergy | system.jl:182 | Finding node NER of commodity Electricity
2026-04-15 18:13:13 | DEBUG | 1 | MacroEnergy | system.jl:227 | Found Electricity node called NER
2026-04-15 18:13:13 | DEBUG | 1 | MacroEnergy | system.jl:194 | Finding node naturalgas_source of commodity NaturalGas
2026-04-15 18:13:13 | DEBUG | 1 | MacroEnergy | system.jl:182 | Finding node naturalgas_source of commodity NaturalGas
2026-04-15 18:13:13 | DEBUG | 1 | MacroEnergy | system.jl:194 | Finding node co2_sink of commodity CO2
2026-04-15 18:13:13 | DEBUG | 1 | MacroEnergy | system.jl:182 | Finding node co2_sink of commodity CO2
2026-04-15 18:13:13 | DEBUG | 1 | MacroEnergy | system.jl:194 | Finding node ER of commodity Electricity
2026-04-15 18:13:13 | DEBUG | 1 | MacroEnergy | system.jl:182 | Finding node ER of commodity Electricity
2026-04-15 18:13:13 | DEBUG | 1 | MacroEnergy | system.jl:227 | Found Electricity node called ER
2026-04-15 18:13:13 | DEBUG | 1 | MacroEnergy | system.jl:194 | Finding node naturalgas_source of commodity NaturalGas
2026-04-15 18:13:13 | DEBUG | 1 | MacroEnergy | system.jl:182 | Finding node naturalgas_source of commodity NaturalGas
2026-04-15 18:13:13 | DEBUG | 1 | MacroEnergy | system.jl:194 | Finding node co2_sink of commodity CO2
2026-04-15 18:13:13 | DEBUG | 1 | MacroEnergy | system.jl:182 | Finding node co2_sink of commodity CO2
2026-04-15 18:13:13 | DEBUG | 1 | MacroEnergy | system.jl:194 | Finding node WR of commodity Electricity
2026-04-15 18:13:13 | DEBUG | 1 | MacroEnergy | system.jl:182 | Finding node WR of commodity Electricity
2026-04-15 18:13:13 | DEBUG | 1 | MacroEnergy | system.jl:227 | Found Electricity node called WR
2026-04-15 18:13:13 | DEBUG | 1 | MacroEnergy | system.jl:194 | Finding node naturalgas_source of commodity NaturalGas
2026-04-15 18:13:13 | DEBUG | 1 | MacroEnergy | system.jl:182 | Finding node naturalgas_source of commodity NaturalGas
2026-04-15 18:13:13 | DEBUG | 1 | MacroEnergy | system.jl:194 | Finding node co2_sink of commodity CO2
2026-04-15 18:13:13 | DEBUG | 1 | MacroEnergy | system.jl:182 | Finding node co2_sink of commodity CO2
2026-04-15 18:13:13 | DEBUG | 1 | MacroEnergy | system.jl:194 | Finding node SR of commodity Electricity
2026-04-15 18:13:13 | DEBUG | 1 | MacroEnergy | system.jl:182 | Finding node SR of commodity Electricity
2026-04-15 18:13:13 | DEBUG | 1 | MacroEnergy | system.jl:227 | Found Electricity node called SR
2026-04-15 18:13:13 | DEBUG | 1 | MacroEnergy | system.jl:194 | Finding node naturalgas_source of commodity NaturalGas
2026-04-15 18:13:13 | DEBUG | 1 | MacroEnergy | system.jl:182 | Finding node naturalgas_source of commodity NaturalGas
2026-04-15 18:13:13 | DEBUG | 1 | MacroEnergy | system.jl:194 | Finding node co2_sink of commodity CO2
2026-04-15 18:13:13 | DEBUG | 1 | MacroEnergy | system.jl:182 | Finding node co2_sink of commodity CO2
2026-04-15 18:13:13 | DEBUG | 1 | MacroEnergy | system.jl:194 | Finding node NR of commodity Electricity
2026-04-15 18:13:13 | DEBUG | 1 | MacroEnergy | system.jl:182 | Finding node NR of commodity Electricity
2026-04-15 18:13:13 | DEBUG | 1 | MacroEnergy | system.jl:227 | Found Electricity node called NR
2026-04-15 18:13:13 | DEBUG | 1 | MacroEnergy | system.jl:194 | Finding node uranium_source of commodity Uranium
2026-04-15 18:13:13 | DEBUG | 1 | MacroEnergy | system.jl:182 | Finding node uranium_source of commodity Uranium
2026-04-15 18:13:14 | DEBUG | 1 | MacroEnergy | system.jl:194 | Finding node co2_sink of commodity CO2
2026-04-15 18:13:14 | DEBUG | 1 | MacroEnergy | system.jl:182 | Finding node co2_sink of commodity CO2
2026-04-15 18:13:14 | DEBUG | 1 | MacroEnergy | system.jl:194 | Finding node NER of commodity Electricity
2026-04-15 18:13:14 | DEBUG | 1 | MacroEnergy | system.jl:182 | Finding node NER of commodity Electricity
2026-04-15 18:13:14 | DEBUG | 1 | MacroEnergy | system.jl:227 | Found Electricity node called NER
2026-04-15 18:13:14 | DEBUG | 1 | MacroEnergy | system.jl:194 | Finding node uranium_source of commodity Uranium
2026-04-15 18:13:14 | DEBUG | 1 | MacroEnergy | system.jl:182 | Finding node uranium_source of commodity Uranium
2026-04-15 18:13:14 | DEBUG | 1 | MacroEnergy | system.jl:194 | Finding node co2_sink of commodity CO2
2026-04-15 18:13:14 | DEBUG | 1 | MacroEnergy | system.jl:182 | Finding node co2_sink of commodity CO2
2026-04-15 18:13:14 | DEBUG | 1 | MacroEnergy | system.jl:194 | Finding node ER of commodity Electricity
2026-04-15 18:13:14 | DEBUG | 1 | MacroEnergy | system.jl:182 | Finding node ER of commodity Electricity
2026-04-15 18:13:14 | DEBUG | 1 | MacroEnergy | system.jl:227 | Found Electricity node called ER
2026-04-15 18:13:14 | DEBUG | 1 | MacroEnergy | system.jl:194 | Finding node uranium_source of commodity Uranium
2026-04-15 18:13:14 | DEBUG | 1 | MacroEnergy | system.jl:182 | Finding node uranium_source of commodity Uranium
2026-04-15 18:13:14 | DEBUG | 1 | MacroEnergy | system.jl:194 | Finding node co2_sink of commodity CO2
2026-04-15 18:13:14 | DEBUG | 1 | MacroEnergy | system.jl:182 | Finding node co2_sink of commodity CO2
2026-04-15 18:13:14 | DEBUG | 1 | MacroEnergy | system.jl:194 | Finding node WR of commodity Electricity
2026-04-15 18:13:14 | DEBUG | 1 | MacroEnergy | system.jl:182 | Finding node WR of commodity Electricity
2026-04-15 18:13:14 | DEBUG | 1 | MacroEnergy | system.jl:227 | Found Electricity node called WR
2026-04-15 18:13:14 | DEBUG | 1 | MacroEnergy | system.jl:194 | Finding node uranium_source of commodity Uranium
2026-04-15 18:13:14 | DEBUG | 1 | MacroEnergy | system.jl:182 | Finding node uranium_source of commodity Uranium
2026-04-15 18:13:14 | DEBUG | 1 | MacroEnergy | system.jl:194 | Finding node co2_sink of commodity CO2
2026-04-15 18:13:14 | DEBUG | 1 | MacroEnergy | system.jl:182 | Finding node co2_sink of commodity CO2
2026-04-15 18:13:14 | DEBUG | 1 | MacroEnergy | system.jl:194 | Finding node SR of commodity Electricity
2026-04-15 18:13:14 | DEBUG | 1 | MacroEnergy | system.jl:182 | Finding node SR of commodity Electricity
2026-04-15 18:13:14 | DEBUG | 1 | MacroEnergy | system.jl:227 | Found Electricity node called SR
2026-04-15 18:13:14 | DEBUG | 1 | MacroEnergy | system.jl:194 | Finding node uranium_source of commodity Uranium
2026-04-15 18:13:14 | DEBUG | 1 | MacroEnergy | system.jl:182 | Finding node uranium_source of commodity Uranium
2026-04-15 18:13:14 | DEBUG | 1 | MacroEnergy | system.jl:194 | Finding node co2_sink of commodity CO2
2026-04-15 18:13:14 | DEBUG | 1 | MacroEnergy | system.jl:182 | Finding node co2_sink of commodity CO2
2026-04-15 18:13:14 | DEBUG | 1 | MacroEnergy | system.jl:194 | Finding node NR of commodity Electricity
2026-04-15 18:13:14 | DEBUG | 1 | MacroEnergy | system.jl:182 | Finding node NR of commodity Electricity
2026-04-15 18:13:14 | DEBUG | 1 | MacroEnergy | system.jl:227 | Found Electricity node called NR
2026-04-15 18:13:14 | DEBUG | 1 | MacroEnergy | system.jl:194 | Finding node uranium_source of commodity Uranium
2026-04-15 18:13:14 | DEBUG | 1 | MacroEnergy | system.jl:182 | Finding node uranium_source of commodity Uranium
2026-04-15 18:13:14 | DEBUG | 1 | MacroEnergy | system.jl:194 | Finding node co2_sink of commodity CO2
2026-04-15 18:13:14 | DEBUG | 1 | MacroEnergy | system.jl:182 | Finding node co2_sink of commodity CO2
2026-04-15 18:13:14 | DEBUG | 1 | MacroEnergy | system.jl:194 | Finding node NER of commodity Electricity
2026-04-15 18:13:14 | DEBUG | 1 | MacroEnergy | system.jl:182 | Finding node NER of commodity Electricity
2026-04-15 18:13:14 | DEBUG | 1 | MacroEnergy | system.jl:227 | Found Electricity node called NER
2026-04-15 18:13:14 | DEBUG | 1 | MacroEnergy | system.jl:194 | Finding node uranium_source of commodity Uranium
2026-04-15 18:13:14 | DEBUG | 1 | MacroEnergy | system.jl:182 | Finding node uranium_source of commodity Uranium
2026-04-15 18:13:14 | DEBUG | 1 | MacroEnergy | system.jl:194 | Finding node co2_sink of commodity CO2
2026-04-15 18:13:14 | DEBUG | 1 | MacroEnergy | system.jl:182 | Finding node co2_sink of commodity CO2
2026-04-15 18:13:14 | DEBUG | 1 | MacroEnergy | system.jl:194 | Finding node ER of commodity Electricity
2026-04-15 18:13:14 | DEBUG | 1 | MacroEnergy | system.jl:182 | Finding node ER of commodity Electricity
2026-04-15 18:13:14 | DEBUG | 1 | MacroEnergy | system.jl:227 | Found Electricity node called ER
2026-04-15 18:13:14 | DEBUG | 1 | MacroEnergy | system.jl:194 | Finding node uranium_source of commodity Uranium
2026-04-15 18:13:14 | DEBUG | 1 | MacroEnergy | system.jl:182 | Finding node uranium_source of commodity Uranium
2026-04-15 18:13:14 | DEBUG | 1 | MacroEnergy | system.jl:194 | Finding node co2_sink of commodity CO2
2026-04-15 18:13:14 | DEBUG | 1 | MacroEnergy | system.jl:182 | Finding node co2_sink of commodity CO2
2026-04-15 18:13:14 | DEBUG | 1 | MacroEnergy | system.jl:194 | Finding node WR of commodity Electricity
2026-04-15 18:13:14 | DEBUG | 1 | MacroEnergy | system.jl:182 | Finding node WR of commodity Electricity
2026-04-15 18:13:14 | DEBUG | 1 | MacroEnergy | system.jl:227 | Found Electricity node called WR
2026-04-15 18:13:14 | DEBUG | 1 | MacroEnergy | system.jl:194 | Finding node uranium_source of commodity Uranium
2026-04-15 18:13:14 | DEBUG | 1 | MacroEnergy | system.jl:182 | Finding node uranium_source of commodity Uranium
2026-04-15 18:13:14 | DEBUG | 1 | MacroEnergy | system.jl:194 | Finding node co2_sink of commodity CO2
2026-04-15 18:13:14 | DEBUG | 1 | MacroEnergy | system.jl:182 | Finding node co2_sink of commodity CO2
2026-04-15 18:13:14 | DEBUG | 1 | MacroEnergy | system.jl:194 | Finding node SR of commodity Electricity
2026-04-15 18:13:14 | DEBUG | 1 | MacroEnergy | system.jl:182 | Finding node SR of commodity Electricity
2026-04-15 18:13:14 | DEBUG | 1 | MacroEnergy | system.jl:227 | Found Electricity node called SR
2026-04-15 18:13:14 | DEBUG | 1 | MacroEnergy | system.jl:194 | Finding node uranium_source of commodity Uranium
2026-04-15 18:13:14 | DEBUG | 1 | MacroEnergy | system.jl:182 | Finding node uranium_source of commodity Uranium
2026-04-15 18:13:14 | DEBUG | 1 | MacroEnergy | system.jl:194 | Finding node co2_sink of commodity CO2
2026-04-15 18:13:14 | DEBUG | 1 | MacroEnergy | system.jl:182 | Finding node co2_sink of commodity CO2
2026-04-15 18:13:14 | DEBUG | 1 | MacroEnergy | system.jl:194 | Finding node NR of commodity Electricity
2026-04-15 18:13:14 | DEBUG | 1 | MacroEnergy | system.jl:182 | Finding node NR of commodity Electricity
2026-04-15 18:13:14 | DEBUG | 1 | MacroEnergy | system.jl:227 | Found Electricity node called NR
2026-04-15 18:13:14 | DEBUG | 1 | MacroEnergy | system.jl:194 | Finding node hydro_source of commodity Electricity
2026-04-15 18:13:14 | DEBUG | 1 | MacroEnergy | system.jl:182 | Finding node hydro_source of commodity Electricity
2026-04-15 18:13:14 | DEBUG | 1 | MacroEnergy | system.jl:194 | Finding node hydro_source of commodity Electricity
2026-04-15 18:13:14 | DEBUG | 1 | MacroEnergy | system.jl:182 | Finding node hydro_source of commodity Electricity
2026-04-15 18:13:14 | DEBUG | 1 | MacroEnergy | system.jl:194 | Finding node NER of commodity Electricity
2026-04-15 18:13:14 | DEBUG | 1 | MacroEnergy | system.jl:182 | Finding node NER of commodity Electricity
2026-04-15 18:13:14 | DEBUG | 1 | MacroEnergy | system.jl:227 | Found Electricity node called NER
2026-04-15 18:13:14 | DEBUG | 1 | MacroEnergy | system.jl:194 | Finding node hydro_source of commodity Electricity
2026-04-15 18:13:14 | DEBUG | 1 | MacroEnergy | system.jl:182 | Finding node hydro_source of commodity Electricity
2026-04-15 18:13:14 | DEBUG | 1 | MacroEnergy | system.jl:194 | Finding node hydro_source of commodity Electricity
2026-04-15 18:13:14 | DEBUG | 1 | MacroEnergy | system.jl:182 | Finding node hydro_source of commodity Electricity
2026-04-15 18:13:14 | DEBUG | 1 | MacroEnergy | system.jl:194 | Finding node ER of commodity Electricity
2026-04-15 18:13:14 | DEBUG | 1 | MacroEnergy | system.jl:182 | Finding node ER of commodity Electricity
2026-04-15 18:13:14 | DEBUG | 1 | MacroEnergy | system.jl:227 | Found Electricity node called ER
2026-04-15 18:13:14 | DEBUG | 1 | MacroEnergy | system.jl:194 | Finding node hydro_source of commodity Electricity
2026-04-15 18:13:14 | DEBUG | 1 | MacroEnergy | system.jl:182 | Finding node hydro_source of commodity Electricity
2026-04-15 18:13:14 | DEBUG | 1 | MacroEnergy | system.jl:194 | Finding node hydro_source of commodity Electricity
2026-04-15 18:13:14 | DEBUG | 1 | MacroEnergy | system.jl:182 | Finding node hydro_source of commodity Electricity
2026-04-15 18:13:14 | DEBUG | 1 | MacroEnergy | system.jl:194 | Finding node WR of commodity Electricity
2026-04-15 18:13:14 | DEBUG | 1 | MacroEnergy | system.jl:182 | Finding node WR of commodity Electricity
2026-04-15 18:13:14 | DEBUG | 1 | MacroEnergy | system.jl:227 | Found Electricity node called WR
2026-04-15 18:13:14 | DEBUG | 1 | MacroEnergy | system.jl:194 | Finding node hydro_source of commodity Electricity
2026-04-15 18:13:14 | DEBUG | 1 | MacroEnergy | system.jl:182 | Finding node hydro_source of commodity Electricity
2026-04-15 18:13:14 | DEBUG | 1 | MacroEnergy | system.jl:194 | Finding node hydro_source of commodity Electricity
2026-04-15 18:13:14 | DEBUG | 1 | MacroEnergy | system.jl:182 | Finding node hydro_source of commodity Electricity
2026-04-15 18:13:14 | DEBUG | 1 | MacroEnergy | system.jl:194 | Finding node SR of commodity Electricity
2026-04-15 18:13:14 | DEBUG | 1 | MacroEnergy | system.jl:182 | Finding node SR of commodity Electricity
2026-04-15 18:13:14 | DEBUG | 1 | MacroEnergy | system.jl:227 | Found Electricity node called SR
2026-04-15 18:13:14 | DEBUG | 1 | MacroEnergy | system.jl:194 | Finding node hydro_source of commodity Electricity
2026-04-15 18:13:14 | DEBUG | 1 | MacroEnergy | system.jl:182 | Finding node hydro_source of commodity Electricity
2026-04-15 18:13:14 | DEBUG | 1 | MacroEnergy | system.jl:194 | Finding node hydro_source of commodity Electricity
2026-04-15 18:13:14 | DEBUG | 1 | MacroEnergy | system.jl:182 | Finding node hydro_source of commodity Electricity
2026-04-15 18:13:14 | DEBUG | 1 | MacroEnergy | system.jl:194 | Finding node NR of commodity Electricity
2026-04-15 18:13:14 | DEBUG | 1 | MacroEnergy | system.jl:182 | Finding node NR of commodity Electricity
2026-04-15 18:13:14 | DEBUG | 1 | MacroEnergy | system.jl:227 | Found Electricity node called NR
2026-04-15 18:13:14 | DEBUG | 1 | MacroEnergy | system.jl:194 | Finding node NR of commodity Electricity
2026-04-15 18:13:14 | DEBUG | 1 | MacroEnergy | system.jl:182 | Finding node NR of commodity Electricity
2026-04-15 18:13:14 | DEBUG | 1 | MacroEnergy | system.jl:227 | Found Electricity node called NR
2026-04-15 18:13:15 | DEBUG | 1 | MacroEnergy | system.jl:194 | Finding node NER of commodity Electricity
2026-04-15 18:13:15 | DEBUG | 1 | MacroEnergy | system.jl:182 | Finding node NER of commodity Electricity
2026-04-15 18:13:15 | DEBUG | 1 | MacroEnergy | system.jl:227 | Found Electricity node called NER
2026-04-15 18:13:15 | DEBUG | 1 | MacroEnergy | system.jl:194 | Finding node NER of commodity Electricity
2026-04-15 18:13:15 | DEBUG | 1 | MacroEnergy | system.jl:182 | Finding node NER of commodity Electricity
2026-04-15 18:13:15 | DEBUG | 1 | MacroEnergy | system.jl:227 | Found Electricity node called NER
2026-04-15 18:13:15 | DEBUG | 1 | MacroEnergy | system.jl:194 | Finding node ER of commodity Electricity
2026-04-15 18:13:15 | DEBUG | 1 | MacroEnergy | system.jl:182 | Finding node ER of commodity Electricity
2026-04-15 18:13:15 | DEBUG | 1 | MacroEnergy | system.jl:227 | Found Electricity node called ER
2026-04-15 18:13:15 | DEBUG | 1 | MacroEnergy | system.jl:194 | Finding node ER of commodity Electricity
2026-04-15 18:13:15 | DEBUG | 1 | MacroEnergy | system.jl:182 | Finding node ER of commodity Electricity
2026-04-15 18:13:15 | DEBUG | 1 | MacroEnergy | system.jl:227 | Found Electricity node called ER
2026-04-15 18:13:15 | DEBUG | 1 | MacroEnergy | system.jl:194 | Finding node WR of commodity Electricity
2026-04-15 18:13:15 | DEBUG | 1 | MacroEnergy | system.jl:182 | Finding node WR of commodity Electricity
2026-04-15 18:13:15 | DEBUG | 1 | MacroEnergy | system.jl:227 | Found Electricity node called WR
2026-04-15 18:13:15 | DEBUG | 1 | MacroEnergy | system.jl:194 | Finding node WR of commodity Electricity
2026-04-15 18:13:15 | DEBUG | 1 | MacroEnergy | system.jl:182 | Finding node WR of commodity Electricity
2026-04-15 18:13:15 | DEBUG | 1 | MacroEnergy | system.jl:227 | Found Electricity node called WR
2026-04-15 18:13:15 | DEBUG | 1 | MacroEnergy | system.jl:194 | Finding node SR of commodity Electricity
2026-04-15 18:13:15 | DEBUG | 1 | MacroEnergy | system.jl:182 | Finding node SR of commodity Electricity
2026-04-15 18:13:15 | DEBUG | 1 | MacroEnergy | system.jl:227 | Found Electricity node called SR
2026-04-15 18:13:15 | DEBUG | 1 | MacroEnergy | system.jl:194 | Finding node SR of commodity Electricity
2026-04-15 18:13:15 | DEBUG | 1 | MacroEnergy | system.jl:182 | Finding node SR of commodity Electricity
2026-04-15 18:13:15 | DEBUG | 1 | MacroEnergy | system.jl:227 | Found Electricity node called SR
2026-04-15 18:13:15 | DEBUG | 1 | MacroEnergy | system.jl:194 | Finding node NR of commodity Electricity
2026-04-15 18:13:15 | DEBUG | 1 | MacroEnergy | system.jl:182 | Finding node NR of commodity Electricity
2026-04-15 18:13:15 | DEBUG | 1 | MacroEnergy | system.jl:227 | Found Electricity node called NR
2026-04-15 18:13:15 | DEBUG | 1 | MacroEnergy | system.jl:194 | Finding node NR of commodity Electricity
2026-04-15 18:13:15 | DEBUG | 1 | MacroEnergy | system.jl:182 | Finding node NR of commodity Electricity
2026-04-15 18:13:15 | DEBUG | 1 | MacroEnergy | system.jl:227 | Found Electricity node called NR
2026-04-15 18:13:15 | DEBUG | 1 | MacroEnergy | system.jl:194 | Finding node NER of commodity Electricity
2026-04-15 18:13:15 | DEBUG | 1 | MacroEnergy | system.jl:182 | Finding node NER of commodity Electricity
2026-04-15 18:13:15 | DEBUG | 1 | MacroEnergy | system.jl:227 | Found Electricity node called NER
2026-04-15 18:13:15 | DEBUG | 1 | MacroEnergy | system.jl:194 | Finding node NER of commodity Electricity
2026-04-15 18:13:15 | DEBUG | 1 | MacroEnergy | system.jl:182 | Finding node NER of commodity Electricity
2026-04-15 18:13:15 | DEBUG | 1 | MacroEnergy | system.jl:227 | Found Electricity node called NER
2026-04-15 18:13:15 | DEBUG | 1 | MacroEnergy | system.jl:194 | Finding node ER of commodity Electricity
2026-04-15 18:13:15 | DEBUG | 1 | MacroEnergy | system.jl:182 | Finding node ER of commodity Electricity
2026-04-15 18:13:15 | DEBUG | 1 | MacroEnergy | system.jl:227 | Found Electricity node called ER
2026-04-15 18:13:15 | DEBUG | 1 | MacroEnergy | system.jl:194 | Finding node ER of commodity Electricity
2026-04-15 18:13:15 | DEBUG | 1 | MacroEnergy | system.jl:182 | Finding node ER of commodity Electricity
2026-04-15 18:13:15 | DEBUG | 1 | MacroEnergy | system.jl:227 | Found Electricity node called ER
2026-04-15 18:13:15 | DEBUG | 1 | MacroEnergy | system.jl:194 | Finding node WR of commodity Electricity
2026-04-15 18:13:15 | DEBUG | 1 | MacroEnergy | system.jl:182 | Finding node WR of commodity Electricity
2026-04-15 18:13:15 | DEBUG | 1 | MacroEnergy | system.jl:227 | Found Electricity node called WR
2026-04-15 18:13:15 | DEBUG | 1 | MacroEnergy | system.jl:194 | Finding node WR of commodity Electricity
2026-04-15 18:13:15 | DEBUG | 1 | MacroEnergy | system.jl:182 | Finding node WR of commodity Electricity
2026-04-15 18:13:15 | DEBUG | 1 | MacroEnergy | system.jl:227 | Found Electricity node called WR
2026-04-15 18:13:15 | DEBUG | 1 | MacroEnergy | system.jl:194 | Finding node SR of commodity Electricity
2026-04-15 18:13:15 | DEBUG | 1 | MacroEnergy | system.jl:182 | Finding node SR of commodity Electricity
2026-04-15 18:13:15 | DEBUG | 1 | MacroEnergy | system.jl:227 | Found Electricity node called SR
2026-04-15 18:13:15 | DEBUG | 1 | MacroEnergy | system.jl:194 | Finding node SR of commodity Electricity
2026-04-15 18:13:15 | DEBUG | 1 | MacroEnergy | system.jl:182 | Finding node SR of commodity Electricity
2026-04-15 18:13:15 | DEBUG | 1 | MacroEnergy | system.jl:227 | Found Electricity node called SR
2026-04-15 18:13:15 | DEBUG | 1 | MacroEnergy | system.jl:194 | Finding node elec_NR of commodity Electricity
2026-04-15 18:13:15 | DEBUG | 1 | MacroEnergy | system.jl:182 | Finding node elec_NR of commodity Electricity
2026-04-15 18:13:15 | DEBUG | 1 | MacroEnergy | system.jl:194 | Finding node elec_ER of commodity Electricity
2026-04-15 18:13:15 | DEBUG | 1 | MacroEnergy | system.jl:182 | Finding node elec_ER of commodity Electricity
2026-04-15 18:13:15 | DEBUG | 1 | MacroEnergy | system.jl:194 | Finding node elec_NR of commodity Electricity
2026-04-15 18:13:15 | DEBUG | 1 | MacroEnergy | system.jl:182 | Finding node elec_NR of commodity Electricity
2026-04-15 18:13:15 | DEBUG | 1 | MacroEnergy | system.jl:194 | Finding node elec_WR of commodity Electricity
2026-04-15 18:13:15 | DEBUG | 1 | MacroEnergy | system.jl:182 | Finding node elec_WR of commodity Electricity
2026-04-15 18:13:15 | DEBUG | 1 | MacroEnergy | system.jl:194 | Finding node elec_ER of commodity Electricity
2026-04-15 18:13:15 | DEBUG | 1 | MacroEnergy | system.jl:182 | Finding node elec_ER of commodity Electricity
2026-04-15 18:13:15 | DEBUG | 1 | MacroEnergy | system.jl:194 | Finding node elec_NER of commodity Electricity
2026-04-15 18:13:15 | DEBUG | 1 | MacroEnergy | system.jl:182 | Finding node elec_NER of commodity Electricity
2026-04-15 18:13:15 | DEBUG | 1 | MacroEnergy | system.jl:194 | Finding node elec_WR of commodity Electricity
2026-04-15 18:13:15 | DEBUG | 1 | MacroEnergy | system.jl:182 | Finding node elec_WR of commodity Electricity
2026-04-15 18:13:15 | DEBUG | 1 | MacroEnergy | system.jl:194 | Finding node elec_ER of commodity Electricity
2026-04-15 18:13:15 | DEBUG | 1 | MacroEnergy | system.jl:182 | Finding node elec_ER of commodity Electricity
2026-04-15 18:13:15 | DEBUG | 1 | MacroEnergy | system.jl:194 | Finding node elec_WR of commodity Electricity
2026-04-15 18:13:15 | DEBUG | 1 | MacroEnergy | system.jl:182 | Finding node elec_WR of commodity Electricity
2026-04-15 18:13:15 | DEBUG | 1 | MacroEnergy | system.jl:194 | Finding node elec_SR of commodity Electricity
2026-04-15 18:13:15 | DEBUG | 1 | MacroEnergy | system.jl:182 | Finding node elec_SR of commodity Electricity
2026-04-15 18:13:15 | DEBUG | 1 | MacroEnergy | system.jl:194 | Finding node elec_ER of commodity Electricity
2026-04-15 18:13:15 | DEBUG | 1 | MacroEnergy | system.jl:182 | Finding node elec_ER of commodity Electricity
2026-04-15 18:13:15 | DEBUG | 1 | MacroEnergy | system.jl:194 | Finding node elec_SR of commodity Electricity
2026-04-15 18:13:15 | DEBUG | 1 | MacroEnergy | system.jl:182 | Finding node elec_SR of commodity Electricity
2026-04-15 18:13:15 | DEBUG | 1 | MacroEnergy | system.jl:194 | Finding node elec_NR of commodity Electricity
2026-04-15 18:13:15 | DEBUG | 1 | MacroEnergy | system.jl:182 | Finding node elec_NR of commodity Electricity
2026-04-15 18:13:15 | DEBUG | 1 | MacroEnergy | system.jl:194 | Finding node elec_NER of commodity Electricity
2026-04-15 18:13:15 | DEBUG | 1 | MacroEnergy | system.jl:182 | Finding node elec_NER of commodity Electricity
2026-04-15 18:13:15 | DEBUG | 1 | MacroEnergy | system.jl:194 | Finding node NR of commodity Electricity
2026-04-15 18:13:15 | DEBUG | 1 | MacroEnergy | system.jl:182 | Finding node NR of commodity Electricity
2026-04-15 18:13:15 | DEBUG | 1 | MacroEnergy | system.jl:227 | Found Electricity node called NR
2026-04-15 18:13:15 | DEBUG | 1 | MacroEnergy | system.jl:194 | Finding node NER of commodity Electricity
2026-04-15 18:13:15 | DEBUG | 1 | MacroEnergy | system.jl:182 | Finding node NER of commodity Electricity
2026-04-15 18:13:15 | DEBUG | 1 | MacroEnergy | system.jl:227 | Found Electricity node called NER
2026-04-15 18:13:15 | DEBUG | 1 | MacroEnergy | system.jl:194 | Finding node ER of commodity Electricity
2026-04-15 18:13:15 | DEBUG | 1 | MacroEnergy | system.jl:182 | Finding node ER of commodity Electricity
2026-04-15 18:13:15 | DEBUG | 1 | MacroEnergy | system.jl:227 | Found Electricity node called ER
2026-04-15 18:13:15 | DEBUG | 1 | MacroEnergy | system.jl:194 | Finding node WR of commodity Electricity
2026-04-15 18:13:15 | DEBUG | 1 | MacroEnergy | system.jl:182 | Finding node WR of commodity Electricity
2026-04-15 18:13:15 | DEBUG | 1 | MacroEnergy | system.jl:227 | Found Electricity node called WR
2026-04-15 18:13:15 | DEBUG | 1 | MacroEnergy | system.jl:194 | Finding node SR of commodity Electricity
2026-04-15 18:13:15 | DEBUG | 1 | MacroEnergy | system.jl:182 | Finding node SR of commodity Electricity
2026-04-15 18:13:15 | DEBUG | 1 | MacroEnergy | system.jl:227 | Found Electricity node called SR
2026-04-15 18:13:15 | DEBUG | 1 | MacroEnergy | system.jl:194 | Finding node NR of commodity Electricity
2026-04-15 18:13:15 | DEBUG | 1 | MacroEnergy | system.jl:182 | Finding node NR of commodity Electricity
2026-04-15 18:13:15 | DEBUG | 1 | MacroEnergy | system.jl:227 | Found Electricity node called NR
2026-04-15 18:13:15 | DEBUG | 1 | MacroEnergy | system.jl:194 | Finding node NER of commodity Electricity
2026-04-15 18:13:15 | DEBUG | 1 | MacroEnergy | system.jl:182 | Finding node NER of commodity Electricity
2026-04-15 18:13:15 | DEBUG | 1 | MacroEnergy | system.jl:227 | Found Electricity node called NER
2026-04-15 18:13:15 | DEBUG | 1 | MacroEnergy | system.jl:194 | Finding node ER of commodity Electricity
2026-04-15 18:13:15 | DEBUG | 1 | MacroEnergy | system.jl:182 | Finding node ER of commodity Electricity
2026-04-15 18:13:15 | DEBUG | 1 | MacroEnergy | system.jl:227 | Found Electricity node called ER
2026-04-15 18:13:16 | DEBUG | 1 | MacroEnergy | system.jl:194 | Finding node WR of commodity Electricity
2026-04-15 18:13:16 | DEBUG | 1 | MacroEnergy | system.jl:182 | Finding node WR of commodity Electricity
2026-04-15 18:13:16 | DEBUG | 1 | MacroEnergy | system.jl:227 | Found Electricity node called WR
2026-04-15 18:13:16 | DEBUG | 1 | MacroEnergy | system.jl:194 | Finding node SR of commodity Electricity
2026-04-15 18:13:16 | DEBUG | 1 | MacroEnergy | system.jl:182 | Finding node SR of commodity Electricity
2026-04-15 18:13:16 | DEBUG | 1 | MacroEnergy | system.jl:227 | Found Electricity node called SR
2026-04-15 18:13:16 | DEBUG | 1 | MacroEnergy | system.jl:194 | Finding node ER of commodity Electricity
2026-04-15 18:13:16 | DEBUG | 1 | MacroEnergy | system.jl:182 | Finding node ER of commodity Electricity
2026-04-15 18:13:16 | DEBUG | 1 | MacroEnergy | system.jl:227 | Found Electricity node called ER
2026-04-15 18:13:16 | DEBUG | 1 | MacroEnergy | system.jl:194 | Finding node WR of commodity Electricity
2026-04-15 18:13:16 | DEBUG | 1 | MacroEnergy | system.jl:182 | Finding node WR of commodity Electricity
2026-04-15 18:13:16 | DEBUG | 1 | MacroEnergy | system.jl:227 | Found Electricity node called WR
2026-04-15 18:13:16 | DEBUG | 1 | MacroEnergy | system.jl:194 | Finding node SR of commodity Electricity
2026-04-15 18:13:16 | DEBUG | 1 | MacroEnergy | system.jl:182 | Finding node SR of commodity Electricity
2026-04-15 18:13:16 | DEBUG | 1 | MacroEnergy | system.jl:227 | Found Electricity node called SR
2026-04-15 18:13:16 | DEBUG | 1 | MacroEnergy | system.jl:194 | Finding node NR of commodity Electricity
2026-04-15 18:13:16 | DEBUG | 1 | MacroEnergy | system.jl:182 | Finding node NR of commodity Electricity
2026-04-15 18:13:16 | DEBUG | 1 | MacroEnergy | system.jl:227 | Found Electricity node called NR
2026-04-15 18:13:16 | DEBUG | 1 | MacroEnergy | system.jl:194 | Finding node NER of commodity Electricity
2026-04-15 18:13:16 | DEBUG | 1 | MacroEnergy | system.jl:182 | Finding node NER of commodity Electricity
2026-04-15 18:13:16 | DEBUG | 1 | MacroEnergy | system.jl:227 | Found Electricity node called NER
2026-04-15 18:13:16 | DEBUG | 1 | MacroEnergy | system.jl:194 | Finding node ER of commodity Electricity
2026-04-15 18:13:16 | DEBUG | 1 | MacroEnergy | system.jl:182 | Finding node ER of commodity Electricity
2026-04-15 18:13:16 | DEBUG | 1 | MacroEnergy | system.jl:227 | Found Electricity node called ER
2026-04-15 18:13:16 | DEBUG | 1 | MacroEnergy | system.jl:194 | Finding node WR of commodity Electricity
2026-04-15 18:13:16 | DEBUG | 1 | MacroEnergy | system.jl:182 | Finding node WR of commodity Electricity
2026-04-15 18:13:16 | DEBUG | 1 | MacroEnergy | system.jl:227 | Found Electricity node called WR
2026-04-15 18:13:16 | DEBUG | 1 | MacroEnergy | system.jl:194 | Finding node SR of commodity Electricity
2026-04-15 18:13:16 | DEBUG | 1 | MacroEnergy | system.jl:182 | Finding node SR of commodity Electricity
2026-04-15 18:13:16 | DEBUG | 1 | MacroEnergy | system.jl:227 | Found Electricity node called SR
2026-04-15 18:13:16 | INFO | 1 | MacroEnergy | generate_system.jl:43 | Done generating system. It took 11.23 seconds
2026-04-15 18:13:16 | DEBUG | 1 | MacroEnergy | case.jl:41 | Case settings: (var"#PeriodLengths" = "2024", MyopicSettings = (StopAfterPeriod = Inf, WriteModelLP = false, Restart = (folder = "results_001", enabled = false, from_period = 1), ReturnModels = false), PeriodLengths = [1], DiscountRate = 0.045, SolutionAlgorithm = MacroEnergy.Myopic())
2026-04-15 18:13:16 | INFO | 1 | MacroEnergy | case.jl:54 |  -- Discounting fixed costs for period 1
2026-04-15 18:13:16 | INFO | 1 | MacroEnergy | case.jl:57 |  -- Computing retirement case for period 1
2026-04-15 18:13:17 | INFO | 1 | MacroEnergy | case.jl:45 | *** Done generating case. It took 12.46 seconds ***
2026-04-15 18:13:17 | INFO | 1 | MacroEnergy | solver.jl:26 | *** Running simulation with myopic iteration ***
2026-04-15 18:13:17 | DEBUG | 1 | MacroEnergy | output_utilities.jl:46 | Writing results to C:\Users\apascale\OneDrive - Princeton University\Documents\GitHub\NZx_caseDev_MacroEP\electricity_fiveZ_8736_1p_nziShadow_stable\results
2026-04-15 18:13:17 | INFO | 1 | MacroEnergy | myopic.jl:56 |  -- Generating model for period 1
2026-04-15 18:13:17 | DEBUG | 1 | MacroEnergy | optimizer.jl:21 | Setting optimizer Gurobi.Optimizer
2026-04-15 18:13:17 | DEBUG | 1 | MacroEnergy | optimizer.jl:24 | Setting optimizer attributes ("Method" => 2, "Crossover" => 1, "BarConvTol" => 0.0001)
2026-04-15 18:13:17 | INFO | 1 | MacroEnergy | myopic.jl:73 |  -- Adding linking variables
2026-04-15 18:13:18 | INFO | 1 | MacroEnergy | myopic.jl:76 |  -- Defining available capacity
2026-04-15 18:13:19 | INFO | 1 | MacroEnergy | myopic.jl:79 |  -- Generating planning model
2026-04-15 18:13:21 | INFO | 1 | MacroEnergy | myopic.jl:87 |  -- Including age-based retirements
2026-04-15 18:13:21 | INFO | 1 | MacroEnergy | myopic.jl:90 |  -- Generating operational model
2026-04-15 18:13:40 | WARN | 1 | MacroEnergy | long_duration_storage_implicit_min_max.jl:82 | LongDurationStorageImplicitMinMaxConstraint is redundant when all modeled subperiods are representative subperiods so Macro will not create this constraint
2026-04-15 18:13:40 | WARN | 1 | MacroEnergy | long_duration_storage_implicit_min_max.jl:82 | LongDurationStorageImplicitMinMaxConstraint is redundant when all modeled subperiods are representative subperiods so Macro will not create this constraint
2026-04-15 18:13:41 | WARN | 1 | MacroEnergy | long_duration_storage_implicit_min_max.jl:82 | LongDurationStorageImplicitMinMaxConstraint is redundant when all modeled subperiods are representative subperiods so Macro will not create this constraint
2026-04-15 18:13:41 | WARN | 1 | MacroEnergy | long_duration_storage_implicit_min_max.jl:82 | LongDurationStorageImplicitMinMaxConstraint is redundant when all modeled subperiods are representative subperiods so Macro will not create this constraint
2026-04-15 18:13:41 | WARN | 1 | MacroEnergy | long_duration_storage_implicit_min_max.jl:82 | LongDurationStorageImplicitMinMaxConstraint is redundant when all modeled subperiods are representative subperiods so Macro will not create this constraint
2026-04-15 18:14:38 | WARN | 1 | MacroEnergy | long_duration_storage_implicit_min_max.jl:82 | LongDurationStorageImplicitMinMaxConstraint is redundant when all modeled subperiods are representative subperiods so Macro will not create this constraint
2026-04-15 18:14:38 | WARN | 1 | MacroEnergy | long_duration_storage_implicit_min_max.jl:82 | LongDurationStorageImplicitMinMaxConstraint is redundant when all modeled subperiods are representative subperiods so Macro will not create this constraint
2026-04-15 18:14:38 | WARN | 1 | MacroEnergy | long_duration_storage_implicit_min_max.jl:82 | LongDurationStorageImplicitMinMaxConstraint is redundant when all modeled subperiods are representative subperiods so Macro will not create this constraint
2026-04-15 18:14:39 | WARN | 1 | MacroEnergy | long_duration_storage_implicit_min_max.jl:82 | LongDurationStorageImplicitMinMaxConstraint is redundant when all modeled subperiods are representative subperiods so Macro will not create this constraint
2026-04-15 18:14:39 | WARN | 1 | MacroEnergy | long_duration_storage_implicit_min_max.jl:82 | LongDurationStorageImplicitMinMaxConstraint is redundant when all modeled subperiods are representative subperiods so Macro will not create this constraint
2026-04-15 18:14:45 | INFO | 1 | MacroEnergy | scaling.jl:59 | Scaling constraints and RHS
2026-04-15 18:17:12 | INFO | 1 | MacroEnergy | myopic.jl:123 |  -- Writing outputs for period 1
2026-04-15 18:17:18 | INFO | 1 | MacroEnergy | write_capacity.jl:68 | Writing capacity results to C:\Users\apascale\OneDrive - Princeton University\Documents\GitHub\NZx_caseDev_MacroEP\electricity_fiveZ_8736_1p_nziShadow_stable\results\results\capacity.csv
2026-04-15 18:17:18 | DEBUG | 1 | MacroEnergy | write_capacity.jl:223 |  -- Getting optimal values for capacity for the system.
2026-04-15 18:17:24 | DEBUG | 1 | MacroEnergy | write_capacity.jl:223 |  -- Getting optimal values for new_capacity for the system.
2026-04-15 18:17:25 | DEBUG | 1 | MacroEnergy | write_capacity.jl:223 |  -- Getting optimal values for retired_capacity for the system.
2026-04-15 18:17:26 | DEBUG | 1 | MacroEnergy | write_capacity.jl:223 |  -- Getting optimal values for existing_capacity for the system.
2026-04-15 18:17:27 | DEBUG | 1 | MacroEnergy | output_utilities.jl:138 | Using output layout long
2026-04-15 18:17:28 | INFO | 1 | MacroEnergy | write_cost.jl:36 | Writing total discounted costs to C:\Users\apascale\OneDrive - Princeton University\Documents\GitHub\NZx_caseDev_MacroEP\electricity_fiveZ_8736_1p_nziShadow_stable\results\results\costs.csv
2026-04-15 18:17:28 | DEBUG | 1 | MacroEnergy | write_cost.jl:103 |  -- Getting optimal discounted costs for the system.
2026-04-15 18:17:28 | DEBUG | 1 | MacroEnergy | output_utilities.jl:138 | Using output layout long
2026-04-15 18:17:28 | INFO | 1 | MacroEnergy | write_cost.jl:79 | Writing total undiscounted costs to C:\Users\apascale\OneDrive - Princeton University\Documents\GitHub\NZx_caseDev_MacroEP\electricity_fiveZ_8736_1p_nziShadow_stable\results\results\undiscounted_costs.csv
2026-04-15 18:17:28 | DEBUG | 1 | MacroEnergy | write_cost.jl:114 |  -- Getting optimal discounted costs for the system.
2026-04-15 18:17:30 | DEBUG | 1 | MacroEnergy | output_utilities.jl:138 | Using output layout long
2026-04-15 18:17:30 | DEBUG | 1 | MacroEnergy | write_cost.jl:438 | Writing detailed cost breakdown files
2026-04-15 18:17:30 | DEBUG | 1 | MacroEnergy | output_utilities.jl:138 | Using output layout long
2026-04-15 18:17:32 | INFO | 1 | MacroEnergy | write_cost.jl:554 | Writing detailed discounted costs by type to C:\Users\apascale\OneDrive - Princeton University\Documents\GitHub\NZx_caseDev_MacroEP\electricity_fiveZ_8736_1p_nziShadow_stable\results\results\costs_by_type.csv
2026-04-15 18:17:32 | INFO | 1 | MacroEnergy | write_cost.jl:562 | Writing detailed discounted costs by zone to C:\Users\apascale\OneDrive - Princeton University\Documents\GitHub\NZx_caseDev_MacroEP\electricity_fiveZ_8736_1p_nziShadow_stable\results\results\costs_by_zone.csv
2026-04-15 18:17:32 | INFO | 1 | MacroEnergy | write_cost.jl:554 | Writing detailed undiscounted costs by type to C:\Users\apascale\OneDrive - Princeton University\Documents\GitHub\NZx_caseDev_MacroEP\electricity_fiveZ_8736_1p_nziShadow_stable\results\results\undiscounted_costs_by_type.csv
2026-04-15 18:17:33 | INFO | 1 | MacroEnergy | write_cost.jl:562 | Writing detailed undiscounted costs by zone to C:\Users\apascale\OneDrive - Princeton University\Documents\GitHub\NZx_caseDev_MacroEP\electricity_fiveZ_8736_1p_nziShadow_stable\results\results\undiscounted_costs_by_zone.csv
2026-04-15 18:17:33 | INFO | 1 | MacroEnergy | write_flow.jl:66 | Writing flow results to C:\Users\apascale\OneDrive - Princeton University\Documents\GitHub\NZx_caseDev_MacroEP\electricity_fiveZ_8736_1p_nziShadow_stable\results\results\flows.csv
2026-04-15 18:17:33 | DEBUG | 1 | MacroEnergy | write_flow.jl:159 |  -- Getting optimal flow values for the system
2026-04-15 18:17:37 | DEBUG | 1 | MacroEnergy | output_utilities.jl:138 | Using output layout long
2026-04-15 18:17:39 | INFO | 1 | MacroEnergy | write_non_served_demand.jl:44 | Writing non-served demand results to C:\Users\apascale\OneDrive - Princeton University\Documents\GitHub\NZx_caseDev_MacroEP\electricity_fiveZ_8736_1p_nziShadow_stable\results\results\non_served_demand.csv
2026-04-15 18:17:39 | DEBUG | 1 | MacroEnergy | write_non_served_demand.jl:121 |  -- Getting optimal non-served demand values for the system
2026-04-15 18:17:40 | DEBUG | 1 | MacroEnergy | output_utilities.jl:138 | Using output layout long
2026-04-15 18:17:40 | INFO | 1 | MacroEnergy | write_storage_level.jl:58 | Writing storage level results to C:\Users\apascale\OneDrive - Princeton University\Documents\GitHub\NZx_caseDev_MacroEP\electricity_fiveZ_8736_1p_nziShadow_stable\results\results\storage_level.csv
2026-04-15 18:17:40 | DEBUG | 1 | MacroEnergy | write_storage_level.jl:148 |  -- Getting optimal storage level values for the system
2026-04-15 18:17:40 | DEBUG | 1 | MacroEnergy | output_utilities.jl:138 | Using output layout long
2026-04-15 18:17:40 | INFO | 1 | MacroEnergy | write_curtailment.jl:44 | Writing curtailment results to C:\Users\apascale\OneDrive - Princeton University\Documents\GitHub\NZx_caseDev_MacroEP\electricity_fiveZ_8736_1p_nziShadow_stable\results\results\curtailment.csv
2026-04-15 18:17:40 | DEBUG | 1 | MacroEnergy | write_curtailment.jl:137 |  -- Getting optimal curtailment values for the system
2026-04-15 18:17:41 | DEBUG | 1 | MacroEnergy | output_utilities.jl:138 | Using output layout long
2026-04-15 18:17:41 | DEBUG | 1 | MacroEnergy | solver.jl:79 | Dual values available in the model
2026-04-15 18:17:41 | INFO | 1 | MacroEnergy | write_duals.jl:38 | Writing constraint dual values to C:\Users\apascale\OneDrive - Princeton University\Documents\GitHub\NZx_caseDev_MacroEP\electricity_fiveZ_8736_1p_nziShadow_stable\results\results
2026-04-15 18:17:41 | INFO | 1 | MacroEnergy | write_duals.jl:81 | Writing balance constraint dual values to C:\Users\apascale\OneDrive - Princeton University\Documents\GitHub\NZx_caseDev_MacroEP\electricity_fiveZ_8736_1p_nziShadow_stable\results\results
2026-04-15 18:17:41 | DEBUG | 1 | MacroEnergy | write_duals.jl:120 | Wrote 8736 time steps and 6 nodes for balance constraints to CSV file: C:\Users\apascale\OneDrive - Princeton University\Documents\GitHub\NZx_caseDev_MacroEP\electricity_fiveZ_8736_1p_nziShadow_stable\results\results\balance_duals.csv
2026-04-15 18:17:41 | INFO | 1 | MacroEnergy | write_duals.jl:155 | Writing CO2 cap constraint dual values to C:\Users\apascale\OneDrive - Princeton University\Documents\GitHub\NZx_caseDev_MacroEP\electricity_fiveZ_8736_1p_nziShadow_stable\results\results
2026-04-15 18:17:41 | INFO | 1 | MacroEnergy | write_duals.jl:202 | No CO2 cap constraints found to export
2026-04-15 18:17:44 | INFO | 1 | MacroEnergy | myopic.jl:136 | Writing settings file
