2026-03-20 14:09:38 | INFO | 1 | MacroEnergy | run_tools.jl:123 | Running case at C:\Users\apascale\OneDrive - Princeton University\Documents\GitHub\MacroEnergy.jl\nzi_dev\electricity_fiveZ_8736_1p_nziShadow
2026-03-20 14:09:38 | INFO | 1 | MacroEnergy | user_additions.jl:78 |  ++ Loading user additions from nzi_dev\electricity_fiveZ_8736_1p_nziShadow\user_additions
2026-03-20 14:09:38 | DEBUG | 1 | MacroEnergy | user_additions.jl:116 | No user additions files found in nzi_dev\electricity_fiveZ_8736_1p_nziShadow\user_additions
2026-03-20 14:09:38 | INFO | 1 | MacroEnergy | user_additions.jl:122 |  ++ Added user assets: 0
2026-03-20 14:09:38 | INFO | 1 | MacroEnergy | load_stages_data.jl:36 | Loading case from C:\Users\apascale\OneDrive - Princeton University\Documents\GitHub\MacroEnergy.jl\nzi_dev\electricity_fiveZ_8736_1p_nziShadow\system_data.json
2026-03-20 14:09:38 | INFO | 1 | MacroEnergy | load_system_data.jl:17 | Loading system data
2026-03-20 14:09:38 | DEBUG | 1 | MacroEnergy | load_system_data.jl:19 | Loading system data from C:\Users\apascale\OneDrive - Princeton University\Documents\GitHub\MacroEnergy.jl\nzi_dev\electricity_fiveZ_8736_1p_nziShadow\system_data.json
2026-03-20 14:09:38 | DEBUG | 1 | MacroEnergy | default_system_data.jl:42 | Loading system data from C:\Users\apascale\OneDrive - Princeton University\Documents\GitHub\MacroEnergy.jl\nzi_dev\electricity_fiveZ_8736_1p_nziShadow\system_data.json
2026-03-20 14:09:38 | DEBUG | 1 | MacroEnergy | default_system_data.jl:51 | Writing updated system data to C:\Users\apascale\OneDrive - Princeton University\Documents\GitHub\MacroEnergy.jl\nzi_dev\electricity_fiveZ_8736_1p_nziShadow\system_data.json
2026-03-20 14:09:39 | DEBUG | 1 | MacroEnergy | load_inputs.jl:2 | Loading JSON data from C:\Users\apascale\OneDrive - Princeton University\Documents\GitHub\MacroEnergy.jl\nzi_dev\electricity_fiveZ_8736_1p_nziShadow\system_data.json
2026-03-20 14:09:39 | DEBUG | 1 | MacroEnergy | load_json_inputs.jl:19 | Loading JSON data from C:\Users\apascale\OneDrive - Princeton University\Documents\GitHub\MacroEnergy.jl\nzi_dev\electricity_fiveZ_8736_1p_nziShadow\system_data.json
2026-03-20 14:09:39 | DEBUG | 1 | MacroEnergy | load_json_inputs.jl:103 | FETCHING DATA FROM: system/commodities.json
2026-03-20 14:09:39 | DEBUG | 1 | MacroEnergy | load_inputs.jl:2 | Loading JSON data from C:\Users\apascale\OneDrive - Princeton University\Documents\GitHub\MacroEnergy.jl\nzi_dev\electricity_fiveZ_8736_1p_nziShadow\system/commodities.json
2026-03-20 14:09:39 | DEBUG | 1 | MacroEnergy | load_json_inputs.jl:19 | Loading JSON data from C:\Users\apascale\OneDrive - Princeton University\Documents\GitHub\MacroEnergy.jl\nzi_dev\electricity_fiveZ_8736_1p_nziShadow\system/commodities.json
2026-03-20 14:09:39 | DEBUG | 1 | MacroEnergy | load_json_inputs.jl:103 | FETCHING DATA FROM: system/locations.json
2026-03-20 14:09:39 | DEBUG | 1 | MacroEnergy | load_inputs.jl:2 | Loading JSON data from C:\Users\apascale\OneDrive - Princeton University\Documents\GitHub\MacroEnergy.jl\nzi_dev\electricity_fiveZ_8736_1p_nziShadow\system/locations.json
2026-03-20 14:09:39 | DEBUG | 1 | MacroEnergy | load_json_inputs.jl:19 | Loading JSON data from C:\Users\apascale\OneDrive - Princeton University\Documents\GitHub\MacroEnergy.jl\nzi_dev\electricity_fiveZ_8736_1p_nziShadow\system/locations.json
2026-03-20 14:09:39 | DEBUG | 1 | MacroEnergy | load_json_inputs.jl:103 | FETCHING DATA FROM: settings/macro_settings.json
2026-03-20 14:09:39 | DEBUG | 1 | MacroEnergy | load_inputs.jl:2 | Loading JSON data from C:\Users\apascale\OneDrive - Princeton University\Documents\GitHub\MacroEnergy.jl\nzi_dev\electricity_fiveZ_8736_1p_nziShadow\settings/macro_settings.json
2026-03-20 14:09:39 | DEBUG | 1 | MacroEnergy | load_json_inputs.jl:19 | Loading JSON data from C:\Users\apascale\OneDrive - Princeton University\Documents\GitHub\MacroEnergy.jl\nzi_dev\electricity_fiveZ_8736_1p_nziShadow\settings/macro_settings.json
2026-03-20 14:09:39 | DEBUG | 1 | MacroEnergy | load_json_inputs.jl:103 | FETCHING DATA FROM: system/nodes.json
2026-03-20 14:09:39 | DEBUG | 1 | MacroEnergy | load_inputs.jl:2 | Loading JSON data from C:\Users\apascale\OneDrive - Princeton University\Documents\GitHub\MacroEnergy.jl\nzi_dev\electricity_fiveZ_8736_1p_nziShadow\system/nodes.json
2026-03-20 14:09:39 | DEBUG | 1 | MacroEnergy | load_json_inputs.jl:19 | Loading JSON data from C:\Users\apascale\OneDrive - Princeton University\Documents\GitHub\MacroEnergy.jl\nzi_dev\electricity_fiveZ_8736_1p_nziShadow\system/nodes.json
2026-03-20 14:09:39 | DEBUG | 1 | MacroEnergy | csv.jl:6 | Loading CSV data from C:\Users\apascale\OneDrive - Princeton University\Documents\GitHub\MacroEnergy.jl\nzi_dev\electricity_fiveZ_8736_1p_nziShadow\system/demand.csv
2026-03-20 14:09:39 | DEBUG | 1 | MacroEnergy | csv.jl:9 | Loading columns [:elec_demand_NR] from CSV data from C:\Users\apascale\OneDrive - Princeton University\Documents\GitHub\MacroEnergy.jl\nzi_dev\electricity_fiveZ_8736_1p_nziShadow\system/demand.csv
2026-03-20 14:09:39 | DEBUG | 1 | MacroEnergy | csv.jl:6 | Loading CSV data from C:\Users\apascale\OneDrive - Princeton University\Documents\GitHub\MacroEnergy.jl\nzi_dev\electricity_fiveZ_8736_1p_nziShadow\system/demand.csv
2026-03-20 14:09:39 | DEBUG | 1 | MacroEnergy | csv.jl:9 | Loading columns [:elec_demand_NER] from CSV data from C:\Users\apascale\OneDrive - Princeton University\Documents\GitHub\MacroEnergy.jl\nzi_dev\electricity_fiveZ_8736_1p_nziShadow\system/demand.csv
2026-03-20 14:09:39 | DEBUG | 1 | MacroEnergy | csv.jl:6 | Loading CSV data from C:\Users\apascale\OneDrive - Princeton University\Documents\GitHub\MacroEnergy.jl\nzi_dev\electricity_fiveZ_8736_1p_nziShadow\system/demand.csv
2026-03-20 14:09:39 | DEBUG | 1 | MacroEnergy | csv.jl:9 | Loading columns [:elec_demand_ER] from CSV data from C:\Users\apascale\OneDrive - Princeton University\Documents\GitHub\MacroEnergy.jl\nzi_dev\electricity_fiveZ_8736_1p_nziShadow\system/demand.csv
2026-03-20 14:09:39 | DEBUG | 1 | MacroEnergy | csv.jl:6 | Loading CSV data from C:\Users\apascale\OneDrive - Princeton University\Documents\GitHub\MacroEnergy.jl\nzi_dev\electricity_fiveZ_8736_1p_nziShadow\system/demand.csv
2026-03-20 14:09:40 | DEBUG | 1 | MacroEnergy | csv.jl:9 | Loading columns [:elec_demand_WR] from CSV data from C:\Users\apascale\OneDrive - Princeton University\Documents\GitHub\MacroEnergy.jl\nzi_dev\electricity_fiveZ_8736_1p_nziShadow\system/demand.csv
2026-03-20 14:09:40 | DEBUG | 1 | MacroEnergy | csv.jl:6 | Loading CSV data from C:\Users\apascale\OneDrive - Princeton University\Documents\GitHub\MacroEnergy.jl\nzi_dev\electricity_fiveZ_8736_1p_nziShadow\system/demand.csv
2026-03-20 14:09:40 | DEBUG | 1 | MacroEnergy | csv.jl:9 | Loading columns [:elec_demand_SR] from CSV data from C:\Users\apascale\OneDrive - Princeton University\Documents\GitHub\MacroEnergy.jl\nzi_dev\electricity_fiveZ_8736_1p_nziShadow\system/demand.csv
2026-03-20 14:09:40 | DEBUG | 1 | MacroEnergy | load_json_inputs.jl:103 | FETCHING DATA FROM: assets
2026-03-20 14:09:40 | DEBUG | 1 | MacroEnergy | load_json_inputs.jl:128 | Loading data from Biomass_5r_2024base.json
2026-03-20 14:09:40 | DEBUG | 1 | MacroEnergy | load_inputs.jl:2 | Loading JSON data from C:\Users\apascale\OneDrive - Princeton University\Documents\GitHub\MacroEnergy.jl\nzi_dev\electricity_fiveZ_8736_1p_nziShadow\assets\Biomass_5r_2024base.json
2026-03-20 14:09:40 | DEBUG | 1 | MacroEnergy | load_json_inputs.jl:19 | Loading JSON data from C:\Users\apascale\OneDrive - Princeton University\Documents\GitHub\MacroEnergy.jl\nzi_dev\electricity_fiveZ_8736_1p_nziShadow\assets\Biomass_5r_2024base.json
2026-03-20 14:09:40 | DEBUG | 1 | MacroEnergy | load_json_inputs.jl:128 | Loading data from Coal_5r_2024base.json
2026-03-20 14:09:40 | DEBUG | 1 | MacroEnergy | load_inputs.jl:2 | Loading JSON data from C:\Users\apascale\OneDrive - Princeton University\Documents\GitHub\MacroEnergy.jl\nzi_dev\electricity_fiveZ_8736_1p_nziShadow\assets\Coal_5r_2024base.json
2026-03-20 14:09:40 | DEBUG | 1 | MacroEnergy | load_json_inputs.jl:19 | Loading JSON data from C:\Users\apascale\OneDrive - Princeton University\Documents\GitHub\MacroEnergy.jl\nzi_dev\electricity_fiveZ_8736_1p_nziShadow\assets\Coal_5r_2024base.json
2026-03-20 14:09:40 | DEBUG | 1 | MacroEnergy | load_json_inputs.jl:128 | Loading data from Largehydro_5r_2024base.json
2026-03-20 14:09:40 | DEBUG | 1 | MacroEnergy | load_inputs.jl:2 | Loading JSON data from C:\Users\apascale\OneDrive - Princeton University\Documents\GitHub\MacroEnergy.jl\nzi_dev\electricity_fiveZ_8736_1p_nziShadow\assets\Largehydro_5r_2024base.json
2026-03-20 14:09:40 | DEBUG | 1 | MacroEnergy | load_json_inputs.jl:19 | Loading JSON data from C:\Users\apascale\OneDrive - Princeton University\Documents\GitHub\MacroEnergy.jl\nzi_dev\electricity_fiveZ_8736_1p_nziShadow\assets\Largehydro_5r_2024base.json
2026-03-20 14:09:40 | DEBUG | 1 | MacroEnergy | csv.jl:6 | Loading CSV data from C:\Users\apascale\OneDrive - Princeton University\Documents\GitHub\MacroEnergy.jl\nzi_dev\electricity_fiveZ_8736_1p_nziShadow\system/availability.csv
2026-03-20 14:09:40 | DEBUG | 1 | MacroEnergy | csv.jl:9 | Loading columns [:NR_conventional_hydroelectric] from CSV data from C:\Users\apascale\OneDrive - Princeton University\Documents\GitHub\MacroEnergy.jl\nzi_dev\electricity_fiveZ_8736_1p_nziShadow\system/availability.csv
2026-03-20 14:09:40 | DEBUG | 1 | MacroEnergy | csv.jl:6 | Loading CSV data from C:\Users\apascale\OneDrive - Princeton University\Documents\GitHub\MacroEnergy.jl\nzi_dev\electricity_fiveZ_8736_1p_nziShadow\system/availability.csv
2026-03-20 14:09:40 | DEBUG | 1 | MacroEnergy | csv.jl:9 | Loading columns [:NER_conventional_hydroelectric] from CSV data from C:\Users\apascale\OneDrive - Princeton University\Documents\GitHub\MacroEnergy.jl\nzi_dev\electricity_fiveZ_8736_1p_nziShadow\system/availability.csv
2026-03-20 14:09:40 | DEBUG | 1 | MacroEnergy | csv.jl:6 | Loading CSV data from C:\Users\apascale\OneDrive - Princeton University\Documents\GitHub\MacroEnergy.jl\nzi_dev\electricity_fiveZ_8736_1p_nziShadow\system/availability.csv
2026-03-20 14:09:40 | DEBUG | 1 | MacroEnergy | csv.jl:9 | Loading columns [:ER_conventional_hydroelectric] from CSV data from C:\Users\apascale\OneDrive - Princeton University\Documents\GitHub\MacroEnergy.jl\nzi_dev\electricity_fiveZ_8736_1p_nziShadow\system/availability.csv
2026-03-20 14:09:40 | DEBUG | 1 | MacroEnergy | csv.jl:6 | Loading CSV data from C:\Users\apascale\OneDrive - Princeton University\Documents\GitHub\MacroEnergy.jl\nzi_dev\electricity_fiveZ_8736_1p_nziShadow\system/availability.csv
2026-03-20 14:09:40 | DEBUG | 1 | MacroEnergy | csv.jl:9 | Loading columns [:WR_conventional_hydroelectric] from CSV data from C:\Users\apascale\OneDrive - Princeton University\Documents\GitHub\MacroEnergy.jl\nzi_dev\electricity_fiveZ_8736_1p_nziShadow\system/availability.csv
2026-03-20 14:09:40 | DEBUG | 1 | MacroEnergy | csv.jl:6 | Loading CSV data from C:\Users\apascale\OneDrive - Princeton University\Documents\GitHub\MacroEnergy.jl\nzi_dev\electricity_fiveZ_8736_1p_nziShadow\system/availability.csv
2026-03-20 14:09:40 | DEBUG | 1 | MacroEnergy | csv.jl:9 | Loading columns [:SR_conventional_hydroelectric] from CSV data from C:\Users\apascale\OneDrive - Princeton University\Documents\GitHub\MacroEnergy.jl\nzi_dev\electricity_fiveZ_8736_1p_nziShadow\system/availability.csv
2026-03-20 14:09:40 | DEBUG | 1 | MacroEnergy | load_json_inputs.jl:128 | Loading data from NaturalGas_CCGT_5r_2024base .json
2026-03-20 14:09:40 | DEBUG | 1 | MacroEnergy | load_inputs.jl:2 | Loading JSON data from C:\Users\apascale\OneDrive - Princeton University\Documents\GitHub\MacroEnergy.jl\nzi_dev\electricity_fiveZ_8736_1p_nziShadow\assets\NaturalGas_CCGT_5r_2024base .json
2026-03-20 14:09:40 | DEBUG | 1 | MacroEnergy | load_json_inputs.jl:19 | Loading JSON data from C:\Users\apascale\OneDrive - Princeton University\Documents\GitHub\MacroEnergy.jl\nzi_dev\electricity_fiveZ_8736_1p_nziShadow\assets\NaturalGas_CCGT_5r_2024base .json
2026-03-20 14:09:40 | DEBUG | 1 | MacroEnergy | load_json_inputs.jl:128 | Loading data from NaturalGas_OCGT_5r_2024base.json
2026-03-20 14:09:40 | DEBUG | 1 | MacroEnergy | load_inputs.jl:2 | Loading JSON data from C:\Users\apascale\OneDrive - Princeton University\Documents\GitHub\MacroEnergy.jl\nzi_dev\electricity_fiveZ_8736_1p_nziShadow\assets\NaturalGas_OCGT_5r_2024base.json
2026-03-20 14:09:40 | DEBUG | 1 | MacroEnergy | load_json_inputs.jl:19 | Loading JSON data from C:\Users\apascale\OneDrive - Princeton University\Documents\GitHub\MacroEnergy.jl\nzi_dev\electricity_fiveZ_8736_1p_nziShadow\assets\NaturalGas_OCGT_5r_2024base.json
2026-03-20 14:09:40 | DEBUG | 1 | MacroEnergy | load_json_inputs.jl:128 | Loading data from Nuclear_PHWR_5r_2024base_24upDown .json
2026-03-20 14:09:40 | DEBUG | 1 | MacroEnergy | load_inputs.jl:2 | Loading JSON data from C:\Users\apascale\OneDrive - Princeton University\Documents\GitHub\MacroEnergy.jl\nzi_dev\electricity_fiveZ_8736_1p_nziShadow\assets\Nuclear_PHWR_5r_2024base_24upDown .json
2026-03-20 14:09:40 | DEBUG | 1 | MacroEnergy | load_json_inputs.jl:19 | Loading JSON data from C:\Users\apascale\OneDrive - Princeton University\Documents\GitHub\MacroEnergy.jl\nzi_dev\electricity_fiveZ_8736_1p_nziShadow\assets\Nuclear_PHWR_5r_2024base_24upDown .json
2026-03-20 14:09:40 | DEBUG | 1 | MacroEnergy | load_json_inputs.jl:128 | Loading data from Nuclear_SMR_5r_2024base_24hrupDown.json
2026-03-20 14:09:40 | DEBUG | 1 | MacroEnergy | load_inputs.jl:2 | Loading JSON data from C:\Users\apascale\OneDrive - Princeton University\Documents\GitHub\MacroEnergy.jl\nzi_dev\electricity_fiveZ_8736_1p_nziShadow\assets\Nuclear_SMR_5r_2024base_24hrupDown.json
2026-03-20 14:09:40 | DEBUG | 1 | MacroEnergy | load_json_inputs.jl:19 | Loading JSON data from C:\Users\apascale\OneDrive - Princeton University\Documents\GitHub\MacroEnergy.jl\nzi_dev\electricity_fiveZ_8736_1p_nziShadow\assets\Nuclear_SMR_5r_2024base_24hrupDown.json
2026-03-20 14:09:40 | DEBUG | 1 | MacroEnergy | load_json_inputs.jl:128 | Loading data from Smallhydro_5r_2024.json
2026-03-20 14:09:40 | DEBUG | 1 | MacroEnergy | load_inputs.jl:2 | Loading JSON data from C:\Users\apascale\OneDrive - Princeton University\Documents\GitHub\MacroEnergy.jl\nzi_dev\electricity_fiveZ_8736_1p_nziShadow\assets\Smallhydro_5r_2024.json
2026-03-20 14:09:40 | DEBUG | 1 | MacroEnergy | load_json_inputs.jl:19 | Loading JSON data from C:\Users\apascale\OneDrive - Princeton University\Documents\GitHub\MacroEnergy.jl\nzi_dev\electricity_fiveZ_8736_1p_nziShadow\assets\Smallhydro_5r_2024.json
2026-03-20 14:09:40 | DEBUG | 1 | MacroEnergy | csv.jl:6 | Loading CSV data from C:\Users\apascale\OneDrive - Princeton University\Documents\GitHub\MacroEnergy.jl\nzi_dev\electricity_fiveZ_8736_1p_nziShadow\system/availability.csv
2026-03-20 14:09:40 | DEBUG | 1 | MacroEnergy | csv.jl:9 | Loading columns [:NR_conventional_hydroelectric] from CSV data from C:\Users\apascale\OneDrive - Princeton University\Documents\GitHub\MacroEnergy.jl\nzi_dev\electricity_fiveZ_8736_1p_nziShadow\system/availability.csv
2026-03-20 14:09:40 | DEBUG | 1 | MacroEnergy | csv.jl:6 | Loading CSV data from C:\Users\apascale\OneDrive - Princeton University\Documents\GitHub\MacroEnergy.jl\nzi_dev\electricity_fiveZ_8736_1p_nziShadow\system/availability.csv
2026-03-20 14:09:40 | DEBUG | 1 | MacroEnergy | csv.jl:9 | Loading columns [:NER_conventional_hydroelectric] from CSV data from C:\Users\apascale\OneDrive - Princeton University\Documents\GitHub\MacroEnergy.jl\nzi_dev\electricity_fiveZ_8736_1p_nziShadow\system/availability.csv
2026-03-20 14:09:40 | DEBUG | 1 | MacroEnergy | csv.jl:6 | Loading CSV data from C:\Users\apascale\OneDrive - Princeton University\Documents\GitHub\MacroEnergy.jl\nzi_dev\electricity_fiveZ_8736_1p_nziShadow\system/availability.csv
2026-03-20 14:09:40 | DEBUG | 1 | MacroEnergy | csv.jl:9 | Loading columns [:ER_conventional_hydroelectric] from CSV data from C:\Users\apascale\OneDrive - Princeton University\Documents\GitHub\MacroEnergy.jl\nzi_dev\electricity_fiveZ_8736_1p_nziShadow\system/availability.csv
2026-03-20 14:09:40 | DEBUG | 1 | MacroEnergy | csv.jl:6 | Loading CSV data from C:\Users\apascale\OneDrive - Princeton University\Documents\GitHub\MacroEnergy.jl\nzi_dev\electricity_fiveZ_8736_1p_nziShadow\system/availability.csv
2026-03-20 14:09:40 | DEBUG | 1 | MacroEnergy | csv.jl:9 | Loading columns [:WR_conventional_hydroelectric] from CSV data from C:\Users\apascale\OneDrive - Princeton University\Documents\GitHub\MacroEnergy.jl\nzi_dev\electricity_fiveZ_8736_1p_nziShadow\system/availability.csv
2026-03-20 14:09:40 | DEBUG | 1 | MacroEnergy | csv.jl:6 | Loading CSV data from C:\Users\apascale\OneDrive - Princeton University\Documents\GitHub\MacroEnergy.jl\nzi_dev\electricity_fiveZ_8736_1p_nziShadow\system/availability.csv
2026-03-20 14:09:40 | DEBUG | 1 | MacroEnergy | csv.jl:9 | Loading columns [:SR_conventional_hydroelectric] from CSV data from C:\Users\apascale\OneDrive - Princeton University\Documents\GitHub\MacroEnergy.jl\nzi_dev\electricity_fiveZ_8736_1p_nziShadow\system/availability.csv
2026-03-20 14:09:40 | DEBUG | 1 | MacroEnergy | load_json_inputs.jl:128 | Loading data from electricityStorage_batteryPumpedHydro_5r_unlimCapped.json
2026-03-20 14:09:40 | DEBUG | 1 | MacroEnergy | load_inputs.jl:2 | Loading JSON data from C:\Users\apascale\OneDrive - Princeton University\Documents\GitHub\MacroEnergy.jl\nzi_dev\electricity_fiveZ_8736_1p_nziShadow\assets\electricityStorage_batteryPumpedHydro_5r_unlimCapped.json
2026-03-20 14:09:40 | DEBUG | 1 | MacroEnergy | load_json_inputs.jl:19 | Loading JSON data from C:\Users\apascale\OneDrive - Princeton University\Documents\GitHub\MacroEnergy.jl\nzi_dev\electricity_fiveZ_8736_1p_nziShadow\assets\electricityStorage_batteryPumpedHydro_5r_unlimCapped.json
2026-03-20 14:09:40 | DEBUG | 1 | MacroEnergy | load_json_inputs.jl:128 | Loading data from transmission.json
2026-03-20 14:09:40 | DEBUG | 1 | MacroEnergy | load_inputs.jl:2 | Loading JSON data from C:\Users\apascale\OneDrive - Princeton University\Documents\GitHub\MacroEnergy.jl\nzi_dev\electricity_fiveZ_8736_1p_nziShadow\assets\transmission.json
2026-03-20 14:09:40 | DEBUG | 1 | MacroEnergy | load_json_inputs.jl:19 | Loading JSON data from C:\Users\apascale\OneDrive - Princeton University\Documents\GitHub\MacroEnergy.jl\nzi_dev\electricity_fiveZ_8736_1p_nziShadow\assets\transmission.json
2026-03-20 14:09:40 | DEBUG | 1 | MacroEnergy | load_json_inputs.jl:128 | Loading data from vre_solar_Groundmounted_5r_2024base .json
2026-03-20 14:09:40 | DEBUG | 1 | MacroEnergy | load_inputs.jl:2 | Loading JSON data from C:\Users\apascale\OneDrive - Princeton University\Documents\GitHub\MacroEnergy.jl\nzi_dev\electricity_fiveZ_8736_1p_nziShadow\assets\vre_solar_Groundmounted_5r_2024base .json
2026-03-20 14:09:40 | DEBUG | 1 | MacroEnergy | load_json_inputs.jl:19 | Loading JSON data from C:\Users\apascale\OneDrive - Princeton University\Documents\GitHub\MacroEnergy.jl\nzi_dev\electricity_fiveZ_8736_1p_nziShadow\assets\vre_solar_Groundmounted_5r_2024base .json
2026-03-20 14:09:40 | DEBUG | 1 | MacroEnergy | csv.jl:6 | Loading CSV data from C:\Users\apascale\OneDrive - Princeton University\Documents\GitHub\MacroEnergy.jl\nzi_dev\electricity_fiveZ_8736_1p_nziShadow\system/availability.csv
2026-03-20 14:09:40 | DEBUG | 1 | MacroEnergy | csv.jl:9 | Loading columns [:NR_solar_pv] from CSV data from C:\Users\apascale\OneDrive - Princeton University\Documents\GitHub\MacroEnergy.jl\nzi_dev\electricity_fiveZ_8736_1p_nziShadow\system/availability.csv
2026-03-20 14:09:40 | DEBUG | 1 | MacroEnergy | csv.jl:6 | Loading CSV data from C:\Users\apascale\OneDrive - Princeton University\Documents\GitHub\MacroEnergy.jl\nzi_dev\electricity_fiveZ_8736_1p_nziShadow\system/availability.csv
2026-03-20 14:09:40 | DEBUG | 1 | MacroEnergy | csv.jl:9 | Loading columns [:NER_solar_pv] from CSV data from C:\Users\apascale\OneDrive - Princeton University\Documents\GitHub\MacroEnergy.jl\nzi_dev\electricity_fiveZ_8736_1p_nziShadow\system/availability.csv
2026-03-20 14:09:40 | DEBUG | 1 | MacroEnergy | csv.jl:6 | Loading CSV data from C:\Users\apascale\OneDrive - Princeton University\Documents\GitHub\MacroEnergy.jl\nzi_dev\electricity_fiveZ_8736_1p_nziShadow\system/availability.csv
2026-03-20 14:09:40 | DEBUG | 1 | MacroEnergy | csv.jl:9 | Loading columns [:ER_solar_pv] from CSV data from C:\Users\apascale\OneDrive - Princeton University\Documents\GitHub\MacroEnergy.jl\nzi_dev\electricity_fiveZ_8736_1p_nziShadow\system/availability.csv
2026-03-20 14:09:40 | DEBUG | 1 | MacroEnergy | csv.jl:6 | Loading CSV data from C:\Users\apascale\OneDrive - Princeton University\Documents\GitHub\MacroEnergy.jl\nzi_dev\electricity_fiveZ_8736_1p_nziShadow\system/availability.csv
2026-03-20 14:09:40 | DEBUG | 1 | MacroEnergy | csv.jl:9 | Loading columns [:WR_solar_pv] from CSV data from C:\Users\apascale\OneDrive - Princeton University\Documents\GitHub\MacroEnergy.jl\nzi_dev\electricity_fiveZ_8736_1p_nziShadow\system/availability.csv
2026-03-20 14:09:40 | DEBUG | 1 | MacroEnergy | csv.jl:6 | Loading CSV data from C:\Users\apascale\OneDrive - Princeton University\Documents\GitHub\MacroEnergy.jl\nzi_dev\electricity_fiveZ_8736_1p_nziShadow\system/availability.csv
2026-03-20 14:09:40 | DEBUG | 1 | MacroEnergy | csv.jl:9 | Loading columns [:SR_solar_pv] from CSV data from C:\Users\apascale\OneDrive - Princeton University\Documents\GitHub\MacroEnergy.jl\nzi_dev\electricity_fiveZ_8736_1p_nziShadow\system/availability.csv
2026-03-20 14:09:40 | DEBUG | 1 | MacroEnergy | load_json_inputs.jl:128 | Loading data from vre_solar_Rooftop_5r_2024base.json
2026-03-20 14:09:40 | DEBUG | 1 | MacroEnergy | load_inputs.jl:2 | Loading JSON data from C:\Users\apascale\OneDrive - Princeton University\Documents\GitHub\MacroEnergy.jl\nzi_dev\electricity_fiveZ_8736_1p_nziShadow\assets\vre_solar_Rooftop_5r_2024base.json
2026-03-20 14:09:40 | DEBUG | 1 | MacroEnergy | load_json_inputs.jl:19 | Loading JSON data from C:\Users\apascale\OneDrive - Princeton University\Documents\GitHub\MacroEnergy.jl\nzi_dev\electricity_fiveZ_8736_1p_nziShadow\assets\vre_solar_Rooftop_5r_2024base.json
2026-03-20 14:09:40 | DEBUG | 1 | MacroEnergy | csv.jl:6 | Loading CSV data from C:\Users\apascale\OneDrive - Princeton University\Documents\GitHub\MacroEnergy.jl\nzi_dev\electricity_fiveZ_8736_1p_nziShadow\system/availability.csv
2026-03-20 14:09:41 | DEBUG | 1 | MacroEnergy | csv.jl:9 | Loading columns [:NR_solar_rt] from CSV data from C:\Users\apascale\OneDrive - Princeton University\Documents\GitHub\MacroEnergy.jl\nzi_dev\electricity_fiveZ_8736_1p_nziShadow\system/availability.csv
2026-03-20 14:09:41 | DEBUG | 1 | MacroEnergy | csv.jl:6 | Loading CSV data from C:\Users\apascale\OneDrive - Princeton University\Documents\GitHub\MacroEnergy.jl\nzi_dev\electricity_fiveZ_8736_1p_nziShadow\system/availability.csv
2026-03-20 14:09:41 | DEBUG | 1 | MacroEnergy | csv.jl:9 | Loading columns [:NER_solar_rt] from CSV data from C:\Users\apascale\OneDrive - Princeton University\Documents\GitHub\MacroEnergy.jl\nzi_dev\electricity_fiveZ_8736_1p_nziShadow\system/availability.csv
2026-03-20 14:09:41 | DEBUG | 1 | MacroEnergy | csv.jl:6 | Loading CSV data from C:\Users\apascale\OneDrive - Princeton University\Documents\GitHub\MacroEnergy.jl\nzi_dev\electricity_fiveZ_8736_1p_nziShadow\system/availability.csv
2026-03-20 14:09:41 | DEBUG | 1 | MacroEnergy | csv.jl:9 | Loading columns [:ER_solar_rt] from CSV data from C:\Users\apascale\OneDrive - Princeton University\Documents\GitHub\MacroEnergy.jl\nzi_dev\electricity_fiveZ_8736_1p_nziShadow\system/availability.csv
2026-03-20 14:09:41 | DEBUG | 1 | MacroEnergy | csv.jl:6 | Loading CSV data from C:\Users\apascale\OneDrive - Princeton University\Documents\GitHub\MacroEnergy.jl\nzi_dev\electricity_fiveZ_8736_1p_nziShadow\system/availability.csv
2026-03-20 14:09:41 | DEBUG | 1 | MacroEnergy | csv.jl:9 | Loading columns [:WR_solar_rt] from CSV data from C:\Users\apascale\OneDrive - Princeton University\Documents\GitHub\MacroEnergy.jl\nzi_dev\electricity_fiveZ_8736_1p_nziShadow\system/availability.csv
2026-03-20 14:09:41 | DEBUG | 1 | MacroEnergy | csv.jl:6 | Loading CSV data from C:\Users\apascale\OneDrive - Princeton University\Documents\GitHub\MacroEnergy.jl\nzi_dev\electricity_fiveZ_8736_1p_nziShadow\system/availability.csv
2026-03-20 14:09:41 | DEBUG | 1 | MacroEnergy | csv.jl:9 | Loading columns [:SR_solar_rt] from CSV data from C:\Users\apascale\OneDrive - Princeton University\Documents\GitHub\MacroEnergy.jl\nzi_dev\electricity_fiveZ_8736_1p_nziShadow\system/availability.csv
2026-03-20 14:09:41 | DEBUG | 1 | MacroEnergy | load_json_inputs.jl:128 | Loading data from vre_wind_OFFShore_5r_2024base.json
2026-03-20 14:09:41 | DEBUG | 1 | MacroEnergy | load_inputs.jl:2 | Loading JSON data from C:\Users\apascale\OneDrive - Princeton University\Documents\GitHub\MacroEnergy.jl\nzi_dev\electricity_fiveZ_8736_1p_nziShadow\assets\vre_wind_OFFShore_5r_2024base.json
2026-03-20 14:09:41 | DEBUG | 1 | MacroEnergy | load_json_inputs.jl:19 | Loading JSON data from C:\Users\apascale\OneDrive - Princeton University\Documents\GitHub\MacroEnergy.jl\nzi_dev\electricity_fiveZ_8736_1p_nziShadow\assets\vre_wind_OFFShore_5r_2024base.json
2026-03-20 14:09:41 | DEBUG | 1 | MacroEnergy | csv.jl:6 | Loading CSV data from C:\Users\apascale\OneDrive - Princeton University\Documents\GitHub\MacroEnergy.jl\nzi_dev\electricity_fiveZ_8736_1p_nziShadow\system/availability.csv
2026-03-20 14:09:41 | DEBUG | 1 | MacroEnergy | csv.jl:9 | Loading columns [:NR_offshore_wind] from CSV data from C:\Users\apascale\OneDrive - Princeton University\Documents\GitHub\MacroEnergy.jl\nzi_dev\electricity_fiveZ_8736_1p_nziShadow\system/availability.csv
2026-03-20 14:09:41 | DEBUG | 1 | MacroEnergy | csv.jl:6 | Loading CSV data from C:\Users\apascale\OneDrive - Princeton University\Documents\GitHub\MacroEnergy.jl\nzi_dev\electricity_fiveZ_8736_1p_nziShadow\system/availability.csv
2026-03-20 14:09:41 | DEBUG | 1 | MacroEnergy | csv.jl:9 | Loading columns [:NER_offshore_wind] from CSV data from C:\Users\apascale\OneDrive - Princeton University\Documents\GitHub\MacroEnergy.jl\nzi_dev\electricity_fiveZ_8736_1p_nziShadow\system/availability.csv
2026-03-20 14:09:41 | DEBUG | 1 | MacroEnergy | csv.jl:6 | Loading CSV data from C:\Users\apascale\OneDrive - Princeton University\Documents\GitHub\MacroEnergy.jl\nzi_dev\electricity_fiveZ_8736_1p_nziShadow\system/availability.csv
2026-03-20 14:09:41 | DEBUG | 1 | MacroEnergy | csv.jl:9 | Loading columns [:ER_offshore_wind] from CSV data from C:\Users\apascale\OneDrive - Princeton University\Documents\GitHub\MacroEnergy.jl\nzi_dev\electricity_fiveZ_8736_1p_nziShadow\system/availability.csv
2026-03-20 14:09:41 | DEBUG | 1 | MacroEnergy | csv.jl:6 | Loading CSV data from C:\Users\apascale\OneDrive - Princeton University\Documents\GitHub\MacroEnergy.jl\nzi_dev\electricity_fiveZ_8736_1p_nziShadow\system/availability.csv
2026-03-20 14:09:41 | DEBUG | 1 | MacroEnergy | csv.jl:9 | Loading columns [:WR_offshore_wind] from CSV data from C:\Users\apascale\OneDrive - Princeton University\Documents\GitHub\MacroEnergy.jl\nzi_dev\electricity_fiveZ_8736_1p_nziShadow\system/availability.csv
2026-03-20 14:09:41 | DEBUG | 1 | MacroEnergy | csv.jl:6 | Loading CSV data from C:\Users\apascale\OneDrive - Princeton University\Documents\GitHub\MacroEnergy.jl\nzi_dev\electricity_fiveZ_8736_1p_nziShadow\system/availability.csv
2026-03-20 14:09:41 | DEBUG | 1 | MacroEnergy | csv.jl:9 | Loading columns [:SR_offshore_wind] from CSV data from C:\Users\apascale\OneDrive - Princeton University\Documents\GitHub\MacroEnergy.jl\nzi_dev\electricity_fiveZ_8736_1p_nziShadow\system/availability.csv
2026-03-20 14:09:41 | DEBUG | 1 | MacroEnergy | load_json_inputs.jl:128 | Loading data from vre_wind_ONShore_5r_2024base .json
2026-03-20 14:09:41 | DEBUG | 1 | MacroEnergy | load_inputs.jl:2 | Loading JSON data from C:\Users\apascale\OneDrive - Princeton University\Documents\GitHub\MacroEnergy.jl\nzi_dev\electricity_fiveZ_8736_1p_nziShadow\assets\vre_wind_ONShore_5r_2024base .json
2026-03-20 14:09:41 | DEBUG | 1 | MacroEnergy | load_json_inputs.jl:19 | Loading JSON data from C:\Users\apascale\OneDrive - Princeton University\Documents\GitHub\MacroEnergy.jl\nzi_dev\electricity_fiveZ_8736_1p_nziShadow\assets\vre_wind_ONShore_5r_2024base .json
2026-03-20 14:09:41 | DEBUG | 1 | MacroEnergy | csv.jl:6 | Loading CSV data from C:\Users\apascale\OneDrive - Princeton University\Documents\GitHub\MacroEnergy.jl\nzi_dev\electricity_fiveZ_8736_1p_nziShadow\system/availability.csv
2026-03-20 14:09:41 | DEBUG | 1 | MacroEnergy | csv.jl:9 | Loading columns [:NR_onshore_wind] from CSV data from C:\Users\apascale\OneDrive - Princeton University\Documents\GitHub\MacroEnergy.jl\nzi_dev\electricity_fiveZ_8736_1p_nziShadow\system/availability.csv
2026-03-20 14:09:41 | DEBUG | 1 | MacroEnergy | csv.jl:6 | Loading CSV data from C:\Users\apascale\OneDrive - Princeton University\Documents\GitHub\MacroEnergy.jl\nzi_dev\electricity_fiveZ_8736_1p_nziShadow\system/availability.csv
2026-03-20 14:09:41 | DEBUG | 1 | MacroEnergy | csv.jl:9 | Loading columns [:NER_onshore_wind] from CSV data from C:\Users\apascale\OneDrive - Princeton University\Documents\GitHub\MacroEnergy.jl\nzi_dev\electricity_fiveZ_8736_1p_nziShadow\system/availability.csv
2026-03-20 14:09:41 | DEBUG | 1 | MacroEnergy | csv.jl:6 | Loading CSV data from C:\Users\apascale\OneDrive - Princeton University\Documents\GitHub\MacroEnergy.jl\nzi_dev\electricity_fiveZ_8736_1p_nziShadow\system/availability.csv
2026-03-20 14:09:41 | DEBUG | 1 | MacroEnergy | csv.jl:9 | Loading columns [:ER_onshore_wind] from CSV data from C:\Users\apascale\OneDrive - Princeton University\Documents\GitHub\MacroEnergy.jl\nzi_dev\electricity_fiveZ_8736_1p_nziShadow\system/availability.csv
2026-03-20 14:09:41 | DEBUG | 1 | MacroEnergy | csv.jl:6 | Loading CSV data from C:\Users\apascale\OneDrive - Princeton University\Documents\GitHub\MacroEnergy.jl\nzi_dev\electricity_fiveZ_8736_1p_nziShadow\system/availability.csv
2026-03-20 14:09:41 | DEBUG | 1 | MacroEnergy | csv.jl:9 | Loading columns [:WR_onshore_wind] from CSV data from C:\Users\apascale\OneDrive - Princeton University\Documents\GitHub\MacroEnergy.jl\nzi_dev\electricity_fiveZ_8736_1p_nziShadow\system/availability.csv
2026-03-20 14:09:41 | DEBUG | 1 | MacroEnergy | csv.jl:6 | Loading CSV data from C:\Users\apascale\OneDrive - Princeton University\Documents\GitHub\MacroEnergy.jl\nzi_dev\electricity_fiveZ_8736_1p_nziShadow\system/availability.csv
2026-03-20 14:09:41 | DEBUG | 1 | MacroEnergy | csv.jl:9 | Loading columns [:SR_onshore_wind] from CSV data from C:\Users\apascale\OneDrive - Princeton University\Documents\GitHub\MacroEnergy.jl\nzi_dev\electricity_fiveZ_8736_1p_nziShadow\system/availability.csv
2026-03-20 14:09:41 | DEBUG | 1 | MacroEnergy | load_json_inputs.jl:103 | FETCHING DATA FROM: system/time_data.json
2026-03-20 14:09:41 | DEBUG | 1 | MacroEnergy | load_inputs.jl:2 | Loading JSON data from C:\Users\apascale\OneDrive - Princeton University\Documents\GitHub\MacroEnergy.jl\nzi_dev\electricity_fiveZ_8736_1p_nziShadow\system/time_data.json
2026-03-20 14:09:41 | DEBUG | 1 | MacroEnergy | load_json_inputs.jl:19 | Loading JSON data from C:\Users\apascale\OneDrive - Princeton University\Documents\GitHub\MacroEnergy.jl\nzi_dev\electricity_fiveZ_8736_1p_nziShadow\system/time_data.json
2026-03-20 14:09:41 | DEBUG | 1 | MacroEnergy | load_json_inputs.jl:103 | FETCHING DATA FROM: system/Period_map.csv
2026-03-20 14:09:41 | DEBUG | 1 | MacroEnergy | load_csv_inputs.jl:37 | Loading CSV data from C:\Users\apascale\OneDrive - Princeton University\Documents\GitHub\MacroEnergy.jl\nzi_dev\electricity_fiveZ_8736_1p_nziShadow\system/Period_map.csv
2026-03-20 14:09:41 | DEBUG | 1 | MacroEnergy | load_csv_inputs.jl:62 | The first column of the CSV file must be 'Type'
2026-03-20 14:09:41 | DEBUG | 1 | MacroEnergy | csv.jl:6 | Loading CSV data from C:\Users\apascale\OneDrive - Princeton University\Documents\GitHub\MacroEnergy.jl\nzi_dev\electricity_fiveZ_8736_1p_nziShadow\system/Period_map.csv
2026-03-20 14:09:41 | DEBUG | 1 | MacroEnergy | load_json_inputs.jl:103 | FETCHING DATA FROM: settings/case_settings.json
2026-03-20 14:09:41 | DEBUG | 1 | MacroEnergy | load_inputs.jl:2 | Loading JSON data from C:\Users\apascale\OneDrive - Princeton University\Documents\GitHub\MacroEnergy.jl\nzi_dev\electricity_fiveZ_8736_1p_nziShadow\settings/case_settings.json
2026-03-20 14:09:41 | DEBUG | 1 | MacroEnergy | load_json_inputs.jl:19 | Loading JSON data from C:\Users\apascale\OneDrive - Princeton University\Documents\GitHub\MacroEnergy.jl\nzi_dev\electricity_fiveZ_8736_1p_nziShadow\settings/case_settings.json
2026-03-20 14:09:41 | INFO | 1 | MacroEnergy | load_system_data.jl:25 | Done loading system data. It took 3.54 seconds
2026-03-20 14:09:41 | INFO | 1 | MacroEnergy | load_stages_data.jl:19 | Done loading case data. It took 3.54 seconds
2026-03-20 14:09:41 | INFO | 1 | MacroEnergy | case.jl:15 | *** Generating case ***
2026-03-20 14:09:42 | INFO | 1 | MacroEnergy | case_settings.jl:128 | Configuring case
2026-03-20 14:09:42 | INFO | 1 | MacroEnergy | case_settings.jl:152 |  -- Setting solution algorithm
2026-03-20 14:09:42 | INFO | 1 | MacroEnergy | case_settings.jl:163 |  -- Solution algorithm set to MacroEnergy.Myopic()
2026-03-20 14:09:42 | WARN | 1 | MacroEnergy | case_settings.jl:182 | No myopic settings specified, using default settings
2026-03-20 14:09:42 | INFO | 1 | MacroEnergy | case_settings.jl:183 | Configuring myopic
2026-03-20 14:09:42 | INFO | 1 | MacroEnergy | case.jl:30 | Generating systems
2026-03-20 14:09:43 | DEBUG | 1 | MacroEnergy | system.jl:100 | Creating empty system, with data relative path set to C:\Users\apascale\OneDrive - Princeton University\Documents\GitHub\MacroEnergy.jl\nzi_dev\electricity_fiveZ_8736_1p_nziShadow
2026-03-20 14:09:43 | INFO | 1 | MacroEnergy | generate_system.jl:18 | Generating system
2026-03-20 14:09:45 | INFO | 1 | MacroEnergy | load_commodities.jl:299 |  ++ Added user commodities: 0 top-level, 0 subcommodities
2026-03-20 14:09:45 | DEBUG | 1 | MacroEnergy | load_commodities.jl:302 |  -- Done adding subcommodities
2026-03-20 14:09:48 | DEBUG | 1 | MacroEnergy | node.jl:276 | Adding node elec_NR to location NR
2026-03-20 14:09:48 | DEBUG | 1 | MacroEnergy | node.jl:276 | Adding node elec_NER to location NER
2026-03-20 14:09:48 | DEBUG | 1 | MacroEnergy | node.jl:276 | Adding node elec_ER to location ER
2026-03-20 14:09:48 | DEBUG | 1 | MacroEnergy | node.jl:276 | Adding node elec_WR to location WR
2026-03-20 14:09:48 | DEBUG | 1 | MacroEnergy | node.jl:276 | Adding node elec_SR to location SR
2026-03-20 14:09:52 | DEBUG | 1 | MacroEnergy | system.jl:194 | Finding node NR of commodity Electricity
2026-03-20 14:09:52 | DEBUG | 1 | MacroEnergy | system.jl:182 | Finding node NR of commodity Electricity
2026-03-20 14:09:52 | DEBUG | 1 | MacroEnergy | system.jl:227 | Found Electricity node called NR
2026-03-20 14:09:52 | DEBUG | 1 | MacroEnergy | system.jl:194 | Finding node biomass_source of commodity Biomass
2026-03-20 14:09:52 | DEBUG | 1 | MacroEnergy | system.jl:182 | Finding node biomass_source of commodity Biomass
2026-03-20 14:09:53 | DEBUG | 1 | MacroEnergy | system.jl:194 | Finding node co2_sink of commodity CO2
2026-03-20 14:09:53 | DEBUG | 1 | MacroEnergy | system.jl:182 | Finding node co2_sink of commodity CO2
2026-03-20 14:09:53 | DEBUG | 1 | MacroEnergy | system.jl:194 | Finding node NER of commodity Electricity
2026-03-20 14:09:53 | DEBUG | 1 | MacroEnergy | system.jl:182 | Finding node NER of commodity Electricity
2026-03-20 14:09:53 | DEBUG | 1 | MacroEnergy | system.jl:227 | Found Electricity node called NER
2026-03-20 14:09:53 | DEBUG | 1 | MacroEnergy | system.jl:194 | Finding node biomass_source of commodity Biomass
2026-03-20 14:09:53 | DEBUG | 1 | MacroEnergy | system.jl:182 | Finding node biomass_source of commodity Biomass
2026-03-20 14:09:53 | DEBUG | 1 | MacroEnergy | system.jl:194 | Finding node co2_sink of commodity CO2
2026-03-20 14:09:53 | DEBUG | 1 | MacroEnergy | system.jl:182 | Finding node co2_sink of commodity CO2
2026-03-20 14:09:53 | DEBUG | 1 | MacroEnergy | system.jl:194 | Finding node ER of commodity Electricity
2026-03-20 14:09:53 | DEBUG | 1 | MacroEnergy | system.jl:182 | Finding node ER of commodity Electricity
2026-03-20 14:09:53 | DEBUG | 1 | MacroEnergy | system.jl:227 | Found Electricity node called ER
2026-03-20 14:09:53 | DEBUG | 1 | MacroEnergy | system.jl:194 | Finding node biomass_source of commodity Biomass
2026-03-20 14:09:53 | DEBUG | 1 | MacroEnergy | system.jl:182 | Finding node biomass_source of commodity Biomass
2026-03-20 14:09:53 | DEBUG | 1 | MacroEnergy | system.jl:194 | Finding node co2_sink of commodity CO2
2026-03-20 14:09:53 | DEBUG | 1 | MacroEnergy | system.jl:182 | Finding node co2_sink of commodity CO2
2026-03-20 14:09:53 | DEBUG | 1 | MacroEnergy | system.jl:194 | Finding node WR of commodity Electricity
2026-03-20 14:09:53 | DEBUG | 1 | MacroEnergy | system.jl:182 | Finding node WR of commodity Electricity
2026-03-20 14:09:53 | DEBUG | 1 | MacroEnergy | system.jl:227 | Found Electricity node called WR
2026-03-20 14:09:53 | DEBUG | 1 | MacroEnergy | system.jl:194 | Finding node biomass_source of commodity Biomass
2026-03-20 14:09:53 | DEBUG | 1 | MacroEnergy | system.jl:182 | Finding node biomass_source of commodity Biomass
2026-03-20 14:09:53 | DEBUG | 1 | MacroEnergy | system.jl:194 | Finding node co2_sink of commodity CO2
2026-03-20 14:09:53 | DEBUG | 1 | MacroEnergy | system.jl:182 | Finding node co2_sink of commodity CO2
2026-03-20 14:09:53 | DEBUG | 1 | MacroEnergy | system.jl:194 | Finding node SR of commodity Electricity
2026-03-20 14:09:53 | DEBUG | 1 | MacroEnergy | system.jl:182 | Finding node SR of commodity Electricity
2026-03-20 14:09:53 | DEBUG | 1 | MacroEnergy | system.jl:227 | Found Electricity node called SR
2026-03-20 14:09:53 | DEBUG | 1 | MacroEnergy | system.jl:194 | Finding node biomass_source of commodity Biomass
2026-03-20 14:09:53 | DEBUG | 1 | MacroEnergy | system.jl:182 | Finding node biomass_source of commodity Biomass
2026-03-20 14:09:53 | DEBUG | 1 | MacroEnergy | system.jl:194 | Finding node co2_sink of commodity CO2
2026-03-20 14:09:53 | DEBUG | 1 | MacroEnergy | system.jl:182 | Finding node co2_sink of commodity CO2
2026-03-20 14:09:53 | DEBUG | 1 | MacroEnergy | system.jl:194 | Finding node NR of commodity Electricity
2026-03-20 14:09:53 | DEBUG | 1 | MacroEnergy | system.jl:182 | Finding node NR of commodity Electricity
2026-03-20 14:09:53 | DEBUG | 1 | MacroEnergy | system.jl:227 | Found Electricity node called NR
2026-03-20 14:09:53 | DEBUG | 1 | MacroEnergy | system.jl:194 | Finding node coal_source of commodity Coal
2026-03-20 14:09:53 | DEBUG | 1 | MacroEnergy | system.jl:182 | Finding node coal_source of commodity Coal
2026-03-20 14:09:53 | DEBUG | 1 | MacroEnergy | system.jl:194 | Finding node co2_sink of commodity CO2
2026-03-20 14:09:53 | DEBUG | 1 | MacroEnergy | system.jl:182 | Finding node co2_sink of commodity CO2
2026-03-20 14:09:53 | DEBUG | 1 | MacroEnergy | system.jl:194 | Finding node NER of commodity Electricity
2026-03-20 14:09:53 | DEBUG | 1 | MacroEnergy | system.jl:182 | Finding node NER of commodity Electricity
2026-03-20 14:09:53 | DEBUG | 1 | MacroEnergy | system.jl:227 | Found Electricity node called NER
2026-03-20 14:09:53 | DEBUG | 1 | MacroEnergy | system.jl:194 | Finding node coal_source of commodity Coal
2026-03-20 14:09:53 | DEBUG | 1 | MacroEnergy | system.jl:182 | Finding node coal_source of commodity Coal
2026-03-20 14:09:53 | DEBUG | 1 | MacroEnergy | system.jl:194 | Finding node co2_sink of commodity CO2
2026-03-20 14:09:53 | DEBUG | 1 | MacroEnergy | system.jl:182 | Finding node co2_sink of commodity CO2
2026-03-20 14:09:53 | DEBUG | 1 | MacroEnergy | system.jl:194 | Finding node ER of commodity Electricity
2026-03-20 14:09:53 | DEBUG | 1 | MacroEnergy | system.jl:182 | Finding node ER of commodity Electricity
2026-03-20 14:09:53 | DEBUG | 1 | MacroEnergy | system.jl:227 | Found Electricity node called ER
2026-03-20 14:09:53 | DEBUG | 1 | MacroEnergy | system.jl:194 | Finding node coal_source of commodity Coal
2026-03-20 14:09:53 | DEBUG | 1 | MacroEnergy | system.jl:182 | Finding node coal_source of commodity Coal
2026-03-20 14:09:53 | DEBUG | 1 | MacroEnergy | system.jl:194 | Finding node co2_sink of commodity CO2
2026-03-20 14:09:53 | DEBUG | 1 | MacroEnergy | system.jl:182 | Finding node co2_sink of commodity CO2
2026-03-20 14:09:53 | DEBUG | 1 | MacroEnergy | system.jl:194 | Finding node WR of commodity Electricity
2026-03-20 14:09:53 | DEBUG | 1 | MacroEnergy | system.jl:182 | Finding node WR of commodity Electricity
2026-03-20 14:09:53 | DEBUG | 1 | MacroEnergy | system.jl:227 | Found Electricity node called WR
2026-03-20 14:09:53 | DEBUG | 1 | MacroEnergy | system.jl:194 | Finding node coal_source of commodity Coal
2026-03-20 14:09:53 | DEBUG | 1 | MacroEnergy | system.jl:182 | Finding node coal_source of commodity Coal
2026-03-20 14:09:53 | DEBUG | 1 | MacroEnergy | system.jl:194 | Finding node co2_sink of commodity CO2
2026-03-20 14:09:53 | DEBUG | 1 | MacroEnergy | system.jl:182 | Finding node co2_sink of commodity CO2
2026-03-20 14:09:53 | DEBUG | 1 | MacroEnergy | system.jl:194 | Finding node SR of commodity Electricity
2026-03-20 14:09:53 | DEBUG | 1 | MacroEnergy | system.jl:182 | Finding node SR of commodity Electricity
2026-03-20 14:09:53 | DEBUG | 1 | MacroEnergy | system.jl:227 | Found Electricity node called SR
2026-03-20 14:09:53 | DEBUG | 1 | MacroEnergy | system.jl:194 | Finding node coal_source of commodity Coal
2026-03-20 14:09:53 | DEBUG | 1 | MacroEnergy | system.jl:182 | Finding node coal_source of commodity Coal
2026-03-20 14:09:53 | DEBUG | 1 | MacroEnergy | system.jl:194 | Finding node co2_sink of commodity CO2
2026-03-20 14:09:53 | DEBUG | 1 | MacroEnergy | system.jl:182 | Finding node co2_sink of commodity CO2
2026-03-20 14:09:55 | DEBUG | 1 | MacroEnergy | system.jl:194 | Finding node NR of commodity Electricity
2026-03-20 14:09:55 | DEBUG | 1 | MacroEnergy | system.jl:182 | Finding node NR of commodity Electricity
2026-03-20 14:09:55 | DEBUG | 1 | MacroEnergy | system.jl:227 | Found Electricity node called NR
2026-03-20 14:09:55 | DEBUG | 1 | MacroEnergy | system.jl:194 | Finding node hydro_source of commodity Electricity
2026-03-20 14:09:55 | DEBUG | 1 | MacroEnergy | system.jl:182 | Finding node hydro_source of commodity Electricity
2026-03-20 14:09:55 | DEBUG | 1 | MacroEnergy | system.jl:194 | Finding node hydro_source of commodity Electricity
2026-03-20 14:09:55 | DEBUG | 1 | MacroEnergy | system.jl:182 | Finding node hydro_source of commodity Electricity
2026-03-20 14:09:55 | DEBUG | 1 | MacroEnergy | system.jl:194 | Finding node NER of commodity Electricity
2026-03-20 14:09:55 | DEBUG | 1 | MacroEnergy | system.jl:182 | Finding node NER of commodity Electricity
2026-03-20 14:09:55 | DEBUG | 1 | MacroEnergy | system.jl:227 | Found Electricity node called NER
2026-03-20 14:09:55 | DEBUG | 1 | MacroEnergy | system.jl:194 | Finding node hydro_source of commodity Electricity
2026-03-20 14:09:55 | DEBUG | 1 | MacroEnergy | system.jl:182 | Finding node hydro_source of commodity Electricity
2026-03-20 14:09:55 | DEBUG | 1 | MacroEnergy | system.jl:194 | Finding node hydro_source of commodity Electricity
2026-03-20 14:09:55 | DEBUG | 1 | MacroEnergy | system.jl:182 | Finding node hydro_source of commodity Electricity
2026-03-20 14:09:55 | DEBUG | 1 | MacroEnergy | system.jl:194 | Finding node ER of commodity Electricity
2026-03-20 14:09:55 | DEBUG | 1 | MacroEnergy | system.jl:182 | Finding node ER of commodity Electricity
2026-03-20 14:09:55 | DEBUG | 1 | MacroEnergy | system.jl:227 | Found Electricity node called ER
2026-03-20 14:09:55 | DEBUG | 1 | MacroEnergy | system.jl:194 | Finding node hydro_source of commodity Electricity
2026-03-20 14:09:55 | DEBUG | 1 | MacroEnergy | system.jl:182 | Finding node hydro_source of commodity Electricity
2026-03-20 14:09:55 | DEBUG | 1 | MacroEnergy | system.jl:194 | Finding node hydro_source of commodity Electricity
2026-03-20 14:09:55 | DEBUG | 1 | MacroEnergy | system.jl:182 | Finding node hydro_source of commodity Electricity
2026-03-20 14:09:55 | DEBUG | 1 | MacroEnergy | system.jl:194 | Finding node WR of commodity Electricity
2026-03-20 14:09:55 | DEBUG | 1 | MacroEnergy | system.jl:182 | Finding node WR of commodity Electricity
2026-03-20 14:09:55 | DEBUG | 1 | MacroEnergy | system.jl:227 | Found Electricity node called WR
2026-03-20 14:09:55 | DEBUG | 1 | MacroEnergy | system.jl:194 | Finding node hydro_source of commodity Electricity
2026-03-20 14:09:55 | DEBUG | 1 | MacroEnergy | system.jl:182 | Finding node hydro_source of commodity Electricity
2026-03-20 14:09:55 | DEBUG | 1 | MacroEnergy | system.jl:194 | Finding node hydro_source of commodity Electricity
2026-03-20 14:09:55 | DEBUG | 1 | MacroEnergy | system.jl:182 | Finding node hydro_source of commodity Electricity
2026-03-20 14:09:55 | DEBUG | 1 | MacroEnergy | system.jl:194 | Finding node SR of commodity Electricity
2026-03-20 14:09:55 | DEBUG | 1 | MacroEnergy | system.jl:182 | Finding node SR of commodity Electricity
2026-03-20 14:09:55 | DEBUG | 1 | MacroEnergy | system.jl:227 | Found Electricity node called SR
2026-03-20 14:09:55 | DEBUG | 1 | MacroEnergy | system.jl:194 | Finding node hydro_source of commodity Electricity
2026-03-20 14:09:55 | DEBUG | 1 | MacroEnergy | system.jl:182 | Finding node hydro_source of commodity Electricity
2026-03-20 14:09:55 | DEBUG | 1 | MacroEnergy | system.jl:194 | Finding node hydro_source of commodity Electricity
2026-03-20 14:09:55 | DEBUG | 1 | MacroEnergy | system.jl:182 | Finding node hydro_source of commodity Electricity
2026-03-20 14:09:55 | DEBUG | 1 | MacroEnergy | system.jl:194 | Finding node NR of commodity Electricity
2026-03-20 14:09:55 | DEBUG | 1 | MacroEnergy | system.jl:182 | Finding node NR of commodity Electricity
2026-03-20 14:09:55 | DEBUG | 1 | MacroEnergy | system.jl:227 | Found Electricity node called NR
2026-03-20 14:09:55 | DEBUG | 1 | MacroEnergy | system.jl:194 | Finding node naturalgas_source of commodity NaturalGas
2026-03-20 14:09:55 | DEBUG | 1 | MacroEnergy | system.jl:182 | Finding node naturalgas_source of commodity NaturalGas
2026-03-20 14:09:55 | DEBUG | 1 | MacroEnergy | system.jl:194 | Finding node co2_sink of commodity CO2
2026-03-20 14:09:55 | DEBUG | 1 | MacroEnergy | system.jl:182 | Finding node co2_sink of commodity CO2
2026-03-20 14:09:55 | DEBUG | 1 | MacroEnergy | system.jl:194 | Finding node NER of commodity Electricity
2026-03-20 14:09:55 | DEBUG | 1 | MacroEnergy | system.jl:182 | Finding node NER of commodity Electricity
2026-03-20 14:09:55 | DEBUG | 1 | MacroEnergy | system.jl:227 | Found Electricity node called NER
2026-03-20 14:09:55 | DEBUG | 1 | MacroEnergy | system.jl:194 | Finding node naturalgas_source of commodity NaturalGas
2026-03-20 14:09:55 | DEBUG | 1 | MacroEnergy | system.jl:182 | Finding node naturalgas_source of commodity NaturalGas
2026-03-20 14:09:55 | DEBUG | 1 | MacroEnergy | system.jl:194 | Finding node co2_sink of commodity CO2
2026-03-20 14:09:55 | DEBUG | 1 | MacroEnergy | system.jl:182 | Finding node co2_sink of commodity CO2
2026-03-20 14:09:55 | DEBUG | 1 | MacroEnergy | system.jl:194 | Finding node ER of commodity Electricity
2026-03-20 14:09:55 | DEBUG | 1 | MacroEnergy | system.jl:182 | Finding node ER of commodity Electricity
2026-03-20 14:09:55 | DEBUG | 1 | MacroEnergy | system.jl:227 | Found Electricity node called ER
2026-03-20 14:09:55 | DEBUG | 1 | MacroEnergy | system.jl:194 | Finding node naturalgas_source of commodity NaturalGas
2026-03-20 14:09:55 | DEBUG | 1 | MacroEnergy | system.jl:182 | Finding node naturalgas_source of commodity NaturalGas
2026-03-20 14:09:55 | DEBUG | 1 | MacroEnergy | system.jl:194 | Finding node co2_sink of commodity CO2
2026-03-20 14:09:55 | DEBUG | 1 | MacroEnergy | system.jl:182 | Finding node co2_sink of commodity CO2
2026-03-20 14:09:55 | DEBUG | 1 | MacroEnergy | system.jl:194 | Finding node WR of commodity Electricity
2026-03-20 14:09:55 | DEBUG | 1 | MacroEnergy | system.jl:182 | Finding node WR of commodity Electricity
2026-03-20 14:09:55 | DEBUG | 1 | MacroEnergy | system.jl:227 | Found Electricity node called WR
2026-03-20 14:09:55 | DEBUG | 1 | MacroEnergy | system.jl:194 | Finding node naturalgas_source of commodity NaturalGas
2026-03-20 14:09:55 | DEBUG | 1 | MacroEnergy | system.jl:182 | Finding node naturalgas_source of commodity NaturalGas
2026-03-20 14:09:55 | DEBUG | 1 | MacroEnergy | system.jl:194 | Finding node co2_sink of commodity CO2
2026-03-20 14:09:55 | DEBUG | 1 | MacroEnergy | system.jl:182 | Finding node co2_sink of commodity CO2
2026-03-20 14:09:55 | DEBUG | 1 | MacroEnergy | system.jl:194 | Finding node SR of commodity Electricity
2026-03-20 14:09:55 | DEBUG | 1 | MacroEnergy | system.jl:182 | Finding node SR of commodity Electricity
2026-03-20 14:09:55 | DEBUG | 1 | MacroEnergy | system.jl:227 | Found Electricity node called SR
2026-03-20 14:09:55 | DEBUG | 1 | MacroEnergy | system.jl:194 | Finding node naturalgas_source of commodity NaturalGas
2026-03-20 14:09:55 | DEBUG | 1 | MacroEnergy | system.jl:182 | Finding node naturalgas_source of commodity NaturalGas
2026-03-20 14:09:55 | DEBUG | 1 | MacroEnergy | system.jl:194 | Finding node co2_sink of commodity CO2
2026-03-20 14:09:55 | DEBUG | 1 | MacroEnergy | system.jl:182 | Finding node co2_sink of commodity CO2
2026-03-20 14:09:55 | DEBUG | 1 | MacroEnergy | system.jl:194 | Finding node NR of commodity Electricity
2026-03-20 14:09:55 | DEBUG | 1 | MacroEnergy | system.jl:182 | Finding node NR of commodity Electricity
2026-03-20 14:09:55 | DEBUG | 1 | MacroEnergy | system.jl:227 | Found Electricity node called NR
2026-03-20 14:09:56 | DEBUG | 1 | MacroEnergy | system.jl:194 | Finding node naturalgas_source of commodity NaturalGas
2026-03-20 14:09:56 | DEBUG | 1 | MacroEnergy | system.jl:182 | Finding node naturalgas_source of commodity NaturalGas
2026-03-20 14:09:56 | DEBUG | 1 | MacroEnergy | system.jl:194 | Finding node co2_sink of commodity CO2
2026-03-20 14:09:56 | DEBUG | 1 | MacroEnergy | system.jl:182 | Finding node co2_sink of commodity CO2
2026-03-20 14:09:56 | DEBUG | 1 | MacroEnergy | system.jl:194 | Finding node NER of commodity Electricity
2026-03-20 14:09:56 | DEBUG | 1 | MacroEnergy | system.jl:182 | Finding node NER of commodity Electricity
2026-03-20 14:09:56 | DEBUG | 1 | MacroEnergy | system.jl:227 | Found Electricity node called NER
2026-03-20 14:09:56 | DEBUG | 1 | MacroEnergy | system.jl:194 | Finding node naturalgas_source of commodity NaturalGas
2026-03-20 14:09:56 | DEBUG | 1 | MacroEnergy | system.jl:182 | Finding node naturalgas_source of commodity NaturalGas
2026-03-20 14:09:56 | DEBUG | 1 | MacroEnergy | system.jl:194 | Finding node co2_sink of commodity CO2
2026-03-20 14:09:56 | DEBUG | 1 | MacroEnergy | system.jl:182 | Finding node co2_sink of commodity CO2
2026-03-20 14:09:56 | DEBUG | 1 | MacroEnergy | system.jl:194 | Finding node ER of commodity Electricity
2026-03-20 14:09:56 | DEBUG | 1 | MacroEnergy | system.jl:182 | Finding node ER of commodity Electricity
2026-03-20 14:09:56 | DEBUG | 1 | MacroEnergy | system.jl:227 | Found Electricity node called ER
2026-03-20 14:09:56 | DEBUG | 1 | MacroEnergy | system.jl:194 | Finding node naturalgas_source of commodity NaturalGas
2026-03-20 14:09:56 | DEBUG | 1 | MacroEnergy | system.jl:182 | Finding node naturalgas_source of commodity NaturalGas
2026-03-20 14:09:56 | DEBUG | 1 | MacroEnergy | system.jl:194 | Finding node co2_sink of commodity CO2
2026-03-20 14:09:56 | DEBUG | 1 | MacroEnergy | system.jl:182 | Finding node co2_sink of commodity CO2
2026-03-20 14:09:56 | DEBUG | 1 | MacroEnergy | system.jl:194 | Finding node WR of commodity Electricity
2026-03-20 14:09:56 | DEBUG | 1 | MacroEnergy | system.jl:182 | Finding node WR of commodity Electricity
2026-03-20 14:09:56 | DEBUG | 1 | MacroEnergy | system.jl:227 | Found Electricity node called WR
2026-03-20 14:09:56 | DEBUG | 1 | MacroEnergy | system.jl:194 | Finding node naturalgas_source of commodity NaturalGas
2026-03-20 14:09:56 | DEBUG | 1 | MacroEnergy | system.jl:182 | Finding node naturalgas_source of commodity NaturalGas
2026-03-20 14:09:56 | DEBUG | 1 | MacroEnergy | system.jl:194 | Finding node co2_sink of commodity CO2
2026-03-20 14:09:56 | DEBUG | 1 | MacroEnergy | system.jl:182 | Finding node co2_sink of commodity CO2
2026-03-20 14:09:56 | DEBUG | 1 | MacroEnergy | system.jl:194 | Finding node SR of commodity Electricity
2026-03-20 14:09:56 | DEBUG | 1 | MacroEnergy | system.jl:182 | Finding node SR of commodity Electricity
2026-03-20 14:09:56 | DEBUG | 1 | MacroEnergy | system.jl:227 | Found Electricity node called SR
2026-03-20 14:09:56 | DEBUG | 1 | MacroEnergy | system.jl:194 | Finding node naturalgas_source of commodity NaturalGas
2026-03-20 14:09:56 | DEBUG | 1 | MacroEnergy | system.jl:182 | Finding node naturalgas_source of commodity NaturalGas
2026-03-20 14:09:56 | DEBUG | 1 | MacroEnergy | system.jl:194 | Finding node co2_sink of commodity CO2
2026-03-20 14:09:56 | DEBUG | 1 | MacroEnergy | system.jl:182 | Finding node co2_sink of commodity CO2
2026-03-20 14:09:56 | DEBUG | 1 | MacroEnergy | system.jl:194 | Finding node NR of commodity Electricity
2026-03-20 14:09:56 | DEBUG | 1 | MacroEnergy | system.jl:182 | Finding node NR of commodity Electricity
2026-03-20 14:09:56 | DEBUG | 1 | MacroEnergy | system.jl:227 | Found Electricity node called NR
2026-03-20 14:09:56 | DEBUG | 1 | MacroEnergy | system.jl:194 | Finding node uranium_source of commodity Uranium
2026-03-20 14:09:56 | DEBUG | 1 | MacroEnergy | system.jl:182 | Finding node uranium_source of commodity Uranium
2026-03-20 14:09:56 | DEBUG | 1 | MacroEnergy | system.jl:194 | Finding node co2_sink of commodity CO2
2026-03-20 14:09:56 | DEBUG | 1 | MacroEnergy | system.jl:182 | Finding node co2_sink of commodity CO2
2026-03-20 14:09:56 | DEBUG | 1 | MacroEnergy | system.jl:194 | Finding node NER of commodity Electricity
2026-03-20 14:09:56 | DEBUG | 1 | MacroEnergy | system.jl:182 | Finding node NER of commodity Electricity
2026-03-20 14:09:56 | DEBUG | 1 | MacroEnergy | system.jl:227 | Found Electricity node called NER
2026-03-20 14:09:56 | DEBUG | 1 | MacroEnergy | system.jl:194 | Finding node uranium_source of commodity Uranium
2026-03-20 14:09:56 | DEBUG | 1 | MacroEnergy | system.jl:182 | Finding node uranium_source of commodity Uranium
2026-03-20 14:09:56 | DEBUG | 1 | MacroEnergy | system.jl:194 | Finding node co2_sink of commodity CO2
2026-03-20 14:09:56 | DEBUG | 1 | MacroEnergy | system.jl:182 | Finding node co2_sink of commodity CO2
2026-03-20 14:09:56 | DEBUG | 1 | MacroEnergy | system.jl:194 | Finding node ER of commodity Electricity
2026-03-20 14:09:56 | DEBUG | 1 | MacroEnergy | system.jl:182 | Finding node ER of commodity Electricity
2026-03-20 14:09:56 | DEBUG | 1 | MacroEnergy | system.jl:227 | Found Electricity node called ER
2026-03-20 14:09:56 | DEBUG | 1 | MacroEnergy | system.jl:194 | Finding node uranium_source of commodity Uranium
2026-03-20 14:09:56 | DEBUG | 1 | MacroEnergy | system.jl:182 | Finding node uranium_source of commodity Uranium
2026-03-20 14:09:56 | DEBUG | 1 | MacroEnergy | system.jl:194 | Finding node co2_sink of commodity CO2
2026-03-20 14:09:56 | DEBUG | 1 | MacroEnergy | system.jl:182 | Finding node co2_sink of commodity CO2
2026-03-20 14:09:56 | DEBUG | 1 | MacroEnergy | system.jl:194 | Finding node WR of commodity Electricity
2026-03-20 14:09:56 | DEBUG | 1 | MacroEnergy | system.jl:182 | Finding node WR of commodity Electricity
2026-03-20 14:09:56 | DEBUG | 1 | MacroEnergy | system.jl:227 | Found Electricity node called WR
2026-03-20 14:09:56 | DEBUG | 1 | MacroEnergy | system.jl:194 | Finding node uranium_source of commodity Uranium
2026-03-20 14:09:56 | DEBUG | 1 | MacroEnergy | system.jl:182 | Finding node uranium_source of commodity Uranium
2026-03-20 14:09:56 | DEBUG | 1 | MacroEnergy | system.jl:194 | Finding node co2_sink of commodity CO2
2026-03-20 14:09:56 | DEBUG | 1 | MacroEnergy | system.jl:182 | Finding node co2_sink of commodity CO2
2026-03-20 14:09:56 | DEBUG | 1 | MacroEnergy | system.jl:194 | Finding node SR of commodity Electricity
2026-03-20 14:09:56 | DEBUG | 1 | MacroEnergy | system.jl:182 | Finding node SR of commodity Electricity
2026-03-20 14:09:56 | DEBUG | 1 | MacroEnergy | system.jl:227 | Found Electricity node called SR
2026-03-20 14:09:56 | DEBUG | 1 | MacroEnergy | system.jl:194 | Finding node uranium_source of commodity Uranium
2026-03-20 14:09:56 | DEBUG | 1 | MacroEnergy | system.jl:182 | Finding node uranium_source of commodity Uranium
2026-03-20 14:09:56 | DEBUG | 1 | MacroEnergy | system.jl:194 | Finding node co2_sink of commodity CO2
2026-03-20 14:09:56 | DEBUG | 1 | MacroEnergy | system.jl:182 | Finding node co2_sink of commodity CO2
2026-03-20 14:09:56 | DEBUG | 1 | MacroEnergy | system.jl:194 | Finding node NR of commodity Electricity
2026-03-20 14:09:56 | DEBUG | 1 | MacroEnergy | system.jl:182 | Finding node NR of commodity Electricity
2026-03-20 14:09:56 | DEBUG | 1 | MacroEnergy | system.jl:227 | Found Electricity node called NR
2026-03-20 14:09:56 | DEBUG | 1 | MacroEnergy | system.jl:194 | Finding node uranium_source of commodity Uranium
2026-03-20 14:09:56 | DEBUG | 1 | MacroEnergy | system.jl:182 | Finding node uranium_source of commodity Uranium
2026-03-20 14:09:56 | DEBUG | 1 | MacroEnergy | system.jl:194 | Finding node co2_sink of commodity CO2
2026-03-20 14:09:56 | DEBUG | 1 | MacroEnergy | system.jl:182 | Finding node co2_sink of commodity CO2
2026-03-20 14:09:56 | DEBUG | 1 | MacroEnergy | system.jl:194 | Finding node NER of commodity Electricity
2026-03-20 14:09:56 | DEBUG | 1 | MacroEnergy | system.jl:182 | Finding node NER of commodity Electricity
2026-03-20 14:09:56 | DEBUG | 1 | MacroEnergy | system.jl:227 | Found Electricity node called NER
2026-03-20 14:09:56 | DEBUG | 1 | MacroEnergy | system.jl:194 | Finding node uranium_source of commodity Uranium
2026-03-20 14:09:56 | DEBUG | 1 | MacroEnergy | system.jl:182 | Finding node uranium_source of commodity Uranium
2026-03-20 14:09:56 | DEBUG | 1 | MacroEnergy | system.jl:194 | Finding node co2_sink of commodity CO2
2026-03-20 14:09:56 | DEBUG | 1 | MacroEnergy | system.jl:182 | Finding node co2_sink of commodity CO2
2026-03-20 14:09:56 | DEBUG | 1 | MacroEnergy | system.jl:194 | Finding node ER of commodity Electricity
2026-03-20 14:09:56 | DEBUG | 1 | MacroEnergy | system.jl:182 | Finding node ER of commodity Electricity
2026-03-20 14:09:56 | DEBUG | 1 | MacroEnergy | system.jl:227 | Found Electricity node called ER
2026-03-20 14:09:56 | DEBUG | 1 | MacroEnergy | system.jl:194 | Finding node uranium_source of commodity Uranium
2026-03-20 14:09:56 | DEBUG | 1 | MacroEnergy | system.jl:182 | Finding node uranium_source of commodity Uranium
2026-03-20 14:09:56 | DEBUG | 1 | MacroEnergy | system.jl:194 | Finding node co2_sink of commodity CO2
2026-03-20 14:09:56 | DEBUG | 1 | MacroEnergy | system.jl:182 | Finding node co2_sink of commodity CO2
2026-03-20 14:09:56 | DEBUG | 1 | MacroEnergy | system.jl:194 | Finding node WR of commodity Electricity
2026-03-20 14:09:56 | DEBUG | 1 | MacroEnergy | system.jl:182 | Finding node WR of commodity Electricity
2026-03-20 14:09:56 | DEBUG | 1 | MacroEnergy | system.jl:227 | Found Electricity node called WR
2026-03-20 14:09:56 | DEBUG | 1 | MacroEnergy | system.jl:194 | Finding node uranium_source of commodity Uranium
2026-03-20 14:09:56 | DEBUG | 1 | MacroEnergy | system.jl:182 | Finding node uranium_source of commodity Uranium
2026-03-20 14:09:56 | DEBUG | 1 | MacroEnergy | system.jl:194 | Finding node co2_sink of commodity CO2
2026-03-20 14:09:56 | DEBUG | 1 | MacroEnergy | system.jl:182 | Finding node co2_sink of commodity CO2
2026-03-20 14:09:56 | DEBUG | 1 | MacroEnergy | system.jl:194 | Finding node SR of commodity Electricity
2026-03-20 14:09:56 | DEBUG | 1 | MacroEnergy | system.jl:182 | Finding node SR of commodity Electricity
2026-03-20 14:09:56 | DEBUG | 1 | MacroEnergy | system.jl:227 | Found Electricity node called SR
2026-03-20 14:09:56 | DEBUG | 1 | MacroEnergy | system.jl:194 | Finding node uranium_source of commodity Uranium
2026-03-20 14:09:56 | DEBUG | 1 | MacroEnergy | system.jl:182 | Finding node uranium_source of commodity Uranium
2026-03-20 14:09:56 | DEBUG | 1 | MacroEnergy | system.jl:194 | Finding node co2_sink of commodity CO2
2026-03-20 14:09:56 | DEBUG | 1 | MacroEnergy | system.jl:182 | Finding node co2_sink of commodity CO2
2026-03-20 14:09:56 | DEBUG | 1 | MacroEnergy | system.jl:194 | Finding node NR of commodity Electricity
2026-03-20 14:09:56 | DEBUG | 1 | MacroEnergy | system.jl:182 | Finding node NR of commodity Electricity
2026-03-20 14:09:56 | DEBUG | 1 | MacroEnergy | system.jl:227 | Found Electricity node called NR
2026-03-20 14:09:56 | DEBUG | 1 | MacroEnergy | system.jl:194 | Finding node hydro_source of commodity Electricity
2026-03-20 14:09:56 | DEBUG | 1 | MacroEnergy | system.jl:182 | Finding node hydro_source of commodity Electricity
2026-03-20 14:09:56 | DEBUG | 1 | MacroEnergy | system.jl:194 | Finding node hydro_source of commodity Electricity
2026-03-20 14:09:56 | DEBUG | 1 | MacroEnergy | system.jl:182 | Finding node hydro_source of commodity Electricity
2026-03-20 14:09:56 | DEBUG | 1 | MacroEnergy | system.jl:194 | Finding node NER of commodity Electricity
2026-03-20 14:09:56 | DEBUG | 1 | MacroEnergy | system.jl:182 | Finding node NER of commodity Electricity
2026-03-20 14:09:56 | DEBUG | 1 | MacroEnergy | system.jl:227 | Found Electricity node called NER
2026-03-20 14:09:56 | DEBUG | 1 | MacroEnergy | system.jl:194 | Finding node hydro_source of commodity Electricity
2026-03-20 14:09:56 | DEBUG | 1 | MacroEnergy | system.jl:182 | Finding node hydro_source of commodity Electricity
2026-03-20 14:09:56 | DEBUG | 1 | MacroEnergy | system.jl:194 | Finding node hydro_source of commodity Electricity
2026-03-20 14:09:56 | DEBUG | 1 | MacroEnergy | system.jl:182 | Finding node hydro_source of commodity Electricity
2026-03-20 14:09:56 | DEBUG | 1 | MacroEnergy | system.jl:194 | Finding node ER of commodity Electricity
2026-03-20 14:09:56 | DEBUG | 1 | MacroEnergy | system.jl:182 | Finding node ER of commodity Electricity
2026-03-20 14:09:56 | DEBUG | 1 | MacroEnergy | system.jl:227 | Found Electricity node called ER
2026-03-20 14:09:56 | DEBUG | 1 | MacroEnergy | system.jl:194 | Finding node hydro_source of commodity Electricity
2026-03-20 14:09:56 | DEBUG | 1 | MacroEnergy | system.jl:182 | Finding node hydro_source of commodity Electricity
2026-03-20 14:09:56 | DEBUG | 1 | MacroEnergy | system.jl:194 | Finding node hydro_source of commodity Electricity
2026-03-20 14:09:56 | DEBUG | 1 | MacroEnergy | system.jl:182 | Finding node hydro_source of commodity Electricity
2026-03-20 14:09:56 | DEBUG | 1 | MacroEnergy | system.jl:194 | Finding node WR of commodity Electricity
2026-03-20 14:09:56 | DEBUG | 1 | MacroEnergy | system.jl:182 | Finding node WR of commodity Electricity
2026-03-20 14:09:56 | DEBUG | 1 | MacroEnergy | system.jl:227 | Found Electricity node called WR
2026-03-20 14:09:56 | DEBUG | 1 | MacroEnergy | system.jl:194 | Finding node hydro_source of commodity Electricity
2026-03-20 14:09:56 | DEBUG | 1 | MacroEnergy | system.jl:182 | Finding node hydro_source of commodity Electricity
2026-03-20 14:09:56 | DEBUG | 1 | MacroEnergy | system.jl:194 | Finding node hydro_source of commodity Electricity
2026-03-20 14:09:56 | DEBUG | 1 | MacroEnergy | system.jl:182 | Finding node hydro_source of commodity Electricity
2026-03-20 14:09:56 | DEBUG | 1 | MacroEnergy | system.jl:194 | Finding node SR of commodity Electricity
2026-03-20 14:09:56 | DEBUG | 1 | MacroEnergy | system.jl:182 | Finding node SR of commodity Electricity
2026-03-20 14:09:56 | DEBUG | 1 | MacroEnergy | system.jl:227 | Found Electricity node called SR
2026-03-20 14:09:56 | DEBUG | 1 | MacroEnergy | system.jl:194 | Finding node hydro_source of commodity Electricity
2026-03-20 14:09:56 | DEBUG | 1 | MacroEnergy | system.jl:182 | Finding node hydro_source of commodity Electricity
2026-03-20 14:09:56 | DEBUG | 1 | MacroEnergy | system.jl:194 | Finding node hydro_source of commodity Electricity
2026-03-20 14:09:56 | DEBUG | 1 | MacroEnergy | system.jl:182 | Finding node hydro_source of commodity Electricity
2026-03-20 14:09:57 | DEBUG | 1 | MacroEnergy | system.jl:194 | Finding node NR of commodity Electricity
2026-03-20 14:09:57 | DEBUG | 1 | MacroEnergy | system.jl:182 | Finding node NR of commodity Electricity
2026-03-20 14:09:57 | DEBUG | 1 | MacroEnergy | system.jl:227 | Found Electricity node called NR
2026-03-20 14:09:57 | DEBUG | 1 | MacroEnergy | system.jl:194 | Finding node NR of commodity Electricity
2026-03-20 14:09:57 | DEBUG | 1 | MacroEnergy | system.jl:182 | Finding node NR of commodity Electricity
2026-03-20 14:09:57 | DEBUG | 1 | MacroEnergy | system.jl:227 | Found Electricity node called NR
2026-03-20 14:09:57 | DEBUG | 1 | MacroEnergy | system.jl:194 | Finding node NER of commodity Electricity
2026-03-20 14:09:57 | DEBUG | 1 | MacroEnergy | system.jl:182 | Finding node NER of commodity Electricity
2026-03-20 14:09:57 | DEBUG | 1 | MacroEnergy | system.jl:227 | Found Electricity node called NER
2026-03-20 14:09:57 | DEBUG | 1 | MacroEnergy | system.jl:194 | Finding node NER of commodity Electricity
2026-03-20 14:09:57 | DEBUG | 1 | MacroEnergy | system.jl:182 | Finding node NER of commodity Electricity
2026-03-20 14:09:57 | DEBUG | 1 | MacroEnergy | system.jl:227 | Found Electricity node called NER
2026-03-20 14:09:57 | DEBUG | 1 | MacroEnergy | system.jl:194 | Finding node ER of commodity Electricity
2026-03-20 14:09:57 | DEBUG | 1 | MacroEnergy | system.jl:182 | Finding node ER of commodity Electricity
2026-03-20 14:09:57 | DEBUG | 1 | MacroEnergy | system.jl:227 | Found Electricity node called ER
2026-03-20 14:09:57 | DEBUG | 1 | MacroEnergy | system.jl:194 | Finding node ER of commodity Electricity
2026-03-20 14:09:57 | DEBUG | 1 | MacroEnergy | system.jl:182 | Finding node ER of commodity Electricity
2026-03-20 14:09:57 | DEBUG | 1 | MacroEnergy | system.jl:227 | Found Electricity node called ER
2026-03-20 14:09:57 | DEBUG | 1 | MacroEnergy | system.jl:194 | Finding node WR of commodity Electricity
2026-03-20 14:09:57 | DEBUG | 1 | MacroEnergy | system.jl:182 | Finding node WR of commodity Electricity
2026-03-20 14:09:57 | DEBUG | 1 | MacroEnergy | system.jl:227 | Found Electricity node called WR
2026-03-20 14:09:57 | DEBUG | 1 | MacroEnergy | system.jl:194 | Finding node WR of commodity Electricity
2026-03-20 14:09:57 | DEBUG | 1 | MacroEnergy | system.jl:182 | Finding node WR of commodity Electricity
2026-03-20 14:09:57 | DEBUG | 1 | MacroEnergy | system.jl:227 | Found Electricity node called WR
2026-03-20 14:09:57 | DEBUG | 1 | MacroEnergy | system.jl:194 | Finding node SR of commodity Electricity
2026-03-20 14:09:57 | DEBUG | 1 | MacroEnergy | system.jl:182 | Finding node SR of commodity Electricity
2026-03-20 14:09:57 | DEBUG | 1 | MacroEnergy | system.jl:227 | Found Electricity node called SR
2026-03-20 14:09:57 | DEBUG | 1 | MacroEnergy | system.jl:194 | Finding node SR of commodity Electricity
2026-03-20 14:09:57 | DEBUG | 1 | MacroEnergy | system.jl:182 | Finding node SR of commodity Electricity
2026-03-20 14:09:57 | DEBUG | 1 | MacroEnergy | system.jl:227 | Found Electricity node called SR
2026-03-20 14:09:57 | DEBUG | 1 | MacroEnergy | system.jl:194 | Finding node NR of commodity Electricity
2026-03-20 14:09:57 | DEBUG | 1 | MacroEnergy | system.jl:182 | Finding node NR of commodity Electricity
2026-03-20 14:09:57 | DEBUG | 1 | MacroEnergy | system.jl:227 | Found Electricity node called NR
2026-03-20 14:09:57 | DEBUG | 1 | MacroEnergy | system.jl:194 | Finding node NR of commodity Electricity
2026-03-20 14:09:57 | DEBUG | 1 | MacroEnergy | system.jl:182 | Finding node NR of commodity Electricity
2026-03-20 14:09:57 | DEBUG | 1 | MacroEnergy | system.jl:227 | Found Electricity node called NR
2026-03-20 14:09:57 | DEBUG | 1 | MacroEnergy | system.jl:194 | Finding node NER of commodity Electricity
2026-03-20 14:09:57 | DEBUG | 1 | MacroEnergy | system.jl:182 | Finding node NER of commodity Electricity
2026-03-20 14:09:57 | DEBUG | 1 | MacroEnergy | system.jl:227 | Found Electricity node called NER
2026-03-20 14:09:57 | DEBUG | 1 | MacroEnergy | system.jl:194 | Finding node NER of commodity Electricity
2026-03-20 14:09:57 | DEBUG | 1 | MacroEnergy | system.jl:182 | Finding node NER of commodity Electricity
2026-03-20 14:09:57 | DEBUG | 1 | MacroEnergy | system.jl:227 | Found Electricity node called NER
2026-03-20 14:09:57 | DEBUG | 1 | MacroEnergy | system.jl:194 | Finding node ER of commodity Electricity
2026-03-20 14:09:57 | DEBUG | 1 | MacroEnergy | system.jl:182 | Finding node ER of commodity Electricity
2026-03-20 14:09:57 | DEBUG | 1 | MacroEnergy | system.jl:227 | Found Electricity node called ER
2026-03-20 14:09:57 | DEBUG | 1 | MacroEnergy | system.jl:194 | Finding node ER of commodity Electricity
2026-03-20 14:09:57 | DEBUG | 1 | MacroEnergy | system.jl:182 | Finding node ER of commodity Electricity
2026-03-20 14:09:57 | DEBUG | 1 | MacroEnergy | system.jl:227 | Found Electricity node called ER
2026-03-20 14:09:57 | DEBUG | 1 | MacroEnergy | system.jl:194 | Finding node WR of commodity Electricity
2026-03-20 14:09:57 | DEBUG | 1 | MacroEnergy | system.jl:182 | Finding node WR of commodity Electricity
2026-03-20 14:09:57 | DEBUG | 1 | MacroEnergy | system.jl:227 | Found Electricity node called WR
2026-03-20 14:09:57 | DEBUG | 1 | MacroEnergy | system.jl:194 | Finding node WR of commodity Electricity
2026-03-20 14:09:57 | DEBUG | 1 | MacroEnergy | system.jl:182 | Finding node WR of commodity Electricity
2026-03-20 14:09:57 | DEBUG | 1 | MacroEnergy | system.jl:227 | Found Electricity node called WR
2026-03-20 14:09:57 | DEBUG | 1 | MacroEnergy | system.jl:194 | Finding node SR of commodity Electricity
2026-03-20 14:09:57 | DEBUG | 1 | MacroEnergy | system.jl:182 | Finding node SR of commodity Electricity
2026-03-20 14:09:57 | DEBUG | 1 | MacroEnergy | system.jl:227 | Found Electricity node called SR
2026-03-20 14:09:57 | DEBUG | 1 | MacroEnergy | system.jl:194 | Finding node SR of commodity Electricity
2026-03-20 14:09:57 | DEBUG | 1 | MacroEnergy | system.jl:182 | Finding node SR of commodity Electricity
2026-03-20 14:09:57 | DEBUG | 1 | MacroEnergy | system.jl:227 | Found Electricity node called SR
2026-03-20 14:09:58 | DEBUG | 1 | MacroEnergy | system.jl:194 | Finding node elec_NR of commodity Electricity
2026-03-20 14:09:58 | DEBUG | 1 | MacroEnergy | system.jl:182 | Finding node elec_NR of commodity Electricity
2026-03-20 14:09:58 | DEBUG | 1 | MacroEnergy | system.jl:194 | Finding node elec_ER of commodity Electricity
2026-03-20 14:09:58 | DEBUG | 1 | MacroEnergy | system.jl:182 | Finding node elec_ER of commodity Electricity
2026-03-20 14:09:58 | DEBUG | 1 | MacroEnergy | system.jl:194 | Finding node elec_NR of commodity Electricity
2026-03-20 14:09:58 | DEBUG | 1 | MacroEnergy | system.jl:182 | Finding node elec_NR of commodity Electricity
2026-03-20 14:09:58 | DEBUG | 1 | MacroEnergy | system.jl:194 | Finding node elec_WR of commodity Electricity
2026-03-20 14:09:58 | DEBUG | 1 | MacroEnergy | system.jl:182 | Finding node elec_WR of commodity Electricity
2026-03-20 14:09:58 | DEBUG | 1 | MacroEnergy | system.jl:194 | Finding node elec_ER of commodity Electricity
2026-03-20 14:09:58 | DEBUG | 1 | MacroEnergy | system.jl:182 | Finding node elec_ER of commodity Electricity
2026-03-20 14:09:58 | DEBUG | 1 | MacroEnergy | system.jl:194 | Finding node elec_NER of commodity Electricity
2026-03-20 14:09:58 | DEBUG | 1 | MacroEnergy | system.jl:182 | Finding node elec_NER of commodity Electricity
2026-03-20 14:09:58 | DEBUG | 1 | MacroEnergy | system.jl:194 | Finding node elec_WR of commodity Electricity
2026-03-20 14:09:58 | DEBUG | 1 | MacroEnergy | system.jl:182 | Finding node elec_WR of commodity Electricity
2026-03-20 14:09:58 | DEBUG | 1 | MacroEnergy | system.jl:194 | Finding node elec_ER of commodity Electricity
2026-03-20 14:09:58 | DEBUG | 1 | MacroEnergy | system.jl:182 | Finding node elec_ER of commodity Electricity
2026-03-20 14:09:58 | DEBUG | 1 | MacroEnergy | system.jl:194 | Finding node elec_WR of commodity Electricity
2026-03-20 14:09:58 | DEBUG | 1 | MacroEnergy | system.jl:182 | Finding node elec_WR of commodity Electricity
2026-03-20 14:09:58 | DEBUG | 1 | MacroEnergy | system.jl:194 | Finding node elec_SR of commodity Electricity
2026-03-20 14:09:58 | DEBUG | 1 | MacroEnergy | system.jl:182 | Finding node elec_SR of commodity Electricity
2026-03-20 14:09:58 | DEBUG | 1 | MacroEnergy | system.jl:194 | Finding node elec_ER of commodity Electricity
2026-03-20 14:09:58 | DEBUG | 1 | MacroEnergy | system.jl:182 | Finding node elec_ER of commodity Electricity
2026-03-20 14:09:58 | DEBUG | 1 | MacroEnergy | system.jl:194 | Finding node elec_SR of commodity Electricity
2026-03-20 14:09:58 | DEBUG | 1 | MacroEnergy | system.jl:182 | Finding node elec_SR of commodity Electricity
2026-03-20 14:09:58 | DEBUG | 1 | MacroEnergy | system.jl:194 | Finding node elec_NR of commodity Electricity
2026-03-20 14:09:58 | DEBUG | 1 | MacroEnergy | system.jl:182 | Finding node elec_NR of commodity Electricity
2026-03-20 14:09:58 | DEBUG | 1 | MacroEnergy | system.jl:194 | Finding node elec_NER of commodity Electricity
2026-03-20 14:09:58 | DEBUG | 1 | MacroEnergy | system.jl:182 | Finding node elec_NER of commodity Electricity
2026-03-20 14:09:58 | DEBUG | 1 | MacroEnergy | system.jl:194 | Finding node NR of commodity Electricity
2026-03-20 14:09:58 | DEBUG | 1 | MacroEnergy | system.jl:182 | Finding node NR of commodity Electricity
2026-03-20 14:09:58 | DEBUG | 1 | MacroEnergy | system.jl:227 | Found Electricity node called NR
2026-03-20 14:09:58 | DEBUG | 1 | MacroEnergy | system.jl:194 | Finding node NER of commodity Electricity
2026-03-20 14:09:58 | DEBUG | 1 | MacroEnergy | system.jl:182 | Finding node NER of commodity Electricity
2026-03-20 14:09:58 | DEBUG | 1 | MacroEnergy | system.jl:227 | Found Electricity node called NER
2026-03-20 14:09:58 | DEBUG | 1 | MacroEnergy | system.jl:194 | Finding node ER of commodity Electricity
2026-03-20 14:09:58 | DEBUG | 1 | MacroEnergy | system.jl:182 | Finding node ER of commodity Electricity
2026-03-20 14:09:58 | DEBUG | 1 | MacroEnergy | system.jl:227 | Found Electricity node called ER
2026-03-20 14:09:58 | DEBUG | 1 | MacroEnergy | system.jl:194 | Finding node WR of commodity Electricity
2026-03-20 14:09:58 | DEBUG | 1 | MacroEnergy | system.jl:182 | Finding node WR of commodity Electricity
2026-03-20 14:09:58 | DEBUG | 1 | MacroEnergy | system.jl:227 | Found Electricity node called WR
2026-03-20 14:09:58 | DEBUG | 1 | MacroEnergy | system.jl:194 | Finding node SR of commodity Electricity
2026-03-20 14:09:58 | DEBUG | 1 | MacroEnergy | system.jl:182 | Finding node SR of commodity Electricity
2026-03-20 14:09:58 | DEBUG | 1 | MacroEnergy | system.jl:227 | Found Electricity node called SR
2026-03-20 14:09:58 | DEBUG | 1 | MacroEnergy | system.jl:194 | Finding node NR of commodity Electricity
2026-03-20 14:09:58 | DEBUG | 1 | MacroEnergy | system.jl:182 | Finding node NR of commodity Electricity
2026-03-20 14:09:58 | DEBUG | 1 | MacroEnergy | system.jl:227 | Found Electricity node called NR
2026-03-20 14:09:58 | DEBUG | 1 | MacroEnergy | system.jl:194 | Finding node NER of commodity Electricity
2026-03-20 14:09:58 | DEBUG | 1 | MacroEnergy | system.jl:182 | Finding node NER of commodity Electricity
2026-03-20 14:09:58 | DEBUG | 1 | MacroEnergy | system.jl:227 | Found Electricity node called NER
2026-03-20 14:09:58 | DEBUG | 1 | MacroEnergy | system.jl:194 | Finding node ER of commodity Electricity
2026-03-20 14:09:58 | DEBUG | 1 | MacroEnergy | system.jl:182 | Finding node ER of commodity Electricity
2026-03-20 14:09:58 | DEBUG | 1 | MacroEnergy | system.jl:227 | Found Electricity node called ER
2026-03-20 14:09:58 | DEBUG | 1 | MacroEnergy | system.jl:194 | Finding node WR of commodity Electricity
2026-03-20 14:09:58 | DEBUG | 1 | MacroEnergy | system.jl:182 | Finding node WR of commodity Electricity
2026-03-20 14:09:58 | DEBUG | 1 | MacroEnergy | system.jl:227 | Found Electricity node called WR
2026-03-20 14:09:58 | DEBUG | 1 | MacroEnergy | system.jl:194 | Finding node SR of commodity Electricity
2026-03-20 14:09:58 | DEBUG | 1 | MacroEnergy | system.jl:182 | Finding node SR of commodity Electricity
2026-03-20 14:09:58 | DEBUG | 1 | MacroEnergy | system.jl:227 | Found Electricity node called SR
2026-03-20 14:09:58 | DEBUG | 1 | MacroEnergy | system.jl:194 | Finding node NR of commodity Electricity
2026-03-20 14:09:58 | DEBUG | 1 | MacroEnergy | system.jl:182 | Finding node NR of commodity Electricity
2026-03-20 14:09:58 | DEBUG | 1 | MacroEnergy | system.jl:227 | Found Electricity node called NR
2026-03-20 14:09:58 | DEBUG | 1 | MacroEnergy | system.jl:194 | Finding node NER of commodity Electricity
2026-03-20 14:09:58 | DEBUG | 1 | MacroEnergy | system.jl:182 | Finding node NER of commodity Electricity
2026-03-20 14:09:58 | DEBUG | 1 | MacroEnergy | system.jl:227 | Found Electricity node called NER
2026-03-20 14:09:58 | DEBUG | 1 | MacroEnergy | system.jl:194 | Finding node ER of commodity Electricity
2026-03-20 14:09:58 | DEBUG | 1 | MacroEnergy | system.jl:182 | Finding node ER of commodity Electricity
2026-03-20 14:09:58 | DEBUG | 1 | MacroEnergy | system.jl:227 | Found Electricity node called ER
2026-03-20 14:09:58 | DEBUG | 1 | MacroEnergy | system.jl:194 | Finding node WR of commodity Electricity
2026-03-20 14:09:58 | DEBUG | 1 | MacroEnergy | system.jl:182 | Finding node WR of commodity Electricity
2026-03-20 14:09:58 | DEBUG | 1 | MacroEnergy | system.jl:227 | Found Electricity node called WR
2026-03-20 14:09:58 | DEBUG | 1 | MacroEnergy | system.jl:194 | Finding node SR of commodity Electricity
2026-03-20 14:09:58 | DEBUG | 1 | MacroEnergy | system.jl:182 | Finding node SR of commodity Electricity
2026-03-20 14:09:58 | DEBUG | 1 | MacroEnergy | system.jl:227 | Found Electricity node called SR
2026-03-20 14:09:58 | DEBUG | 1 | MacroEnergy | system.jl:194 | Finding node NR of commodity Electricity
2026-03-20 14:09:58 | DEBUG | 1 | MacroEnergy | system.jl:182 | Finding node NR of commodity Electricity
2026-03-20 14:09:58 | DEBUG | 1 | MacroEnergy | system.jl:227 | Found Electricity node called NR
2026-03-20 14:09:58 | DEBUG | 1 | MacroEnergy | system.jl:194 | Finding node NER of commodity Electricity
2026-03-20 14:09:58 | DEBUG | 1 | MacroEnergy | system.jl:182 | Finding node NER of commodity Electricity
2026-03-20 14:09:58 | DEBUG | 1 | MacroEnergy | system.jl:227 | Found Electricity node called NER
2026-03-20 14:09:58 | DEBUG | 1 | MacroEnergy | system.jl:194 | Finding node ER of commodity Electricity
2026-03-20 14:09:58 | DEBUG | 1 | MacroEnergy | system.jl:182 | Finding node ER of commodity Electricity
2026-03-20 14:09:58 | DEBUG | 1 | MacroEnergy | system.jl:227 | Found Electricity node called ER
2026-03-20 14:09:58 | DEBUG | 1 | MacroEnergy | system.jl:194 | Finding node WR of commodity Electricity
2026-03-20 14:09:58 | DEBUG | 1 | MacroEnergy | system.jl:182 | Finding node WR of commodity Electricity
2026-03-20 14:09:58 | DEBUG | 1 | MacroEnergy | system.jl:227 | Found Electricity node called WR
2026-03-20 14:09:58 | DEBUG | 1 | MacroEnergy | system.jl:194 | Finding node SR of commodity Electricity
2026-03-20 14:09:58 | DEBUG | 1 | MacroEnergy | system.jl:182 | Finding node SR of commodity Electricity
2026-03-20 14:09:58 | DEBUG | 1 | MacroEnergy | system.jl:227 | Found Electricity node called SR
2026-03-20 14:09:58 | INFO | 1 | MacroEnergy | generate_system.jl:43 | Done generating system. It took 15.29 seconds
2026-03-20 14:09:59 | DEBUG | 1 | MacroEnergy | case.jl:41 | Case settings: (var"#PeriodLengths" = "2024", MyopicSettings = (StopAfterPeriod = Inf, WriteModelLP = false, Restart = (folder = "results_001", enabled = false, from_period = 1), ReturnModels = false), PeriodLengths = [1], DiscountRate = 0.045, SolutionAlgorithm = MacroEnergy.Myopic())
2026-03-20 14:09:59 | INFO | 1 | MacroEnergy | case.jl:54 |  -- Discounting fixed costs for period 1
2026-03-20 14:09:59 | INFO | 1 | MacroEnergy | case.jl:57 |  -- Computing retirement case for period 1
2026-03-20 14:10:00 | INFO | 1 | MacroEnergy | case.jl:45 | *** Done generating case. It took 17.35 seconds ***
2026-03-20 14:10:00 | INFO | 1 | MacroEnergy | solver.jl:26 | *** Running simulation with myopic iteration ***
2026-03-20 14:10:00 | DEBUG | 1 | MacroEnergy | output_utilities.jl:46 | Writing results to C:\Users\apascale\OneDrive - Princeton University\Documents\GitHub\MacroEnergy.jl\nzi_dev\electricity_fiveZ_8736_1p_nziShadow\results
2026-03-20 14:10:00 | INFO | 1 | MacroEnergy | myopic.jl:56 |  -- Generating model for period 1
2026-03-20 14:10:00 | DEBUG | 1 | MacroEnergy | optimizer.jl:21 | Setting optimizer Gurobi.Optimizer
2026-03-20 14:10:01 | DEBUG | 1 | MacroEnergy | optimizer.jl:24 | Setting optimizer attributes ("Method" => 2, "Crossover" => 1, "BarConvTol" => 0.0001)
2026-03-20 14:10:01 | INFO | 1 | MacroEnergy | myopic.jl:73 |  -- Adding linking variables
2026-03-20 14:10:02 | INFO | 1 | MacroEnergy | myopic.jl:76 |  -- Defining available capacity
2026-03-20 14:10:03 | INFO | 1 | MacroEnergy | myopic.jl:79 |  -- Generating planning model
2026-03-20 14:10:05 | INFO | 1 | MacroEnergy | myopic.jl:87 |  -- Including age-based retirements
2026-03-20 14:10:05 | INFO | 1 | MacroEnergy | myopic.jl:90 |  -- Generating operational model
2026-03-20 14:10:21 | INFO | 1 | MacroEnergy | scaling.jl:59 | Scaling constraints and RHS
2026-03-20 14:10:26 | INFO | 1 | MacroEnergy | myopic.jl:123 |  -- Writing outputs for period 1
2026-03-20 14:10:29 | INFO | 1 | MacroEnergy | write_capacity.jl:68 | Writing capacity results to C:\Users\apascale\OneDrive - Princeton University\Documents\GitHub\MacroEnergy.jl\nzi_dev\electricity_fiveZ_8736_1p_nziShadow\results\results\capacity.csv
2026-03-20 14:10:29 | DEBUG | 1 | MacroEnergy | write_capacity.jl:223 |  -- Getting optimal values for capacity for the system.
2026-03-20 14:10:32 | DEBUG | 1 | MacroEnergy | write_capacity.jl:223 |  -- Getting optimal values for new_capacity for the system.
2026-03-20 14:10:33 | DEBUG | 1 | MacroEnergy | write_capacity.jl:223 |  -- Getting optimal values for retired_capacity for the system.
2026-03-20 14:10:34 | DEBUG | 1 | MacroEnergy | write_capacity.jl:223 |  -- Getting optimal values for existing_capacity for the system.
2026-03-20 14:10:35 | DEBUG | 1 | MacroEnergy | output_utilities.jl:138 | Using output layout long
2026-03-20 14:10:36 | INFO | 1 | MacroEnergy | write_cost.jl:36 | Writing total discounted costs to C:\Users\apascale\OneDrive - Princeton University\Documents\GitHub\MacroEnergy.jl\nzi_dev\electricity_fiveZ_8736_1p_nziShadow\results\results\costs.csv
2026-03-20 14:10:36 | DEBUG | 1 | MacroEnergy | write_cost.jl:103 |  -- Getting optimal discounted costs for the system.
2026-03-20 14:10:36 | DEBUG | 1 | MacroEnergy | output_utilities.jl:138 | Using output layout long
2026-03-20 14:10:36 | INFO | 1 | MacroEnergy | write_cost.jl:79 | Writing total undiscounted costs to C:\Users\apascale\OneDrive - Princeton University\Documents\GitHub\MacroEnergy.jl\nzi_dev\electricity_fiveZ_8736_1p_nziShadow\results\results\undiscounted_costs.csv
2026-03-20 14:10:36 | DEBUG | 1 | MacroEnergy | write_cost.jl:114 |  -- Getting optimal discounted costs for the system.
2026-03-20 14:10:36 | DEBUG | 1 | MacroEnergy | output_utilities.jl:138 | Using output layout long
2026-03-20 14:10:36 | DEBUG | 1 | MacroEnergy | write_cost.jl:438 | Writing detailed cost breakdown files
2026-03-20 14:10:36 | DEBUG | 1 | MacroEnergy | output_utilities.jl:138 | Using output layout long
2026-03-20 14:10:38 | INFO | 1 | MacroEnergy | write_cost.jl:554 | Writing detailed discounted costs by type to C:\Users\apascale\OneDrive - Princeton University\Documents\GitHub\MacroEnergy.jl\nzi_dev\electricity_fiveZ_8736_1p_nziShadow\results\results\costs_by_type.csv
2026-03-20 14:10:38 | INFO | 1 | MacroEnergy | write_cost.jl:562 | Writing detailed discounted costs by zone to C:\Users\apascale\OneDrive - Princeton University\Documents\GitHub\MacroEnergy.jl\nzi_dev\electricity_fiveZ_8736_1p_nziShadow\results\results\costs_by_zone.csv
2026-03-20 14:10:38 | INFO | 1 | MacroEnergy | write_cost.jl:554 | Writing detailed undiscounted costs by type to C:\Users\apascale\OneDrive - Princeton University\Documents\GitHub\MacroEnergy.jl\nzi_dev\electricity_fiveZ_8736_1p_nziShadow\results\results\undiscounted_costs_by_type.csv
2026-03-20 14:10:38 | INFO | 1 | MacroEnergy | write_cost.jl:562 | Writing detailed undiscounted costs by zone to C:\Users\apascale\OneDrive - Princeton University\Documents\GitHub\MacroEnergy.jl\nzi_dev\electricity_fiveZ_8736_1p_nziShadow\results\results\undiscounted_costs_by_zone.csv
2026-03-20 14:10:38 | INFO | 1 | MacroEnergy | write_flow.jl:66 | Writing flow results to C:\Users\apascale\OneDrive - Princeton University\Documents\GitHub\MacroEnergy.jl\nzi_dev\electricity_fiveZ_8736_1p_nziShadow\results\results\flows.csv
2026-03-20 14:10:38 | DEBUG | 1 | MacroEnergy | write_flow.jl:159 |  -- Getting optimal flow values for the system
2026-03-20 14:10:40 | DEBUG | 1 | MacroEnergy | output_utilities.jl:138 | Using output layout long
2026-03-20 14:10:40 | INFO | 1 | MacroEnergy | write_non_served_demand.jl:44 | Writing non-served demand results to C:\Users\apascale\OneDrive - Princeton University\Documents\GitHub\MacroEnergy.jl\nzi_dev\electricity_fiveZ_8736_1p_nziShadow\results\results\non_served_demand.csv
2026-03-20 14:10:40 | DEBUG | 1 | MacroEnergy | write_non_served_demand.jl:121 |  -- Getting optimal non-served demand values for the system
2026-03-20 14:10:40 | DEBUG | 1 | MacroEnergy | output_utilities.jl:138 | Using output layout long
2026-03-20 14:10:40 | INFO | 1 | MacroEnergy | write_storage_level.jl:58 | Writing storage level results to C:\Users\apascale\OneDrive - Princeton University\Documents\GitHub\MacroEnergy.jl\nzi_dev\electricity_fiveZ_8736_1p_nziShadow\results\results\storage_level.csv
2026-03-20 14:10:40 | DEBUG | 1 | MacroEnergy | write_storage_level.jl:148 |  -- Getting optimal storage level values for the system
2026-03-20 14:10:40 | DEBUG | 1 | MacroEnergy | output_utilities.jl:138 | Using output layout long
2026-03-20 14:10:40 | INFO | 1 | MacroEnergy | write_curtailment.jl:44 | Writing curtailment results to C:\Users\apascale\OneDrive - Princeton University\Documents\GitHub\MacroEnergy.jl\nzi_dev\electricity_fiveZ_8736_1p_nziShadow\results\results\curtailment.csv
2026-03-20 14:10:40 | DEBUG | 1 | MacroEnergy | write_curtailment.jl:137 |  -- Getting optimal curtailment values for the system
2026-03-20 14:10:41 | DEBUG | 1 | MacroEnergy | output_utilities.jl:138 | Using output layout long
2026-03-20 14:10:41 | INFO | 1 | MacroEnergy | write_time_weights.jl:49 | Writing time weights to C:\Users\apascale\OneDrive - Princeton University\Documents\GitHub\MacroEnergy.jl\nzi_dev\electricity_fiveZ_8736_1p_nziShadow\results\results\time_weights.csv
2026-03-20 14:10:41 | DEBUG | 1 | MacroEnergy | solver.jl:79 | Dual values available in the model
2026-03-20 14:10:41 | INFO | 1 | MacroEnergy | write_duals.jl:38 | Writing constraint dual values to C:\Users\apascale\OneDrive - Princeton University\Documents\GitHub\MacroEnergy.jl\nzi_dev\electricity_fiveZ_8736_1p_nziShadow\results\results
2026-03-20 14:10:41 | INFO | 1 | MacroEnergy | write_duals.jl:81 | Writing balance constraint dual values to C:\Users\apascale\OneDrive - Princeton University\Documents\GitHub\MacroEnergy.jl\nzi_dev\electricity_fiveZ_8736_1p_nziShadow\results\results
2026-03-20 14:10:41 | DEBUG | 1 | MacroEnergy | write_duals.jl:120 | Wrote 288 time steps and 6 nodes for balance constraints to CSV file: C:\Users\apascale\OneDrive - Princeton University\Documents\GitHub\MacroEnergy.jl\nzi_dev\electricity_fiveZ_8736_1p_nziShadow\results\results\balance_duals.csv
2026-03-20 14:10:41 | INFO | 1 | MacroEnergy | write_duals.jl:155 | Writing CO2 cap constraint dual values to C:\Users\apascale\OneDrive - Princeton University\Documents\GitHub\MacroEnergy.jl\nzi_dev\electricity_fiveZ_8736_1p_nziShadow\results\results
2026-03-20 14:10:41 | INFO | 1 | MacroEnergy | write_duals.jl:202 | No CO2 cap constraints found to export
2026-03-20 14:10:42 | INFO | 1 | MacroEnergy | myopic.jl:136 | Writing settings file
